#
# A fatal error has been detected by the Java Runtime Environment:
#
#  EXCEPTION_ACCESS_VIOLATION (0xc0000005) at pc=0x00007fff8abc2fdb, pid=12104, tid=8952
#
# JRE version: OpenJDK Runtime Environment (20.0+36) (build 20+36-2344)
# Java VM: OpenJDK 64-Bit Server VM (20+36-2344, mixed mode, sharing, tiered, compressed oops, compressed class ptrs, g1 gc, windows-amd64)
# Problematic frame:
# V  [jvm.dll+0x5a2fdb]
#
# No core dump will be written. Minidumps are not enabled by default on client versions of Windows
#
# If you would like to submit a bug report, please visit:
#   https://bugreport.java.com/bugreport/crash.jsp
#

---------------  S U M M A R Y ------------

Command Line: -ea -javaagent:C:\Users\user\.m2\repository/org/aspectj/aspectjweaver/1.9.4/aspectjweaver-1.9.4.jar -Didea.test.cyclic.buffer.size=1048576 -javaagent:C:\Program Files\JetBrains\IntelliJ IDEA Community Edition 2021.2\lib\idea_rt.jar=51018:C:\Program Files\JetBrains\IntelliJ IDEA Community Edition 2021.2\bin -Dfile.encoding=UTF-8 -Dsun.stdout.encoding=UTF-8 -Dsun.stderr.encoding=UTF-8 com.intellij.rt.junit.JUnitStarter -ideVersion5 -junit5 tapper.tests.Debug,screenCompare

Host: AMD Ryzen 5 2600X Six-Core Processor           , 12 cores, 14G,  Windows 10 , 64 bit Build 19041 (10.0.19041.2546)
Time: Sun Apr  9 17:32:23 2023 RTZ 4 (s 10 , 64 bit Build 19041 (10.0.19041.2546) elapsed time: 1.355067 seconds (0d 0h 0m 1s)

---------------  T H R E A D  ---------------

Current thread (0x000001dcecc01970):  JavaThread "C2 CompilerThread0" daemon [_thread_in_native, id=8952, stack(0x0000002e4bd00000,0x0000002e4be00000)]


Current CompileTask:
C2:   1355 2091       4       org.aspectj.weaver.ReferenceType::getDeclaredInterfaces (397 bytes)

Stack: [0x0000002e4bd00000,0x0000002e4be00000],  sp=0x0000002e4bdfbdf0,  free space=1007k
Native frames: (J=compiled Java code, j=interpreted, Vv=VM code, C=native code)
V  [jvm.dll+0x5a2fdb]
V  [jvm.dll+0x385900]
V  [jvm.dll+0x384c6a]
V  [jvm.dll+0x24b259]
V  [jvm.dll+0x24a651]
V  [jvm.dll+0x1ce491]
V  [jvm.dll+0x259e1b]
V  [jvm.dll+0x2584f0]
V  [jvm.dll+0x3f2895]
V  [jvm.dll+0x7f4906]
V  [jvm.dll+0x6ba5cb]
C  [ucrtbase.dll+0x21bb2]
C  [KERNEL32.DLL+0x17614]
C  [ntdll.dll+0x526a1]


siginfo: EXCEPTION_ACCESS_VIOLATION (0xc0000005), reading address 0x000001df4eb50940


Registers:
RAX=0x000001dcee35cc40, RBX=0x000001dcef60c200, RCX=0x000001dcedda5128, RDX=0x000000004c0fe7a0
RSP=0x0000002e4bdfbdf0, RBP=0x0000002e4bdfbef0, RSI=0x0000000000000000, RDI=0x000001dced2f59c0
R8 =0x000001dced3bee18, R9 =0x000001dcf04a3cd0, R10=0x000001dcedda5140, R11=0x0000000000000000
R12=0x0000000000000000, R13=0x0000002e4bdfc410, R14=0x0000002e4bdfbf70, R15=0x0000000000000000
RIP=0x00007fff8abc2fdb, EFLAGS=0x0000000000010287


Register to memory mapping:

RIP=0x00007fff8abc2fdb jvm.dll
RAX=0x000001dcee35cc40 points into unknown readable memory: 0x000001dceea8fa60 | 60 fa a8 ee dc 01 00 00
RBX=0x000001dcef60c200 points into unknown readable memory: 0x00007fff8af65b90 | 90 5b f6 8a ff 7f 00 00
RCX=0x000001dcedda5128 points into unknown readable memory: 0x000001dced3bee18 | 18 ee 3b ed dc 01 00 00
RDX=0x000000004c0fe7a0 is an unknown value
RSP=0x0000002e4bdfbdf0 is pointing into the stack for thread: 0x000001dcecc01970
RBP=0x0000002e4bdfbef0 is pointing into the stack for thread: 0x000001dcecc01970
RSI=0x0 is NULL
RDI=0x000001dced2f59c0 points into unknown readable memory: 0x00007fff8af614c0 | c0 14 f6 8a ff 7f 00 00
R8 =0x000001dced3bee18 points into unknown readable memory: 0x0000000200000001 | 01 00 00 00 02 00 00 00
R9 =0x000001dcf04a3cd0 points into unknown readable memory: 0x000000007fff7fff | ff 7f ff 7f 00 00 00 00
R10=0x000001dcedda5140 points into unknown readable memory: 0x0000000000000000 | 00 00 00 00 00 00 00 00
R11=0x0 is NULL
R12=0x0 is NULL
R13=0x0000002e4bdfc410 is pointing into the stack for thread: 0x000001dcecc01970
R14=0x0000002e4bdfbf70 is pointing into the stack for thread: 0x000001dcecc01970
R15=0x0 is NULL


Top of Stack: (sp=0x0000002e4bdfbdf0)
0x0000002e4bdfbdf0:   0000002e4bdfc410 000001dcee235230
0x0000002e4bdfbe00:   000001dced2f5c00 0000002e4bdfbf70
0x0000002e4bdfbe10:   0000002e4bdfbfd8 000001dc00000004
0x0000002e4bdfbe20:   000001dcf04a3cd0 0000000000000000
0x0000002e4bdfbe30:   0000000200000002 000001dce7e70030
0x0000002e4bdfbe40:   0000000000000004 000001dcee4daa70
0x0000002e4bdfbe50:   0000002e00000000 0000000000000010
0x0000002e4bdfbe60:   000001dce7e70030 0000000000000004
0x0000002e4bdfbe70:   000001dcee4daa50 00007fff00000000
0x0000002e4bdfbe80:   000001dce7e796c8 000000000000c6d8
0x0000002e4bdfbe90:   0000000000000000 000001dcef43fc48
0x0000002e4bdfbea0:   0000000000000208 000001dce7e70030
0x0000002e4bdfbeb0:   000001dcee967c40 00000000001a8920
0x0000002e4bdfbec0:   000001dcee967c90 000001dcee96fc28
0x0000002e4bdfbed0:   000001dc00000020 000001dcef3aa158
0x0000002e4bdfbee0:   0000000000000020 000001dce7e70030
0x0000002e4bdfbef0:   000001dcf04a3cd0 000001dcee010d30
0x0000002e4bdfbf00:   000001dcee010d40 0000002e4bdfc410
0x0000002e4bdfbf10:   00000000000003d8 000001dcf04a3cd0
0x0000002e4bdfbf20:   000001dcee011118 0000000000000281
0x0000002e4bdfbf30:   0000002e4bdfc040 00007fff8a9a5900
0x0000002e4bdfbf40:   0000002e4bdfc410 0000002e4bdfc000
0x0000002e4bdfbf50:   0000002e4bdfbf70 0000002e4bdfbfd8
0x0000002e4bdfbf60:   000001dcf04a3cd0 0000000000000005
0x0000002e4bdfbf70:   000018d9000018d9 000001dced3fac90
0x0000002e4bdfbf80:   0000000000000000 000001dcee7fde07
0x0000002e4bdfbf90:   000001dcee010d30 000001dcecd61100
0x0000002e4bdfbfa0:   000001dcecd663f0 000001dcecd690e8
0x0000002e4bdfbfb0:   00000000004a1180 000001dceef0f340
0x0000002e4bdfbfc0:   000001dceef15760 000001dceef0f350
0x0000002e4bdfbfd0:   000001dce7e70030 00007fff00000100
0x0000002e4bdfbfe0:   000001dceef0ef50 00007fff00000100 

Instructions: (pc=0x00007fff8abc2fdb)
0x00007fff8abc2edb:   2c f8 eb 06 4d 8b ef 4c 8b f8 41 3b f4 72 0b 8b
0x00007fff8abc2eeb:   d6 48 8d 4b 10 e8 2b 69 0f 00 48 8b 43 20 48 8b
0x00007fff8abc2efb:   4c 24 68 44 8b 64 24 40 4c 89 2c 01 44 3b 63 18
0x00007fff8abc2f0b:   72 0c 41 8b d4 48 8d 4b 10 e8 07 69 0f 00 48 8b
0x00007fff8abc2f1b:   43 20 41 ff c4 4c 8b 6d 50 44 89 64 24 40 4a 89
0x00007fff8abc2f2b:   3c f8 80 3d 07 15 5a 00 00 74 0d 80 7d 58 00 74
0x00007fff8abc2f3b:   07 81 4f 30 00 10 00 00 48 8b 4c 24 68 ff c6 48
0x00007fff8abc2f4b:   83 c1 08 41 bf 00 00 00 00 48 89 4c 24 68 3b 74
0x00007fff8abc2f5b:   24 44 0f 82 2d fe ff ff 4c 8b 75 60 3b 73 28 73
0x00007fff8abc2f6b:   2b 0f 1f 40 00 3b 73 18 73 0c 48 8b 43 20 8b ce
0x00007fff8abc2f7b:   48 8b 14 c8 eb 03 49 8b d7 48 63 4a 28 ff c6 49
0x00007fff8abc2f8b:   8b 46 08 44 89 3c 88 3b 73 28 72 d9 41 8b f7 45
0x00007fff8abc2f9b:   85 e4 0f 84 92 00 00 00 4d 8b df 3b 73 18 73 0a
0x00007fff8abc2fab:   48 8b 43 20 49 8b 14 03 eb 03 49 8b d7 48 8b 4a
0x00007fff8abc2fbb:   10 8b 42 20 4c 8d 14 c1 49 3b ca 73 5e 44 0f b6
0x00007fff8abc2fcb:   65 58 0f 1f 00 4c 8b 01 49 8b 45 78 41 8b 50 28
0x00007fff8abc2fdb:   48 39 1c d0 75 37 48 63 c2 4c 8d 0c 85 00 00 00
0x00007fff8abc2feb:   00 49 8b 46 08 41 8b 14 01 ff ca 80 3d 3e 14 5a
0x00007fff8abc2ffb:   00 00 74 11 45 84 e4 74 0c 85 d2 79 08 41 81 48
0x00007fff8abc300b:   30 00 10 00 00 49 8b 46 08 41 89 14 01 48 83 c1
0x00007fff8abc301b:   08 49 3b ca 72 af 44 8b 64 24 40 ff c6 49 83 c3
0x00007fff8abc302b:   08 41 3b f4 0f 82 71 ff ff ff 65 48 8b 04 25 58
0x00007fff8abc303b:   00 00 00 8b 0d 84 0e 65 00 48 8b 3c c8 b8 68 00
0x00007fff8abc304b:   00 00 48 03 c7 48 89 44 24 68 80 38 00 75 05 e8
0x00007fff8abc305b:   f1 29 30 00 b8 28 00 00 00 48 03 c7 48 89 45 90
0x00007fff8abc306b:   48 8b 00 4c 8b 88 50 02 00 00 4c 89 4c 24 70 c7
0x00007fff8abc307b:   44 24 78 04 00 00 00 49 8b 49 18 49 8b 41 20 48
0x00007fff8abc308b:   2b c1 48 83 f8 20 72 0a 48 8d 41 20 49 89 41 18
0x00007fff8abc309b:   eb 12 45 33 c0 49 8b c9 41 8d 50 20 e8 44 fd b1
0x00007fff8abc30ab:   ff 48 8b c8 44 8b 44 24 78 33 d2 49 c1 e0 03 48
0x00007fff8abc30bb:   89 4d 80 e8 9f 3c 30 00 b8 68 00 00 00 44 89 7d
0x00007fff8abc30cb:   88 80 3c 38 00 75 05 e8 79 29 30 00 b8 28 00 00 


Stack slot to memory mapping:
stack at sp + 0 slots: 0x0000002e4bdfc410 is pointing into the stack for thread: 0x000001dcecc01970
stack at sp + 1 slots: 0x000001dcee235230 points into unknown readable memory: 0x00007fff8af65b90 | 90 5b f6 8a ff 7f 00 00
stack at sp + 2 slots: 0x000001dced2f5c00 points into unknown readable memory: 0x000001dced2f5c38 | 38 5c 2f ed dc 01 00 00
stack at sp + 3 slots: 0x0000002e4bdfbf70 is pointing into the stack for thread: 0x000001dcecc01970
stack at sp + 4 slots: 0x0000002e4bdfbfd8 is pointing into the stack for thread: 0x000001dcecc01970
stack at sp + 5 slots: 0x000001dc00000004 is an unknown value
stack at sp + 6 slots: 0x000001dcf04a3cd0 points into unknown readable memory: 0x000000007fff7fff | ff 7f ff 7f 00 00 00 00
stack at sp + 7 slots: 0x0 is NULL


---------------  P R O C E S S  ---------------

Threads class SMR info:
_java_thread_list=0x000001dcee8865f0, length=14, elements={
0x000001dcc9351710, 0x000001dce7e6f2a0, 0x000001dce7e70eb0, 0x000001dce7e746d0,
0x000001dce7e75290, 0x000001dce7e76370, 0x000001dce7e7b8c0, 0x000001dcecc01970,
0x000001dcecc06d10, 0x000001dcece10490, 0x000001dcecc07830, 0x000001dcece0ff40,
0x000001dcece10f30, 0x000001dcecc06780
}

Java Threads: ( => current thread )
  0x000001dcc9351710 JavaThread "main" [_thread_in_vm, id=14748, stack(0x0000002e4b000000,0x0000002e4b100000)]
  0x000001dce7e6f2a0 JavaThread "Reference Handler" daemon [_thread_blocked, id=16084, stack(0x0000002e4b700000,0x0000002e4b800000)]
  0x000001dce7e70eb0 JavaThread "Finalizer" daemon [_thread_blocked, id=2376, stack(0x0000002e4b800000,0x0000002e4b900000)]
  0x000001dce7e746d0 JavaThread "Signal Dispatcher" daemon [_thread_blocked, id=3372, stack(0x0000002e4b900000,0x0000002e4ba00000)]
  0x000001dce7e75290 JavaThread "Attach Listener" daemon [_thread_blocked, id=4636, stack(0x0000002e4ba00000,0x0000002e4bb00000)]
  0x000001dce7e76370 JavaThread "Service Thread" daemon [_thread_blocked, id=15788, stack(0x0000002e4bb00000,0x0000002e4bc00000)]
  0x000001dce7e7b8c0 JavaThread "Monitor Deflation Thread" daemon [_thread_blocked, id=248, stack(0x0000002e4bc00000,0x0000002e4bd00000)]
=>0x000001dcecc01970 JavaThread "C2 CompilerThread0" daemon [_thread_in_native, id=8952, stack(0x0000002e4bd00000,0x0000002e4be00000)]
  0x000001dcecc06d10 JavaThread "C1 CompilerThread0" daemon [_thread_in_native, id=15800, stack(0x0000002e4be00000,0x0000002e4bf00000)]
  0x000001dcece10490 JavaThread "Common-Cleaner" daemon [_thread_blocked, id=8936, stack(0x0000002e4bf00000,0x0000002e4c000000)]
  0x000001dcecc07830 JavaThread "C2 CompilerThread1" daemon [_thread_in_native, id=9664, stack(0x0000002e4c000000,0x0000002e4c100000)]
  0x000001dcece0ff40 JavaThread "Monitor Ctrl-Break" daemon [_thread_in_native, id=15988, stack(0x0000002e4c500000,0x0000002e4c600000)]
  0x000001dcece10f30 JavaThread "Notification Thread" daemon [_thread_blocked, id=12776, stack(0x0000002e4c600000,0x0000002e4c700000)]
  0x000001dcecc06780 JavaThread "C2 CompilerThread2" daemon [_thread_in_native, id=12068, stack(0x0000002e4c800000,0x0000002e4c900000)]

Other Threads:
  0x000001dce7e528c0 VMThread "VM Thread" [stack: 0x0000002e4b600000,0x0000002e4b700000] [id=9696]
  0x000001dcee136490 WatcherThread "VM Periodic Task Thread" [stack: 0x0000002e4c700000,0x0000002e4c800000] [id=13632]
  0x000001dcc93bbee0 WorkerThread "GC Thread#0" [stack: 0x0000002e4b100000,0x0000002e4b200000] [id=2508]
  0x000001dcedbb9b30 WorkerThread "GC Thread#1" [stack: 0x0000002e4c100000,0x0000002e4c200000] [id=10448]
  0x000001dcedb936e0 WorkerThread "GC Thread#2" [stack: 0x0000002e4c200000,0x0000002e4c300000] [id=15176]
  0x000001dcedb92060 WorkerThread "GC Thread#3" [stack: 0x0000002e4c300000,0x0000002e4c400000] [id=8300]
  0x000001dcedb92330 WorkerThread "GC Thread#4" [stack: 0x0000002e4c400000,0x0000002e4c500000] [id=3820]
  0x000001dcedb928d0 WorkerThread "GC Thread#5" [stack: 0x0000002e4c900000,0x0000002e4ca00000] [id=6084]
  0x000001dcedb92e70 WorkerThread "GC Thread#6" [stack: 0x0000002e4ca00000,0x0000002e4cb00000] [id=13872]
  0x000001dcedb93140 WorkerThread "GC Thread#7" [stack: 0x0000002e4cb00000,0x0000002e4cc00000] [id=2204]
  0x000001dcee709640 WorkerThread "GC Thread#8" [stack: 0x0000002e4cc00000,0x0000002e4cd00000] [id=16060]
  0x000001dcee709910 WorkerThread "GC Thread#9" [stack: 0x0000002e4cd00000,0x0000002e4ce00000] [id=15556]
  0x000001dcc72bdd20 ConcurrentGCThread "G1 Main Marker" [stack: 0x0000002e4b200000,0x0000002e4b300000] [id=1544]
  0x000001dcc93e6580 WorkerThread "G1 Conc#0" [stack: 0x0000002e4b300000,0x0000002e4b400000] [id=4548]
  0x000001dce7d12d30 ConcurrentGCThread "G1 Refine#0" [stack: 0x0000002e4b400000,0x0000002e4b500000] [id=13744]
  0x000001dce7d13480 ConcurrentGCThread "G1 Service" [stack: 0x0000002e4b500000,0x0000002e4b600000] [id=12800]

Threads with active compile tasks:
C2 CompilerThread0     1373 2091       4       org.aspectj.weaver.ReferenceType::getDeclaredInterfaces (397 bytes)
C1 CompilerThread0     1373 2167       3       org.aspectj.weaver.bcel.BcelWeaver::processReweavableStateIfPresent (377 bytes)
C2 CompilerThread1     1373 2096   !   4       org.aspectj.weaver.ReferenceType::getSuperclass (170 bytes)
C2 CompilerThread2     1373 2116       4       org.aspectj.apache.bcel.classfile.Attribute::readAttribute (568 bytes)

VM state: not at safepoint (normal execution)

VM Mutex/Monitor currently owned by a thread:  ([mutex/lock_event])
[0x000001dcc934ae60] MethodCompileQueue_lock - owner thread: 0x000001dcecc06d10
[0x000001dcc934be20] CodeCache_lock - owner thread: 0x000001dcecc06d10

Heap address: 0x0000000711000000, size: 3824 MB, Compressed Oops mode: Zero based, Oop shift amount: 3

CDS archive(s) mapped at: [0x0000000800000000-0x0000000800c60000-0x0000000800c60000), size 12976128, SharedBaseAddress: 0x0000000800000000, ArchiveRelocationMode: 0.
Compressed class space mapped at: 0x0000000801000000-0x0000000841000000, reserved size: 1073741824
Narrow klass base: 0x0000000800000000, Narrow klass shift: 0, Narrow klass range: 0x100000000

GC Precious Log:
 CardTable entry size: 512
 Card Set container configuration: InlinePtr #cards 4 size 8 Array Of Cards #cards 16 size 48 Howl #buckets 8 coarsen threshold 3686 Howl Bitmap #cards 512 size 80 coarsen threshold 460 Card regions per heap region 1 cards per card region 4096
 CPUs: 12 total, 12 available
 Memory: 15295M
 Large Page Support: Disabled
 NUMA Support: Disabled
 Compressed Oops: Enabled (Zero based)
 Heap Region Size: 2M
 Heap Min Capacity: 8M
 Heap Initial Capacity: 240M
 Heap Max Capacity: 3824M
 Pre-touch: Disabled
 Parallel Workers: 10
 Concurrent Workers: 3
 Concurrent Refinement Workers: 10
 Periodic GC: Disabled

Heap:
 garbage-first heap   total 245760K, used 45947K [0x0000000711000000, 0x0000000800000000)
  region size 2048K, 18 young (36864K), 4 survivors (8192K)
 Metaspace       used 13544K, committed 13696K, reserved 1114112K
  class space    used 1155K, committed 1216K, reserved 1048576K

Heap Regions: E=young(eden), S=young(survivor), O=old, HS=humongous(starts), HC=humongous(continues), CS=collection set, F=free, OA=open archive, CA=closed archive, TAMS=top-at-mark-start, PB=parsable bottom
|   0|0x0000000711000000, 0x0000000711200000, 0x0000000711200000|100%| O|  |TAMS 0x0000000711000000| PB 0x0000000711000000| Untracked 
|   1|0x0000000711200000, 0x0000000711400000, 0x0000000711400000|100%| O|  |TAMS 0x0000000711200000| PB 0x0000000711200000| Untracked 
|   2|0x0000000711400000, 0x0000000711600000, 0x0000000711600000|100%| O|  |TAMS 0x0000000711400000| PB 0x0000000711400000| Untracked 
|   3|0x0000000711600000, 0x0000000711800000, 0x0000000711800000|100%| O|  |TAMS 0x0000000711600000| PB 0x0000000711600000| Untracked 
|   4|0x0000000711800000, 0x0000000711a00000, 0x0000000711a00000|100%| O|  |TAMS 0x0000000711800000| PB 0x0000000711800000| Untracked 
|   5|0x0000000711a00000, 0x0000000711c00000, 0x0000000711c00000|100%| O|  |TAMS 0x0000000711a00000| PB 0x0000000711a00000| Untracked 
|   6|0x0000000711c00000, 0x0000000711cdec00, 0x0000000711e00000| 43%| O|  |TAMS 0x0000000711c00000| PB 0x0000000711c00000| Untracked 
|   7|0x0000000711e00000, 0x0000000711e00000, 0x0000000712000000|  0%| F|  |TAMS 0x0000000711e00000| PB 0x0000000711e00000| Untracked 
|   8|0x0000000712000000, 0x0000000712000000, 0x0000000712200000|  0%| F|  |TAMS 0x0000000712000000| PB 0x0000000712000000| Untracked 
|   9|0x0000000712200000, 0x0000000712200000, 0x0000000712400000|  0%| F|  |TAMS 0x0000000712200000| PB 0x0000000712200000| Untracked 
|  10|0x0000000712400000, 0x0000000712400000, 0x0000000712600000|  0%| F|  |TAMS 0x0000000712400000| PB 0x0000000712400000| Untracked 
|  11|0x0000000712600000, 0x0000000712600000, 0x0000000712800000|  0%| F|  |TAMS 0x0000000712600000| PB 0x0000000712600000| Untracked 
|  12|0x0000000712800000, 0x0000000712800000, 0x0000000712a00000|  0%| F|  |TAMS 0x0000000712800000| PB 0x0000000712800000| Untracked 
|  13|0x0000000712a00000, 0x0000000712a00000, 0x0000000712c00000|  0%| F|  |TAMS 0x0000000712a00000| PB 0x0000000712a00000| Untracked 
|  14|0x0000000712c00000, 0x0000000712c00000, 0x0000000712e00000|  0%| F|  |TAMS 0x0000000712c00000| PB 0x0000000712c00000| Untracked 
|  15|0x0000000712e00000, 0x0000000712e00000, 0x0000000713000000|  0%| F|  |TAMS 0x0000000712e00000| PB 0x0000000712e00000| Untracked 
|  16|0x0000000713000000, 0x0000000713000000, 0x0000000713200000|  0%| F|  |TAMS 0x0000000713000000| PB 0x0000000713000000| Untracked 
|  17|0x0000000713200000, 0x0000000713200000, 0x0000000713400000|  0%| F|  |TAMS 0x0000000713200000| PB 0x0000000713200000| Untracked 
|  18|0x0000000713400000, 0x0000000713400000, 0x0000000713600000|  0%| F|  |TAMS 0x0000000713400000| PB 0x0000000713400000| Untracked 
|  19|0x0000000713600000, 0x0000000713600000, 0x0000000713800000|  0%| F|  |TAMS 0x0000000713600000| PB 0x0000000713600000| Untracked 
|  20|0x0000000713800000, 0x0000000713800000, 0x0000000713a00000|  0%| F|  |TAMS 0x0000000713800000| PB 0x0000000713800000| Untracked 
|  21|0x0000000713a00000, 0x0000000713a00000, 0x0000000713c00000|  0%| F|  |TAMS 0x0000000713a00000| PB 0x0000000713a00000| Untracked 
|  22|0x0000000713c00000, 0x0000000713c00000, 0x0000000713e00000|  0%| F|  |TAMS 0x0000000713c00000| PB 0x0000000713c00000| Untracked 
|  23|0x0000000713e00000, 0x0000000713e00000, 0x0000000714000000|  0%| F|  |TAMS 0x0000000713e00000| PB 0x0000000713e00000| Untracked 
|  24|0x0000000714000000, 0x0000000714000000, 0x0000000714200000|  0%| F|  |TAMS 0x0000000714000000| PB 0x0000000714000000| Untracked 
|  25|0x0000000714200000, 0x0000000714200000, 0x0000000714400000|  0%| F|  |TAMS 0x0000000714200000| PB 0x0000000714200000| Untracked 
|  26|0x0000000714400000, 0x0000000714400000, 0x0000000714600000|  0%| F|  |TAMS 0x0000000714400000| PB 0x0000000714400000| Untracked 
|  27|0x0000000714600000, 0x0000000714600000, 0x0000000714800000|  0%| F|  |TAMS 0x0000000714600000| PB 0x0000000714600000| Untracked 
|  28|0x0000000714800000, 0x0000000714800000, 0x0000000714a00000|  0%| F|  |TAMS 0x0000000714800000| PB 0x0000000714800000| Untracked 
|  29|0x0000000714a00000, 0x0000000714a00000, 0x0000000714c00000|  0%| F|  |TAMS 0x0000000714a00000| PB 0x0000000714a00000| Untracked 
|  30|0x0000000714c00000, 0x0000000714c00000, 0x0000000714e00000|  0%| F|  |TAMS 0x0000000714c00000| PB 0x0000000714c00000| Untracked 
|  31|0x0000000714e00000, 0x0000000714e00000, 0x0000000715000000|  0%| F|  |TAMS 0x0000000714e00000| PB 0x0000000714e00000| Untracked 
|  32|0x0000000715000000, 0x0000000715000000, 0x0000000715200000|  0%| F|  |TAMS 0x0000000715000000| PB 0x0000000715000000| Untracked 
|  33|0x0000000715200000, 0x0000000715200000, 0x0000000715400000|  0%| F|  |TAMS 0x0000000715200000| PB 0x0000000715200000| Untracked 
|  34|0x0000000715400000, 0x0000000715400000, 0x0000000715600000|  0%| F|  |TAMS 0x0000000715400000| PB 0x0000000715400000| Untracked 
|  35|0x0000000715600000, 0x0000000715600000, 0x0000000715800000|  0%| F|  |TAMS 0x0000000715600000| PB 0x0000000715600000| Untracked 
|  36|0x0000000715800000, 0x0000000715800000, 0x0000000715a00000|  0%| F|  |TAMS 0x0000000715800000| PB 0x0000000715800000| Untracked 
|  37|0x0000000715a00000, 0x0000000715a00000, 0x0000000715c00000|  0%| F|  |TAMS 0x0000000715a00000| PB 0x0000000715a00000| Untracked 
|  38|0x0000000715c00000, 0x0000000715c00000, 0x0000000715e00000|  0%| F|  |TAMS 0x0000000715c00000| PB 0x0000000715c00000| Untracked 
|  39|0x0000000715e00000, 0x0000000715e00000, 0x0000000716000000|  0%| F|  |TAMS 0x0000000715e00000| PB 0x0000000715e00000| Untracked 
|  40|0x0000000716000000, 0x0000000716000000, 0x0000000716200000|  0%| F|  |TAMS 0x0000000716000000| PB 0x0000000716000000| Untracked 
|  41|0x0000000716200000, 0x0000000716200000, 0x0000000716400000|  0%| F|  |TAMS 0x0000000716200000| PB 0x0000000716200000| Untracked 
|  42|0x0000000716400000, 0x0000000716400000, 0x0000000716600000|  0%| F|  |TAMS 0x0000000716400000| PB 0x0000000716400000| Untracked 
|  43|0x0000000716600000, 0x0000000716600000, 0x0000000716800000|  0%| F|  |TAMS 0x0000000716600000| PB 0x0000000716600000| Untracked 
|  44|0x0000000716800000, 0x0000000716800000, 0x0000000716a00000|  0%| F|  |TAMS 0x0000000716800000| PB 0x0000000716800000| Untracked 
|  45|0x0000000716a00000, 0x0000000716a00000, 0x0000000716c00000|  0%| F|  |TAMS 0x0000000716a00000| PB 0x0000000716a00000| Untracked 
|  46|0x0000000716c00000, 0x0000000716c00000, 0x0000000716e00000|  0%| F|  |TAMS 0x0000000716c00000| PB 0x0000000716c00000| Untracked 
|  47|0x0000000716e00000, 0x0000000716e00000, 0x0000000717000000|  0%| F|  |TAMS 0x0000000716e00000| PB 0x0000000716e00000| Untracked 
|  48|0x0000000717000000, 0x0000000717000000, 0x0000000717200000|  0%| F|  |TAMS 0x0000000717000000| PB 0x0000000717000000| Untracked 
|  49|0x0000000717200000, 0x0000000717200000, 0x0000000717400000|  0%| F|  |TAMS 0x0000000717200000| PB 0x0000000717200000| Untracked 
|  50|0x0000000717400000, 0x0000000717400000, 0x0000000717600000|  0%| F|  |TAMS 0x0000000717400000| PB 0x0000000717400000| Untracked 
|  51|0x0000000717600000, 0x0000000717600000, 0x0000000717800000|  0%| F|  |TAMS 0x0000000717600000| PB 0x0000000717600000| Untracked 
|  52|0x0000000717800000, 0x0000000717800000, 0x0000000717a00000|  0%| F|  |TAMS 0x0000000717800000| PB 0x0000000717800000| Untracked 
|  53|0x0000000717a00000, 0x0000000717a00000, 0x0000000717c00000|  0%| F|  |TAMS 0x0000000717a00000| PB 0x0000000717a00000| Untracked 
|  54|0x0000000717c00000, 0x0000000717c00000, 0x0000000717e00000|  0%| F|  |TAMS 0x0000000717c00000| PB 0x0000000717c00000| Untracked 
|  55|0x0000000717e00000, 0x0000000717e00000, 0x0000000718000000|  0%| F|  |TAMS 0x0000000717e00000| PB 0x0000000717e00000| Untracked 
|  56|0x0000000718000000, 0x0000000718000000, 0x0000000718200000|  0%| F|  |TAMS 0x0000000718000000| PB 0x0000000718000000| Untracked 
|  57|0x0000000718200000, 0x0000000718200000, 0x0000000718400000|  0%| F|  |TAMS 0x0000000718200000| PB 0x0000000718200000| Untracked 
|  58|0x0000000718400000, 0x0000000718400000, 0x0000000718600000|  0%| F|  |TAMS 0x0000000718400000| PB 0x0000000718400000| Untracked 
|  59|0x0000000718600000, 0x0000000718600000, 0x0000000718800000|  0%| F|  |TAMS 0x0000000718600000| PB 0x0000000718600000| Untracked 
|  60|0x0000000718800000, 0x0000000718800000, 0x0000000718a00000|  0%| F|  |TAMS 0x0000000718800000| PB 0x0000000718800000| Untracked 
|  61|0x0000000718a00000, 0x0000000718a00000, 0x0000000718c00000|  0%| F|  |TAMS 0x0000000718a00000| PB 0x0000000718a00000| Untracked 
|  62|0x0000000718c00000, 0x0000000718c00000, 0x0000000718e00000|  0%| F|  |TAMS 0x0000000718c00000| PB 0x0000000718c00000| Untracked 
|  63|0x0000000718e00000, 0x0000000718e00000, 0x0000000719000000|  0%| F|  |TAMS 0x0000000718e00000| PB 0x0000000718e00000| Untracked 
|  64|0x0000000719000000, 0x0000000719000000, 0x0000000719200000|  0%| F|  |TAMS 0x0000000719000000| PB 0x0000000719000000| Untracked 
|  65|0x0000000719200000, 0x0000000719200000, 0x0000000719400000|  0%| F|  |TAMS 0x0000000719200000| PB 0x0000000719200000| Untracked 
|  66|0x0000000719400000, 0x0000000719400000, 0x0000000719600000|  0%| F|  |TAMS 0x0000000719400000| PB 0x0000000719400000| Untracked 
|  67|0x0000000719600000, 0x0000000719600000, 0x0000000719800000|  0%| F|  |TAMS 0x0000000719600000| PB 0x0000000719600000| Untracked 
|  68|0x0000000719800000, 0x0000000719800000, 0x0000000719a00000|  0%| F|  |TAMS 0x0000000719800000| PB 0x0000000719800000| Untracked 
|  69|0x0000000719a00000, 0x0000000719a00000, 0x0000000719c00000|  0%| F|  |TAMS 0x0000000719a00000| PB 0x0000000719a00000| Untracked 
|  70|0x0000000719c00000, 0x0000000719c00000, 0x0000000719e00000|  0%| F|  |TAMS 0x0000000719c00000| PB 0x0000000719c00000| Untracked 
|  71|0x0000000719e00000, 0x0000000719e00000, 0x000000071a000000|  0%| F|  |TAMS 0x0000000719e00000| PB 0x0000000719e00000| Untracked 
|  72|0x000000071a000000, 0x000000071a000000, 0x000000071a200000|  0%| F|  |TAMS 0x000000071a000000| PB 0x000000071a000000| Untracked 
|  73|0x000000071a200000, 0x000000071a200000, 0x000000071a400000|  0%| F|  |TAMS 0x000000071a200000| PB 0x000000071a200000| Untracked 
|  74|0x000000071a400000, 0x000000071a400000, 0x000000071a600000|  0%| F|  |TAMS 0x000000071a400000| PB 0x000000071a400000| Untracked 
|  75|0x000000071a600000, 0x000000071a600000, 0x000000071a800000|  0%| F|  |TAMS 0x000000071a600000| PB 0x000000071a600000| Untracked 
|  76|0x000000071a800000, 0x000000071a800000, 0x000000071aa00000|  0%| F|  |TAMS 0x000000071a800000| PB 0x000000071a800000| Untracked 
|  77|0x000000071aa00000, 0x000000071aa00000, 0x000000071ac00000|  0%| F|  |TAMS 0x000000071aa00000| PB 0x000000071aa00000| Untracked 
|  78|0x000000071ac00000, 0x000000071ac00000, 0x000000071ae00000|  0%| F|  |TAMS 0x000000071ac00000| PB 0x000000071ac00000| Untracked 
|  79|0x000000071ae00000, 0x000000071ae00000, 0x000000071b000000|  0%| F|  |TAMS 0x000000071ae00000| PB 0x000000071ae00000| Untracked 
|  80|0x000000071b000000, 0x000000071b000000, 0x000000071b200000|  0%| F|  |TAMS 0x000000071b000000| PB 0x000000071b000000| Untracked 
|  81|0x000000071b200000, 0x000000071b200000, 0x000000071b400000|  0%| F|  |TAMS 0x000000071b200000| PB 0x000000071b200000| Untracked 
|  82|0x000000071b400000, 0x000000071b400000, 0x000000071b600000|  0%| F|  |TAMS 0x000000071b400000| PB 0x000000071b400000| Untracked 
|  83|0x000000071b600000, 0x000000071b600000, 0x000000071b800000|  0%| F|  |TAMS 0x000000071b600000| PB 0x000000071b600000| Untracked 
|  84|0x000000071b800000, 0x000000071b800000, 0x000000071ba00000|  0%| F|  |TAMS 0x000000071b800000| PB 0x000000071b800000| Untracked 
|  85|0x000000071ba00000, 0x000000071ba00000, 0x000000071bc00000|  0%| F|  |TAMS 0x000000071ba00000| PB 0x000000071ba00000| Untracked 
|  86|0x000000071bc00000, 0x000000071be00000, 0x000000071be00000|100%| S|CS|TAMS 0x000000071bc00000| PB 0x000000071bc00000| Complete 
|  87|0x000000071be00000, 0x000000071c000000, 0x000000071c000000|100%| S|CS|TAMS 0x000000071be00000| PB 0x000000071be00000| Complete 
|  88|0x000000071c000000, 0x000000071c200000, 0x000000071c200000|100%| S|CS|TAMS 0x000000071c000000| PB 0x000000071c000000| Complete 
|  89|0x000000071c200000, 0x000000071c400000, 0x000000071c400000|100%| S|CS|TAMS 0x000000071c200000| PB 0x000000071c200000| Complete 
|  90|0x000000071c400000, 0x000000071c400000, 0x000000071c600000|  0%| F|  |TAMS 0x000000071c400000| PB 0x000000071c400000| Untracked 
|  91|0x000000071c600000, 0x000000071c600000, 0x000000071c800000|  0%| F|  |TAMS 0x000000071c600000| PB 0x000000071c600000| Untracked 
|  92|0x000000071c800000, 0x000000071c800000, 0x000000071ca00000|  0%| F|  |TAMS 0x000000071c800000| PB 0x000000071c800000| Untracked 
|  93|0x000000071ca00000, 0x000000071ca00000, 0x000000071cc00000|  0%| F|  |TAMS 0x000000071ca00000| PB 0x000000071ca00000| Untracked 
|  94|0x000000071cc00000, 0x000000071cc00000, 0x000000071ce00000|  0%| F|  |TAMS 0x000000071cc00000| PB 0x000000071cc00000| Untracked 
|  95|0x000000071ce00000, 0x000000071ce00000, 0x000000071d000000|  0%| F|  |TAMS 0x000000071ce00000| PB 0x000000071ce00000| Untracked 
|  96|0x000000071d000000, 0x000000071d000000, 0x000000071d200000|  0%| F|  |TAMS 0x000000071d000000| PB 0x000000071d000000| Untracked 
|  97|0x000000071d200000, 0x000000071d200000, 0x000000071d400000|  0%| F|  |TAMS 0x000000071d200000| PB 0x000000071d200000| Untracked 
|  98|0x000000071d400000, 0x000000071d400000, 0x000000071d600000|  0%| F|  |TAMS 0x000000071d400000| PB 0x000000071d400000| Untracked 
|  99|0x000000071d600000, 0x000000071d600000, 0x000000071d800000|  0%| F|  |TAMS 0x000000071d600000| PB 0x000000071d600000| Untracked 
| 100|0x000000071d800000, 0x000000071d800000, 0x000000071da00000|  0%| F|  |TAMS 0x000000071d800000| PB 0x000000071d800000| Untracked 
| 101|0x000000071da00000, 0x000000071da00000, 0x000000071dc00000|  0%| F|  |TAMS 0x000000071da00000| PB 0x000000071da00000| Untracked 
| 102|0x000000071dc00000, 0x000000071dc00000, 0x000000071de00000|  0%| F|  |TAMS 0x000000071dc00000| PB 0x000000071dc00000| Untracked 
| 103|0x000000071de00000, 0x000000071de00000, 0x000000071e000000|  0%| F|  |TAMS 0x000000071de00000| PB 0x000000071de00000| Untracked 
| 104|0x000000071e000000, 0x000000071e000000, 0x000000071e200000|  0%| F|  |TAMS 0x000000071e000000| PB 0x000000071e000000| Untracked 
| 105|0x000000071e200000, 0x000000071e200000, 0x000000071e400000|  0%| F|  |TAMS 0x000000071e200000| PB 0x000000071e200000| Untracked 
| 106|0x000000071e400000, 0x000000071e4fd9d0, 0x000000071e600000| 49%| E|  |TAMS 0x000000071e400000| PB 0x000000071e400000| Complete 
| 107|0x000000071e600000, 0x000000071e800000, 0x000000071e800000|100%| E|CS|TAMS 0x000000071e600000| PB 0x000000071e600000| Complete 
| 108|0x000000071e800000, 0x000000071ea00000, 0x000000071ea00000|100%| E|CS|TAMS 0x000000071e800000| PB 0x000000071e800000| Complete 
| 109|0x000000071ea00000, 0x000000071ec00000, 0x000000071ec00000|100%| E|CS|TAMS 0x000000071ea00000| PB 0x000000071ea00000| Complete 
| 110|0x000000071ec00000, 0x000000071ee00000, 0x000000071ee00000|100%| E|CS|TAMS 0x000000071ec00000| PB 0x000000071ec00000| Complete 
| 111|0x000000071ee00000, 0x000000071f000000, 0x000000071f000000|100%| E|  |TAMS 0x000000071ee00000| PB 0x000000071ee00000| Complete 
| 112|0x000000071f000000, 0x000000071f200000, 0x000000071f200000|100%| E|CS|TAMS 0x000000071f000000| PB 0x000000071f000000| Complete 
| 113|0x000000071f200000, 0x000000071f400000, 0x000000071f400000|100%| E|CS|TAMS 0x000000071f200000| PB 0x000000071f200000| Complete 
| 114|0x000000071f400000, 0x000000071f600000, 0x000000071f600000|100%| E|CS|TAMS 0x000000071f400000| PB 0x000000071f400000| Complete 
| 115|0x000000071f600000, 0x000000071f800000, 0x000000071f800000|100%| E|CS|TAMS 0x000000071f600000| PB 0x000000071f600000| Complete 
| 116|0x000000071f800000, 0x000000071fa00000, 0x000000071fa00000|100%| E|CS|TAMS 0x000000071f800000| PB 0x000000071f800000| Complete 
| 117|0x000000071fa00000, 0x000000071fc00000, 0x000000071fc00000|100%| E|CS|TAMS 0x000000071fa00000| PB 0x000000071fa00000| Complete 
| 118|0x000000071fc00000, 0x000000071fe00000, 0x000000071fe00000|100%| E|CS|TAMS 0x000000071fc00000| PB 0x000000071fc00000| Complete 
| 119|0x000000071fe00000, 0x0000000720000000, 0x0000000720000000|100%| E|CS|TAMS 0x000000071fe00000| PB 0x000000071fe00000| Complete 

Card table byte_map: [0x000001dce10b0000,0x000001dce1830000] _byte_map_base: 0x000001dcdd828000

Marking Bits: (CMBitMap*) 0x000001dcc93bc510
 Bits: [0x000001dce1fb0000, 0x000001dce5b70000)

Polling page: 0x000001dcc71a0000

Metaspace:

Usage:
  Non-class:     12.13 MB used.
      Class:      1.13 MB used.
       Both:     13.26 MB used.

Virtual space:
  Non-class space:       64.00 MB reserved,      12.19 MB ( 19%) committed,  1 nodes.
      Class space:        1.00 GB reserved,       1.19 MB ( <1%) committed,  1 nodes.
             Both:        1.06 GB reserved,      13.38 MB (  1%) committed. 

Chunk freelists:
   Non-Class:  3.27 MB
       Class:  2.75 MB
        Both:  6.02 MB

MaxMetaspaceSize: unlimited
CompressedClassSpaceSize: 1.00 GB
Initial GC threshold: 21.00 MB
Current GC threshold: 21.00 MB
CDS: on
MetaspaceReclaimPolicy: balanced
 - commit_granule_bytes: 65536.
 - commit_granule_words: 8192.
 - virtual_space_node_default_size: 8388608.
 - enlarge_chunks_in_place: 1.
 - new_chunks_are_fully_committed: 0.
 - uncommit_free_chunks: 1.
 - use_allocation_guard: 0.


Internal statistics:

num_allocs_failed_limit: 0.
num_arena_births: 78.
num_arena_deaths: 0.
num_vsnodes_births: 2.
num_vsnodes_deaths: 0.
num_space_committed: 214.
num_space_uncommitted: 0.
num_chunks_returned_to_freelist: 0.
num_chunks_taken_from_freelist: 390.
num_chunk_merges: 0.
num_chunk_splits: 307.
num_chunks_enlarged: 258.
num_inconsistent_stats: 0.

CodeHeap 'non-profiled nmethods': size=120000Kb used=1347Kb max_used=1347Kb free=118652Kb
 bounds [0x000001dcd8eb0000, 0x000001dcd9120000, 0x000001dce03e0000]
CodeHeap 'profiled nmethods': size=120000Kb used=5117Kb max_used=5117Kb free=114882Kb
 bounds [0x000001dcd13e0000, 0x000001dcd18e0000, 0x000001dcd8910000]
CodeHeap 'non-nmethods': size=5760Kb used=1461Kb max_used=1506Kb free=4298Kb
 bounds [0x000001dcd8910000, 0x000001dcd8b80000, 0x000001dcd8eb0000]
 total_blobs=2651 nmethods=2159 adapters=402
 compilation: enabled
              stopped_count=0, restarted_count=0
 full_count=0

Compilation events (20 events):
Event: 1.333 Thread 0x000001dcecc06d10 nmethod 2146 0x000001dcd18bc690 code [0x000001dcd18bc840, 0x000001dcd18bcd18]
Event: 1.333 Thread 0x000001dcecc06d10 2144       3       org.aspectj.weaver.ResolvedType::getMemberParameterizationMap (202 bytes)
Event: 1.334 Thread 0x000001dcecc06d10 nmethod 2144 0x000001dcd18bcf10 code [0x000001dcd18bd2e0, 0x000001dcd18bebb8]
Event: 1.335 Thread 0x000001dcecc06d10 2147       3       org.aspectj.weaver.ReferenceType::<init> (98 bytes)
Event: 1.336 Thread 0x000001dcecc06d10 nmethod 2147 0x000001dcd18bf490 code [0x000001dcd18bf700, 0x000001dcd18c0690]
Event: 1.336 Thread 0x000001dcecc06d10 2148       3       org.aspectj.weaver.TypeVariable::resolve (295 bytes)
Event: 1.337 Thread 0x000001dcecc06d10 nmethod 2148 0x000001dcd18c0a90 code [0x000001dcd18c0d60, 0x000001dcd18c20f8]
Event: 1.337 Thread 0x000001dcecc06d10 2149       3       org.aspectj.weaver.ReferenceType::makeParameterizedSignature (99 bytes)
Event: 1.337 Thread 0x000001dcecc06d10 nmethod 2149 0x000001dcd18c2690 code [0x000001dcd18c2920, 0x000001dcd18c33d0]
Event: 1.338 Thread 0x000001dcecc06d10 2150       3       org.aspectj.util.GenericSignatureParser::parseTypeArgument (63 bytes)
Event: 1.338 Thread 0x000001dcecc06d10 nmethod 2150 0x000001dcd18c3910 code [0x000001dcd18c3b00, 0x000001dcd18c40a8]
Event: 1.340 Thread 0x000001dcecc06d10 2151       3       org.aspectj.weaver.bcel.BcelGenericSignatureToTypeXConverter::fixUpCircularDependencies (94 bytes)
Event: 1.340 Thread 0x000001dcecc06d10 nmethod 2151 0x000001dcd18c4290 code [0x000001dcd18c44a0, 0x000001dcd18c4f18]
Event: 1.341 Thread 0x000001dcecc06d10 2152       3       org.aspectj.weaver.TypeFactory::createTypeParams (331 bytes)
Event: 1.344 Thread 0x000001dcecc06d10 nmethod 2152 0x000001dcd18c5190 code [0x000001dcd18c5700, 0x000001dcd18c8990]
Event: 1.344 Thread 0x000001dcecc06d10 2153       3       org.aspectj.weaver.ArrayReferenceType::isTypeVariableReference (16 bytes)
Event: 1.344 Thread 0x000001dcecc06d10 nmethod 2153 0x000001dcd18c9d10 code [0x000001dcd18c9ea0, 0x000001dcd18ca018]
Event: 1.346 Thread 0x000001dcecc06d10 2154       3       org.aspectj.util.GenericSignature$ClassSignature::<init> (19 bytes)
Event: 1.346 Thread 0x000001dcecc06d10 nmethod 2154 0x000001dcd18ca090 code [0x000001dcd18ca220, 0x000001dcd18ca478]
Event: 1.351 Thread 0x000001dcecc06d10 2155       3       org.aspectj.weaver.ReferenceType::<init> (144 bytes)

GC Heap History (6 events):
Event: 0.482 GC heap before
{Heap before GC invocations=0 (full 0):
 garbage-first heap   total 245760K, used 20480K [0x0000000711000000, 0x0000000800000000)
  region size 2048K, 11 young (22528K), 0 survivors (0K)
 Metaspace       used 3789K, committed 3968K, reserved 1114112K
  class space    used 353K, committed 448K, reserved 1048576K
}
Event: 0.486 GC heap after
{Heap after GC invocations=1 (full 0):
 garbage-first heap   total 245760K, used 8868K [0x0000000711000000, 0x0000000800000000)
  region size 2048K, 2 young (4096K), 2 survivors (4096K)
 Metaspace       used 3789K, committed 3968K, reserved 1114112K
  class space    used 353K, committed 448K, reserved 1048576K
}
Event: 0.744 GC heap before
{Heap before GC invocations=1 (full 0):
 garbage-first heap   total 245760K, used 29348K [0x0000000711000000, 0x0000000800000000)
  region size 2048K, 12 young (24576K), 2 survivors (4096K)
 Metaspace       used 7948K, committed 8192K, reserved 1114112K
  class space    used 704K, committed 832K, reserved 1048576K
}
Event: 0.747 GC heap after
{Heap after GC invocations=2 (full 0):
 garbage-first heap   total 245760K, used 12054K [0x0000000711000000, 0x0000000800000000)
  region size 2048K, 2 young (4096K), 2 survivors (4096K)
 Metaspace       used 7948K, committed 8192K, reserved 1114112K
  class space    used 704K, committed 832K, reserved 1048576K
}
Event: 1.197 GC heap before
{Heap before GC invocations=2 (full 0):
 garbage-first heap   total 245760K, used 69398K [0x0000000711000000, 0x0000000800000000)
  region size 2048K, 30 young (61440K), 2 survivors (4096K)
 Metaspace       used 12282K, committed 12480K, reserved 1114112K
  class space    used 1011K, committed 1088K, reserved 1048576K
}
Event: 1.204 GC heap after
{Heap after GC invocations=3 (full 0):
 garbage-first heap   total 245760K, used 21371K [0x0000000711000000, 0x0000000800000000)
  region size 2048K, 4 young (8192K), 4 survivors (8192K)
 Metaspace       used 12282K, committed 12480K, reserved 1114112K
  class space    used 1011K, committed 1088K, reserved 1048576K
}

Dll operation events (10 events):
Event: 0.007 Loaded shared library C:\Users\user\.jdks\openjdk-20\bin\java.dll
Event: 0.016 Loaded shared library C:\Users\user\.jdks\openjdk-20\bin\jsvml.dll
Event: 0.198 Loaded shared library C:\Users\user\.jdks\openjdk-20\bin\zip.dll
Event: 0.200 Loaded shared library C:\Users\user\.jdks\openjdk-20\bin\instrument.dll
Event: 0.204 Loaded shared library C:\Users\user\.jdks\openjdk-20\bin\net.dll
Event: 0.205 Loaded shared library C:\Users\user\.jdks\openjdk-20\bin\nio.dll
Event: 0.210 Loaded shared library C:\Users\user\.jdks\openjdk-20\bin\zip.dll
Event: 0.297 Loaded shared library C:\Users\user\.jdks\openjdk-20\bin\jimage.dll
Event: 0.589 Loaded shared library C:\Program Files\JetBrains\IntelliJ IDEA Community Edition 2021.2\bin\breakgen64.dll
Event: 0.601 Loaded shared library C:\Users\user\.jdks\openjdk-20\bin\extnet.dll

Deoptimization events (20 events):
Event: 1.259 Thread 0x000001dcc9351710 DEOPT PACKING pc=0x000001dcd8fc379c sp=0x0000002e4b0f7c10
Event: 1.259 Thread 0x000001dcc9351710 DEOPT UNPACKING pc=0x000001dcd897a4c2 sp=0x0000002e4b0f7058 mode 0
Event: 1.259 Thread 0x000001dcc9351710 Uncommon trap: trap_request=0xffffff45 fr.pc=0x000001dcd8fa82bc relative=0x0000000000001c5c
Event: 1.259 Thread 0x000001dcc9351710 Uncommon trap: reason=unstable_if action=reinterpret pc=0x000001dcd8fa82bc method=org.aspectj.weaver.TypeFactory.createTypeFromSignature(Ljava/lang/String;)Lorg/aspectj/weaver/UnresolvedType; @ 330 c2
Event: 1.259 Thread 0x000001dcc9351710 DEOPT PACKING pc=0x000001dcd8fa82bc sp=0x0000002e4b0f77f0
Event: 1.259 Thread 0x000001dcc9351710 DEOPT UNPACKING pc=0x000001dcd8979d22 sp=0x0000002e4b0f7788 mode 2
Event: 1.259 Thread 0x000001dcc9351710 Uncommon trap: trap_request=0xffffffc6 fr.pc=0x000001dcd8fa8b68 relative=0x0000000000002508
Event: 1.259 Thread 0x000001dcc9351710 Uncommon trap: reason=bimorphic_or_optimized_type_check action=maybe_recompile pc=0x000001dcd8fa8b68 method=org.aspectj.weaver.TypeFactory.createTypeFromSignature(Ljava/lang/String;)Lorg/aspectj/weaver/UnresolvedType; @ 281 c2
Event: 1.259 Thread 0x000001dcc9351710 DEOPT PACKING pc=0x000001dcd8fa8b68 sp=0x0000002e4b0f7950
Event: 1.259 Thread 0x000001dcc9351710 DEOPT UNPACKING pc=0x000001dcd8979d22 sp=0x0000002e4b0f78e8 mode 2
Event: 1.275 Thread 0x000001dcc9351710 Uncommon trap: trap_request=0x00000092 fr.pc=0x000001dcd8f94ecc relative=0x0000000000006eac
Event: 1.275 Thread 0x000001dcc9351710 Uncommon trap: reason=unloaded action=reinterpret pc=0x000001dcd8f94ecc method=org.aspectj.apache.bcel.classfile.Attribute.readAttribute(Ljava/io/DataInputStream;Lorg/aspectj/apache/bcel/classfile/ConstantPool;)Lorg/aspectj/apache/bcel/classfile/Attribute
Event: 1.275 Thread 0x000001dcc9351710 DEOPT PACKING pc=0x000001dcd8f94ecc sp=0x0000002e4b0f7010
Event: 1.275 Thread 0x000001dcc9351710 DEOPT UNPACKING pc=0x000001dcd8979d22 sp=0x0000002e4b0f7010 mode 2
Event: 1.292 Thread 0x000001dcc9351710 DEOPT PACKING pc=0x000001dcd17151ad sp=0x0000002e4b0f7520
Event: 1.292 Thread 0x000001dcc9351710 DEOPT UNPACKING pc=0x000001dcd897a4c2 sp=0x0000002e4b0f6a18 mode 0
Event: 1.307 Thread 0x000001dcc9351710 Uncommon trap: trap_request=0xffffff45 fr.pc=0x000001dcd8f624f0 relative=0x0000000000001370
Event: 1.307 Thread 0x000001dcc9351710 Uncommon trap: reason=unstable_if action=reinterpret pc=0x000001dcd8f624f0 method=jdk.internal.jimage.ImageLocation.verifyName(Ljava/lang/String;Ljava/lang/String;IIIIIILjdk/internal/jimage/ImageStrings;)Z @ 2 c2
Event: 1.307 Thread 0x000001dcc9351710 DEOPT PACKING pc=0x000001dcd8f624f0 sp=0x0000002e4b0f6940
Event: 1.307 Thread 0x000001dcc9351710 DEOPT UNPACKING pc=0x000001dcd8979d22 sp=0x0000002e4b0f6818 mode 2

Classes loaded (20 events):
Event: 1.130 Loading class java/time/chrono/ChronoLocalDate done
Event: 1.130 Loading class java/time/LocalDate done
Event: 1.130 Loading class java/time/temporal/ChronoField
Event: 1.131 Loading class java/time/temporal/ChronoField done
Event: 1.131 Loading class java/time/temporal/ChronoUnit
Event: 1.131 Loading class java/time/temporal/ChronoUnit done
Event: 1.131 Loading class java/time/Duration
Event: 1.131 Loading class java/time/Duration done
Event: 1.132 Loading class java/time/LocalTime
Event: 1.133 Loading class java/time/LocalTime done
Event: 1.133 Loading class java/time/chrono/AbstractChronology
Event: 1.133 Loading class java/time/chrono/AbstractChronology done
Event: 1.133 Loading class java/time/chrono/IsoChronology
Event: 1.134 Loading class java/time/chrono/IsoChronology done
Event: 1.134 Loading class sun/util/cldr/CLDRBaseLocaleDataMetaInfo$TZCanonicalIDMapHolder
Event: 1.135 Loading class sun/util/cldr/CLDRBaseLocaleDataMetaInfo$TZCanonicalIDMapHolder done
Event: 1.136 Loading class sun/util/resources/TimeZoneNames
Event: 1.137 Loading class sun/util/resources/TimeZoneNames done
Event: 1.137 Loading class sun/util/resources/TimeZoneNames_en
Event: 1.137 Loading class sun/util/resources/TimeZoneNames_en done

Classes unloaded (0 events):
No events

Classes redefined (0 events):
No events

Internal exceptions (20 events):
Event: 0.539 Thread 0x000001dcc9351710 Exception <a 'java/lang/ArrayIndexOutOfBoundsException'{0x000000071fdf4228}: Index 7 out of bounds for length 7> (0x000000071fdf4228) 
thrown [s\open\src\hotspot\share\interpreter\interpreterRuntime.cpp, line 439]
Event: 0.540 Thread 0x000001dcc9351710 Exception <a 'java/lang/ArrayIndexOutOfBoundsException'{0x000000071fdf7838}: Index 7 out of bounds for length 7> (0x000000071fdf7838) 
thrown [s\open\src\hotspot\share\interpreter\interpreterRuntime.cpp, line 439]
Event: 0.540 Thread 0x000001dcc9351710 Exception <a 'java/lang/ArrayIndexOutOfBoundsException'{0x000000071fdf7e10}: Index 7 out of bounds for length 7> (0x000000071fdf7e10) 
thrown [s\open\src\hotspot\share\interpreter\interpreterRuntime.cpp, line 439]
Event: 0.540 Thread 0x000001dcc9351710 Exception <a 'java/lang/ArrayIndexOutOfBoundsException'{0x000000071fdf83e8}: Index 7 out of bounds for length 7> (0x000000071fdf83e8) 
thrown [s\open\src\hotspot\share\interpreter\interpreterRuntime.cpp, line 439]
Event: 0.543 Thread 0x000001dcc9351710 Exception <a 'java/lang/ArrayIndexOutOfBoundsException'{0x000000071fa276d0}: Index 11 out of bounds for length 11> (0x000000071fa276d0) 
thrown [s\open\src\hotspot\share\interpreter\interpreterRuntime.cpp, line 439]
Event: 0.543 Thread 0x000001dcc9351710 Exception <a 'java/lang/ArrayIndexOutOfBoundsException'{0x000000071fa27ca8}: Index 11 out of bounds for length 11> (0x000000071fa27ca8) 
thrown [s\open\src\hotspot\share\interpreter\interpreterRuntime.cpp, line 439]
Event: 0.543 Thread 0x000001dcc9351710 Exception <a 'java/lang/ArrayIndexOutOfBoundsException'{0x000000071fa28280}: Index 11 out of bounds for length 11> (0x000000071fa28280) 
thrown [s\open\src\hotspot\share\interpreter\interpreterRuntime.cpp, line 439]
Event: 0.543 Thread 0x000001dcc9351710 Exception <a 'java/lang/ArrayIndexOutOfBoundsException'{0x000000071fa29728}: Index 9 out of bounds for length 9> (0x000000071fa29728) 
thrown [s\open\src\hotspot\share\interpreter\interpreterRuntime.cpp, line 439]
Event: 0.543 Thread 0x000001dcc9351710 Exception <a 'java/lang/ArrayIndexOutOfBoundsException'{0x000000071fa29d00}: Index 9 out of bounds for length 9> (0x000000071fa29d00) 
thrown [s\open\src\hotspot\share\interpreter\interpreterRuntime.cpp, line 439]
Event: 0.543 Thread 0x000001dcc9351710 Exception <a 'java/lang/ArrayIndexOutOfBoundsException'{0x000000071fa2a2d8}: Index 9 out of bounds for length 9> (0x000000071fa2a2d8) 
thrown [s\open\src\hotspot\share\interpreter\interpreterRuntime.cpp, line 439]
Event: 0.544 Thread 0x000001dcc9351710 Exception <a 'java/lang/ArrayIndexOutOfBoundsException'{0x000000071fa2f590}: Index 7 out of bounds for length 7> (0x000000071fa2f590) 
thrown [s\open\src\hotspot\share\interpreter\interpreterRuntime.cpp, line 439]
Event: 0.544 Thread 0x000001dcc9351710 Exception <a 'java/lang/ArrayIndexOutOfBoundsException'{0x000000071fa2fb68}: Index 7 out of bounds for length 7> (0x000000071fa2fb68) 
thrown [s\open\src\hotspot\share\interpreter\interpreterRuntime.cpp, line 439]
Event: 0.544 Thread 0x000001dcc9351710 Exception <a 'java/lang/ArrayIndexOutOfBoundsException'{0x000000071fa30140}: Index 7 out of bounds for length 7> (0x000000071fa30140) 
thrown [s\open\src\hotspot\share\interpreter\interpreterRuntime.cpp, line 439]
Event: 0.601 Thread 0x000001dcece0ff40 Exception <a 'java/lang/NoSuchMethodError'{0x000000071f6d2c38}: 'void java.lang.invoke.DirectMethodHandle$Holder.invokeStatic(java.lang.Object, java.lang.Object)'> (0x000000071f6d2c38) 
thrown [s\open\src\hotspot\share\interpreter\linkResolver.cpp, line 773]
Event: 0.628 Thread 0x000001dcc9351710 Exception <a 'java/lang/NoSuchMethodError'{0x000000071f505408}: 'java.lang.Object java.lang.invoke.DirectMethodHandle$Holder.invokeStaticInit(java.lang.Object, int)'> (0x000000071f505408) 
thrown [s\open\src\hotspot\share\interpreter\linkResolver.cpp, line 773]
Event: 0.644 Thread 0x000001dcc9351710 Exception <a 'java/lang/NoSuchMethodError'{0x000000071f215380}: 'long java.lang.invoke.DirectMethodHandle$Holder.invokeSpecial(java.lang.Object, java.lang.Object)'> (0x000000071f215380) 
thrown [s\open\src\hotspot\share\interpreter\linkResolver.cpp, line 773]
Event: 0.644 Thread 0x000001dcc9351710 Exception <a 'java/lang/NoSuchMethodError'{0x000000071f2189f8}: 'long java.lang.invoke.Invokers$Holder.invokeExact_MT(java.lang.Object, java.lang.Object)'> (0x000000071f2189f8) 
thrown [s\open\src\hotspot\share\interpreter\linkResolver.cpp, line 773]
Event: 0.649 Thread 0x000001dcc9351710 Exception <a 'java/lang/NoSuchMethodError'{0x000000071f24d140}: 'java.lang.Object java.lang.invoke.DirectMethodHandle$Holder.invokeInterface(java.lang.Object, java.lang.Object)'> (0x000000071f24d140) 
thrown [s\open\src\hotspot\share\interpreter\linkResolver.cpp, line 773]
Event: 1.139 Thread 0x000001dce7e75290 Exception <a 'java/lang/NoSuchMethodError'{0x000000071cd82bb8}: 'java.lang.Object java.lang.invoke.Invokers$Holder.invokeExact_MT(java.lang.Object, java.lang.Object, java.lang.Object, java.lang.Object, java.lang.Object, java.lang.Object)'> (0x000000071cd82bb8) 
thrown [s\open\src\hotspot\share\interpreter\linkResolver.cpp, line 773]
Event: 1.205 Thread 0x000001dcc9351710 Implicit null exception at 0x000001dcd8f74cb9 to 0x000001dcd8f766e4

VM Operations (20 events):
Event: 0.641 Executing VM operation: HandshakeAllThreads
Event: 0.641 Executing VM operation: HandshakeAllThreads done
Event: 0.653 Executing VM operation: HandshakeAllThreads
Event: 0.653 Executing VM operation: HandshakeAllThreads done
Event: 0.724 Executing VM operation: HandshakeAllThreads
Event: 0.724 Executing VM operation: HandshakeAllThreads done
Event: 0.744 Executing VM operation: G1CollectForAllocation
Event: 0.747 Executing VM operation: G1CollectForAllocation done
Event: 1.012 Executing VM operation: ICBufferFull
Event: 1.012 Executing VM operation: ICBufferFull done
Event: 1.040 Executing VM operation: HandshakeAllThreads
Event: 1.040 Executing VM operation: HandshakeAllThreads done
Event: 1.196 Executing VM operation: G1CollectForAllocation
Event: 1.204 Executing VM operation: G1CollectForAllocation done
Event: 1.258 Executing VM operation: HandshakeAllThreads
Event: 1.258 Executing VM operation: HandshakeAllThreads done
Event: 1.258 Executing VM operation: HandshakeAllThreads
Event: 1.258 Executing VM operation: HandshakeAllThreads done
Event: 1.278 Executing VM operation: HandshakeAllThreads
Event: 1.278 Executing VM operation: HandshakeAllThreads done

Events (14 events):
Event: 0.016 Thread 0x000001dcc9351710 Thread added: 0x000001dcc9351710
Event: 0.028 Thread 0x000001dce7e6f2a0 Thread added: 0x000001dce7e6f2a0
Event: 0.028 Thread 0x000001dce7e70eb0 Thread added: 0x000001dce7e70eb0
Event: 0.028 Thread 0x000001dce7e746d0 Thread added: 0x000001dce7e746d0
Event: 0.028 Thread 0x000001dce7e75290 Thread added: 0x000001dce7e75290
Event: 0.028 Thread 0x000001dce7e76370 Thread added: 0x000001dce7e76370
Event: 0.028 Thread 0x000001dce7e7b8c0 Thread added: 0x000001dce7e7b8c0
Event: 0.028 Thread 0x000001dcecc01970 Thread added: 0x000001dcecc01970
Event: 0.029 Thread 0x000001dcecc06d10 Thread added: 0x000001dcecc06d10
Event: 0.183 Thread 0x000001dcece10490 Thread added: 0x000001dcece10490
Event: 0.225 Thread 0x000001dcecc07830 Thread added: 0x000001dcecc07830
Event: 0.589 Thread 0x000001dcece0ff40 Thread added: 0x000001dcece0ff40
Event: 0.590 Thread 0x000001dcece10f30 Thread added: 0x000001dcece10f30
Event: 0.681 Thread 0x000001dcecc06780 Thread added: 0x000001dcecc06780


Dynamic libraries:
0x00007ff63a2b0000 - 0x00007ff63a2be000 	C:\Users\user\.jdks\openjdk-20\bin\java.exe
0x00007fffe1150000 - 0x00007fffe1348000 	C:\Windows\SYSTEM32\ntdll.dll
0x00007fffdf200000 - 0x00007fffdf2bf000 	C:\Windows\System32\KERNEL32.DLL
0x00007fffded50000 - 0x00007fffdf022000 	C:\Windows\System32\KERNELBASE.dll
0x00007fffde920000 - 0x00007fffdea20000 	C:\Windows\System32\ucrtbase.dll
0x00007fffce7e0000 - 0x00007fffce7f7000 	C:\Users\user\.jdks\openjdk-20\bin\jli.dll
0x00007fffd1df0000 - 0x00007fffd1e0b000 	C:\Users\user\.jdks\openjdk-20\bin\VCRUNTIME140.dll
0x00007fffdf440000 - 0x00007fffdf5e1000 	C:\Windows\System32\USER32.dll
0x00007fffde8f0000 - 0x00007fffde912000 	C:\Windows\System32\win32u.dll
0x00007fffddc50000 - 0x00007fffddeea000 	C:\Windows\WinSxS\amd64_microsoft.windows.common-controls_6595b64144ccf1df_6.0.19041.1110_none_60b5254171f9507e\COMCTL32.dll
0x00007fffdf810000 - 0x00007fffdf83b000 	C:\Windows\System32\GDI32.dll
0x00007fffdf2d0000 - 0x00007fffdf36e000 	C:\Windows\System32\msvcrt.dll
0x00007fffdea50000 - 0x00007fffdeb5f000 	C:\Windows\System32\gdi32full.dll
0x00007fffde850000 - 0x00007fffde8ed000 	C:\Windows\System32\msvcp_win.dll
0x00007fffe0200000 - 0x00007fffe0230000 	C:\Windows\System32\IMM32.DLL
0x00007fffd5030000 - 0x00007fffd503c000 	C:\Users\user\.jdks\openjdk-20\bin\vcruntime140_1.dll
0x00007fffbd610000 - 0x00007fffbd69e000 	C:\Users\user\.jdks\openjdk-20\bin\msvcp140.dll
0x00007fff8a620000 - 0x00007fff8b2b7000 	C:\Users\user\.jdks\openjdk-20\bin\server\jvm.dll
0x00007fffdf370000 - 0x00007fffdf41e000 	C:\Windows\System32\ADVAPI32.dll
0x00007fffdfe20000 - 0x00007fffdfebc000 	C:\Windows\System32\sechost.dll
0x00007fffe00d0000 - 0x00007fffe01f4000 	C:\Windows\System32\RPCRT4.dll
0x00007fffdc9a0000 - 0x00007fffdc9c7000 	C:\Windows\SYSTEM32\WINMM.dll
0x00007fffad840000 - 0x00007fffad849000 	C:\Windows\SYSTEM32\WSOCK32.dll
0x00007fffdb530000 - 0x00007fffdb53a000 	C:\Windows\SYSTEM32\VERSION.dll
0x00007fffdfc80000 - 0x00007fffdfceb000 	C:\Windows\System32\WS2_32.dll
0x00007fffdb8c0000 - 0x00007fffdb8d2000 	C:\Windows\SYSTEM32\kernel.appcore.dll
0x00007fffd42b0000 - 0x00007fffd42ba000 	C:\Users\user\.jdks\openjdk-20\bin\jimage.dll
0x00007fffde200000 - 0x00007fffde3e4000 	C:\Windows\SYSTEM32\DBGHELP.DLL
0x00007fffde1c0000 - 0x00007fffde1f5000 	C:\Windows\SYSTEM32\dbgcore.DLL
0x00007fffdecc0000 - 0x00007fffded42000 	C:\Windows\System32\bcryptPrimitives.dll
0x00007fffd7fe0000 - 0x00007fffd7fee000 	C:\Users\user\.jdks\openjdk-20\bin\instrument.dll
0x00007fffc5000000 - 0x00007fffc5026000 	C:\Users\user\.jdks\openjdk-20\bin\java.dll
0x00007fff8bf90000 - 0x00007fff8c067000 	C:\Users\user\.jdks\openjdk-20\bin\jsvml.dll
0x00007fffe08b0000 - 0x00007fffe0ff5000 	C:\Windows\System32\SHELL32.dll
0x00007fffdc9d0000 - 0x00007fffdd162000 	C:\Windows\SYSTEM32\windows.storage.dll
0x00007fffdf920000 - 0x00007fffdfc75000 	C:\Windows\System32\combase.dll
0x00007fffddad0000 - 0x00007fffddb00000 	C:\Windows\SYSTEM32\Wldp.dll
0x00007fffdf5f0000 - 0x00007fffdf69d000 	C:\Windows\System32\SHCORE.dll
0x00007fffdf750000 - 0x00007fffdf7a5000 	C:\Windows\System32\shlwapi.dll
0x00007fffde790000 - 0x00007fffde7af000 	C:\Windows\SYSTEM32\profapi.dll
0x00007fffbdad0000 - 0x00007fffbdae8000 	C:\Users\user\.jdks\openjdk-20\bin\zip.dll
0x00007fffbf370000 - 0x00007fffbf383000 	C:\Users\user\.jdks\openjdk-20\bin\net.dll
0x00007fffd6c90000 - 0x00007fffd6d9a000 	C:\Windows\SYSTEM32\WINHTTP.dll
0x00007fffdd8b0000 - 0x00007fffdd91a000 	C:\Windows\system32\mswsock.dll
0x00007fffbdaf0000 - 0x00007fffbdb06000 	C:\Users\user\.jdks\openjdk-20\bin\nio.dll
0x00007fffbc4a0000 - 0x00007fffbc4ba000 	C:\Program Files\JetBrains\IntelliJ IDEA Community Edition 2021.2\bin\breakgen64.dll
0x00007fffd2300000 - 0x00007fffd2307000 	C:\Users\user\.jdks\openjdk-20\bin\extnet.dll

dbghelp: loaded successfully - version: 4.0.5 - missing functions: none
symbol engine: initialized successfully - sym options: 0x614 - pdb path: .;C:\Users\user\.jdks\openjdk-20\bin;C:\Windows\SYSTEM32;C:\Windows\WinSxS\amd64_microsoft.windows.common-controls_6595b64144ccf1df_6.0.19041.1110_none_60b5254171f9507e;C:\Users\user\.jdks\openjdk-20\bin\server;C:\Program Files\JetBrains\IntelliJ IDEA Community Edition 2021.2\bin

VM Arguments:
jvm_args: -ea -javaagent:C:\Users\user\.m2\repository/org/aspectj/aspectjweaver/1.9.4/aspectjweaver-1.9.4.jar -Didea.test.cyclic.buffer.size=1048576 -javaagent:C:\Program Files\JetBrains\IntelliJ IDEA Community Edition 2021.2\lib\idea_rt.jar=51018:C:\Program Files\JetBrains\IntelliJ IDEA Community Edition 2021.2\bin -Dfile.encoding=UTF-8 -Dsun.stdout.encoding=UTF-8 -Dsun.stderr.encoding=UTF-8 
java_command: com.intellij.rt.junit.JUnitStarter -ideVersion5 -junit5 tapper.tests.Debug,screenCompare
java_class_path (initial): C:\Program Files\JetBrains\IntelliJ IDEA Community Edition 2021.2\lib\idea_rt.jar;C:\Program Files\JetBrains\IntelliJ IDEA Community Edition 2021.2\plugins\junit\lib\junit5-rt.jar;C:\Program Files\JetBrains\IntelliJ IDEA Community Edition 2021.2\plugins\junit\lib\junit-rt.jar;C:\tapper.cloud\target\test-classes;C:\tapper.cloud\target\classes;C:\Users\user\.m2\repository\org\seleniumhq\selenium\selenium-java\4.8.1\selenium-java-4.8.1.jar;C:\Users\user\.m2\repository\org\seleniumhq\selenium\selenium-chrome-driver\4.8.1\selenium-chrome-driver-4.8.1.jar;C:\Users\user\.m2\repository\org\seleniumhq\selenium\selenium-chromium-driver\4.8.1\selenium-chromium-driver-4.8.1.jar;C:\Users\user\.m2\repository\org\seleniumhq\selenium\selenium-devtools-v108\4.8.1\selenium-devtools-v108-4.8.1.jar;C:\Users\user\.m2\repository\org\seleniumhq\selenium\selenium-devtools-v109\4.8.1\selenium-devtools-v109-4.8.1.jar;C:\Users\user\.m2\repository\org\seleniumhq\selenium\selenium-devtools-v110\4.8.1\selenium-devtools-v110-4.8.1.jar;C:\Users\user\.m2\repository\org\seleniumhq\selenium\selenium-devtools-v85\4.8.1\selenium-devtools-v85-4.8.1.jar;C:\Users\user\.m2\repository\org\seleniumhq\selenium\selenium-edge-driver\4.8.1\selenium-edge-driver-4.8.1.jar;C:\Users\user\.m2\repository\org\seleniumhq\selenium\selenium-firefox-driver\4.8.1\selenium-firefox-driver-4.8.1.jar;C:\Users\user\.m2\repository\org\seleniumhq\selenium\selenium-http\4.8.1\selenium-http-4.8.1.jar;C:\Users\user\.m2\repository\dev\failsafe\failsafe\3.3.0\failsafe-3.3.0.jar;C:\Users\user\.m2\repository\org\seleniumhq\selenium\selenium-ie-driver\4.8.1\selenium-ie-driver-4.8.1.jar;C:\Users\user\.m2\repository\org\seleniumhq\selenium\selenium-remote-driver\4.8.1\selenium-remote-driver-4.8.1.jar;C:\Users\user\.m2\repository\io\netty\netty-buffer\4.1.87.Final\netty-buffer-4.1.87.Final.jar;C:\Users\user\.m2\repository\io\netty\netty-codec-http\4.1.87.Final\netty-codec-http-4.1.87.Final.jar;C:\Users\user\.m2\repository\io\netty\netty-common\4.1.87.Final\netty-common-4.1.87.Final.jar;C:\Users\user\.m2\repository\io\netty\netty-transport-classes-epoll\4.1.87.Final\netty-transport-classes-epoll-4.1.87.Final.jar;C:\Users\user\.m2\repository\io\netty\netty-transport-classes-kqueue\4.1.87.Final\netty-transport-classes-kqueue-4.1.87.Final.jar;C:\Users\user\.m2\repository\io\netty\netty-transport-native-epoll\4.1.87.Final\netty-transport-native-epoll-4.1.87.Final.jar;C:\Users\user\.m2\repository\io\netty\netty-transport-native-kqueue\4.1.87.Final\netty-transport-native-kqueue-4.1.87.Final.jar;C:\Users\user\.m2\repository\io\netty\netty-transport-native-unix-common\4.1.87.Final\netty-transport-native-unix-common-4.1.87.Final.jar;C:\Users\user\.m2\repository\io\netty\netty-transport\4.1.87.Final\netty-transport-4.1.87.Final.jar;C:\Users\user\.m2\repository\io\opentelemetry\opentelemetry-api\1.22.0\opentelemetry-api-1.22.0.jar;C:\Users\user\.m2\repository\io\opentelemetry\opentelemetry-context\1.22.0\opentelemetry-context-1.22.0.jar;C:\Users\user\.m2\repository\io\opentelemetry\opentelemetry-exporter-logging\1.22.0\opentelemetry-exporter-logging-1.22.0.jar;C:\Users\user\.m2\repository\io\opentelemetry\opentelemetry-sdk-metrics\1.22.0\opentelemetry-sdk-metrics-1.22.0.jar;C:\Users\user\.m2\repository\io\opentelemetry\opentelemetry-sdk-logs\1.22.0-alpha\opentelemetry-sdk-logs-1.22.0-alpha.jar;C:\Users\user\.m2\repository\io\opentelemetry\opentelemetry-api-logs\1.22.0-alpha\opentelemetry-api-logs-1.22.0-alpha.jar;C:\Users\user\.m2\repository\io\opentelemetry\opentelemetry-sdk-common\1.22.0\opentelemetry-sdk-common-1.22.0.jar;C:\Users\user\.m2\repository\io\opentelemetry\opentelemetry-sdk-extension-autoconfigure-spi\1.22.0\opentelemetry-sdk-extension-autoconfigure-spi-1.22.0.jar;C:\Users\user\.m2\repository\io\opentelemetry\opentelemetry-sdk-extension-autoconfigure\1.22.0-alpha\opentelemetry-sdk-extension-autoconfigure-1.22.0-alpha.jar;C:\Users\user\.m2\repository\io\opentelemetry\opentelemetry-sdk-trace\1.22.0\opentelemetry-sdk-trace-1.22.0.jar;C:\Users\user\.m2\repository\io\opentelemetry\opentelemetry-sdk\1.22.0\opentelemetry-sdk-1.22.0.jar;C:\Users\user\.m2\repository\io\opentelemetry\opentelemetry-semconv\1.22.0-alpha\opentelemetry-semconv-1.22.0-alpha.jar;C:\Users\user\.m2\repository\io\ous\jtoml\2.0.0\jtoml-2.0.0.jar;C:\Users\user\.m2\repository\org\asynchttpclient\async-http-client\2.12.3\async-http-client-2.12.3.jar;C:\Users\user\.m2\repository\org\asynchttpclient\async-http-client-netty-utils\2.12.3\async-http-client-netty-utils-2.12.3.jar;C:\Users\user\.m2\repository\org\reactivestreams\reactive-streams\1.0.3\reactive-streams-1.0.3.jar;C:\Users\user\.m2\repository\com\typesafe\netty\netty-reactive-streams\2.0.4\netty-reactive-streams-2.0.4.jar;C:\Users\user\.m2\repository\com\sun\activation\jakarta.activation\1.2.2\jakarta.activation-1.2.2.jar;C:\Users\user\.m2\repository\org\seleniumhq\selenium\selenium-manager\4.8.1\selenium-manager-4.8.1.jar;C:\Users\user\.m2\repository\org\seleniumhq\selenium\selenium-safari-driver\4.8.1\selenium-safari-driver-4.8.1.jar;C:\Users\user\.m2\repository\org\seleniumhq\selenium\selenium-api\4.8.1\selenium-api-4.8.1.jar;C:\Users\user\.m2\repository\org\seleniumhq\selenium\selenium-support\4.8.1\selenium-support-4.8.1.jar;C:\Users\user\.m2\repository\com\google\auto\service\auto-service-annotations\1.0.1\auto-service-annotations-1.0.1.jar;C:\Users\user\.m2\repository\com\google\auto\service\auto-service\1.0.1\auto-service-1.0.1.jar;C:\Users\user\.m2\repository\com\google\auto\auto-common\1.2\auto-common-1.2.jar;C:\Users\user\.m2\repository\com\google\guava\guava\31.1-jre\guava-31.1-jre.jar;C:\Users\user\.m2\repository\com\google\guava\failureaccess\1.0.1\failureaccess-1.0.1.jar;C:\Users\user\.m2\repository\com\google\guava\listenablefuture\9999.0-empty-to-avoid-conflict-with-guava\listenablefuture-9999.0-empty-to-avoid-conflict-with-guava.jar;C:\Users\user\.m2\repository\com\google\code\findbugs\jsr305\3.0.2\jsr305-3.0.2.jar;C:\Users\user\.m2\repository\org\checkerframework\checker-qual\3.12.0\checker-qual-3.12.0.jar;C:\Users\user\.m2\repository\com\google\errorprone\error_prone_annotations\2.11.0\error_prone_annotations-2.11.0.jar;C:\Users\user\.m2\repository\com\google\j2objc\j2objc-annotations\1.3\j2objc-annotations-1.3.jar;C:\Users\user\.m2\repository\net\bytebuddy\byte-buddy\1.12.22\byte-buddy-1.12.22.jar;C:\Users\user\.m2\repository\org\seleniumhq\selenium\selenium-json\4.8.1\selenium-json-4.8.1.jar;C:\Users\user\.m2\repository\org\hamcrest\hamcrest\2.2\hamcrest-2.2.jar;C:\Users\user\.m2\repository\io\rest-assured\rest-assured\5.3.0\rest-assured-5.3.0.jar;C:\Users\user\.m2\repository\org\apache\groovy\groovy\4.0.6\groovy-4.0.6.jar;C:\Users\user\.m2\repository\org\apache\groovy\groovy-xml\4.0.6\groovy-xml-4.0.6.jar;C:\Users\user\.m2\repository\org\apache\httpcomponents\httpclient\4.5.13\httpclient-4.5.13.jar;C:\Users\user\.m2\repository\org\apache\httpcomponents\httpcore\4.4.13\httpcore-4.4.13.jar;C:\Users\user\.m2\repository\commons-logging\commons-logging\1.2\commons-logging-1.2.jar;C:\Users\user\.m2\repository\commons-codec\commons-codec\1.11\commons-codec-1.11.jar;C:\Users\user\.m2\repository\org\apache\httpcomponents\httpmime\4.5.13\httpmime-4.5.13.jar;C:\Users\user\.m2\repository\org\ccil\cowan\tagsoup\tagsoup\1.2.1\tagsoup-1.2.1.jar;C:\Users\user\.m2\repository\io\rest-assured\xml-path\5.3.0\xml-path-5.3.0.jar;C:\Users\user\.m2\repository\io\rest-assured\json-path\5.3.0\json-path-5.3.0.jar;C:\Users\user\.m2\repository\org\apache\groovy\groovy-json\4.0.6\groovy-json-4.0.6.jar;C:\Users\user\.m2\repository\io\rest-assured\rest-assured-common\5.3.0\rest-assured-common-5.3.0.jar;C:\Users\user\.m2\repository\io\rest-assured\json-schema-validator\5.3.0\json-schema-validator-5.3.0.jar;C:\Users\user\.m2\repository\com\github\java-json-tools\json-schema-validator\2.2.14\json-schema-validator-2.2.14.jar;C:\Users\user\.m2\repository\com\github\java-json-tools\jackson-coreutils-equivalence\1.0\jackson-coreutils-equivalence-1.0.jar;C:\Users\user\.m2\repository\com\github\java-json-tools\jackson-coreutils\2.0\jackson-coreutils-2.0.jar;C:\Users\user\.m2\repository\com\github\java-json-tools\msg-simple\1.2\msg-simple-1.2.jar;C:\Users\user\.m2\repository\com\github\java-json-tools\btf\1.3\btf-1.3.jar;C:\Users\user\.m2\repository\com\github\java-json-tools\json-schema-core\1.2.14\json-schema-core-1.2.14.jar;C:\Users\user\.m2\repository\com\github\java-json-tools\uri-template\0.10\uri-template-0.10.jar;C:\Users\user\.m2\repository\org\mozilla\rhino\1.7.7.2\rhino-1.7.7.2.jar;C:\Users\user\.m2\repository\com\sun\mail\mailapi\1.6.2\mailapi-1.6.2.jar;C:\Users\user\.m2\repository\joda-time\joda-time\2.10.5\joda-time-2.10.5.jar;C:\Users\user\.m2\repository\com\googlecode\libphonenumber\libphonenumber\8.11.1\libphonenumber-8.11.1.jar;C:\Users\user\.m2\repository\net\sf\jopt-simple\jopt-simple\5.0.4\jopt-simple-5.0.4.jar;C:\Users\user\.m2\repository\org\junit\jupiter\junit-jupiter\5.9.2\junit-jupiter-5.9.2.jar;C:\Users\user\.m2\repository\org\junit\jupiter\junit-jupiter-engine\5.9.2\junit-jupiter-engine-5.9.2.jar;C:\Users\user\.m2\repository\org\junit\jupiter\junit-jupiter-params\5.9.2\junit-jupiter-params-5.9.2.jar;C:\Users\user\.m2\repository\org\apiguardian\apiguardian-api\1.1.2\apiguardian-api-1.1.2.jar;C:\Users\user\.m2\repository\org\junit\platform\junit-platform-engine\1.9.2\junit-platform-engine-1.9.2.jar;C:\Users\user\.m2\repository\org\opentest4j\opentest4j\1.2.0\opentest4j-1.2.0.jar;C:\Users\user\.m2\repository\org\junit\platform\junit-platform-commons\1.9.2\junit-platform-commons-1.9.2.jar;C:\Users\user\.m2\repository\org\junit\platform\junit-platform-launcher\1.9.2\junit-platform-launcher-1.9.2.jar;C:\Users\user\.m2\repository\org\junit\platform\junit-platform-suite\1.9.2\junit-platform-suite-1.9.2.jar;C:\Users\user\.m2\repository\org\junit\platform\junit-platform-suite-api\1.9.2\junit-platform-suite-api-1.9.2.jar;C:\Users\user\.m2\repository\org\junit\platform\junit-platform-suite-engine\1.9.2\junit-platform-suite-engine-1.9.2.jar;C:\Users\user\.m2\repository\org\junit\platform\junit-platform-suite-commons\1.9.2\junit-platform-suite-commons-1.9.2.jar;C:\Users\user\.m2\repository\io\qameta\allure\allure-junit5\2.21.0\allure-junit5-2.21.0.jar;C:\Users\user\.m2\repository\io\qameta\allure\allure-junit-platform\2.21.0\allure-junit-platform-2.21.0.jar;C:\Users\user\.m2\repository\io\qameta\allure\allure-test-filter\2.21.0\allure-test-filter-2.21.0.jar;C:\Users\user\.m2\repository\io\qameta\allure\allure-maven\2.12.0\allure-maven-2.12.0.jar;C:\Users\user\.m2\repository\com\fasterxml\jackson\core\jackson-databind\2.14.0\jackson-databind-2.14.0.jar;C:\Users\user\.m2\repository\com\fasterxml\jackson\core\jackson-annotations\2.14.0\jackson-annotations-2.14.0.jar;C:\Users\user\.m2\repository\com\fasterxml\jackson\core\jackson-core\2.14.0\jackson-core-2.14.0.jar;C:\Users\user\.m2\repository\org\apache\maven\maven-plugin-api\3.8.6\maven-plugin-api-3.8.6.jar;C:\Users\user\.m2\repository\org\codehaus\plexus\plexus-utils\3.3.1\plexus-utils-3.3.1.jar;C:\Users\user\.m2\repository\org\codehaus\plexus\plexus-classworlds\2.6.0\plexus-classworlds-2.6.0.jar;C:\Users\user\.m2\repository\org\apache\maven\maven-core\3.8.6\maven-core-3.8.6.jar;C:\Users\user\.m2\repository\org\apache\maven\maven-model\3.8.6\maven-model-3.8.6.jar;C:\Users\user\.m2\repository\org\apache\maven\maven-settings\3.8.6\maven-settings-3.8.6.jar;C:\Users\user\.m2\repository\org\apache\maven\maven-settings-builder\3.8.6\maven-settings-builder-3.8.6.jar;C:\Users\user\.m2\repository\org\codehaus\plexus\plexus-sec-dispatcher\2.0\plexus-sec-dispatcher-2.0.jar;C:\Users\user\.m2\repository\org\codehaus\plexus\plexus-cipher\2.0\plexus-cipher-2.0.jar;C:\Users\user\.m2\repository\org\apache\maven\maven-builder-support\3.8.6\maven-builder-support-3.8.6.jar;C:\Users\user\.m2\repository\org\apache\maven\maven-repository-metadata\3.8.6\maven-repository-metadata-3.8.6.jar;C:\Users\user\.m2\repository\org\apache\maven\maven-artifact\3.8.6\maven-artifact-3.8.6.jar;C:\Users\user\.m2\repository\org\apache\maven\maven-model-builder\3.8.6\maven-model-builder-3.8.6.jar;C:\Users\user\.m2\repository\org\apache\maven\maven-resolver-provider\3.8.6\maven-resolver-provider-3.8.6.jar;C:\Users\user\.m2\repository\org\apache\maven\resolver\maven-resolver-impl\1.6.3\maven-resolver-impl-1.6.3.jar;C:\Users\user\.m2\repository\org\apache\maven\resolver\maven-resolver-api\1.6.3\maven-resolver-api-1.6.3.jar;C:\Users\user\.m2\repository\org\apache\maven\resolver\maven-resolver-spi\1.6.3\maven-resolver-spi-1.6.3.jar;C:\Users\user\.m2\repository\org\apache\maven\resolver\maven-resolver-util\1.6.3\maven-resolver-util-1.6.3.jar;C:\Users\user\.m2\repository\org\apache\maven\shared\maven-shared-utils\3.3.4\maven-shared-utils-3.3.4.jar;C:\Users\user\.m2\repository\org\eclipse\sisu\org.eclipse.sisu.plexus\0.3.5\org.eclipse.sisu.plexus-0.3.5.jar;C:\Users\user\.m2\repository\javax\annotation\javax.annotation-api\1.2\javax.annotation-api-1.2.jar;C:\Users\user\.m2\repository\org\eclipse\sisu\org.eclipse.sisu.inject\0.3.5\org.eclipse.sisu.inject-0.3.5.jar;C:\Users\user\.m2\repository\com\google\inject\guice\4.2.2\guice-4.2.2-no_aop.jar;C:\Users\user\.m2\repository\aopalliance\aopalliance\1.0\aopalliance-1.0.jar;C:\Users\user\.m2\repository\javax\inject\javax.inject\1\javax.inject-1.jar;C:\Users\user\.m2\repository\org\codehaus\plexus\plexus-interpolation\1.26\plexus-interpolation-1.26.jar;C:\Users\user\.m2\repository\org\codehaus\plexus\plexus-component-annotations\2.1.0\plexus-component-annotations-2.1.0.jar;C:\Users\user\.m2\repository\org\apache\maven\reporting\maven-reporting-impl\3.0.0\maven-reporting-impl-3.0.0.jar;C:\Users\user\.m2\repository\org\apache\maven\reporting\maven-reporting-api\3.0\maven-reporting-api-3.0.jar;C:\Users\user\.m2\repository\org\apache\maven\doxia\doxia-sink-api\1.7\doxia-sink-api-1.7.jar;C:\Users\user\.m2\repository\org\apache\maven\doxia\doxia-logging-api\1.7\doxia-logging-api-1.7.jar;C:\Users\user\.m2\repository\org\apache\maven\doxia\doxia-decoration-model\1.7.4\doxia-decoration-model-1.7.4.jar;C:\Users\user\.m2\repository\org\apache\maven\doxia\doxia-core\1.7\doxia-core-1.7.jar;C:\Users\user\.m2\repository\org\codehaus\plexus\plexus-container-default\1.0-alpha-30\plexus-container-default-1.0-alpha-30.jar;C:\Users\user\.m2\repository\junit\junit\3.8.1\junit-3.8.1.jar;C:\Users\user\.m2\repository\commons-lang\commons-lang\2.4\commons-lang-2.4.jar;C:\Users\user\.m2\repository\xmlunit\xmlunit\1.5\xmlunit-1.5.jar;C:\Users\user\.m2\repository\org\apache\maven\doxia\doxia-site-renderer\1.7.4\doxia-site-renderer-1.7.4.jar;C:\Users\user\.m2\repository\org\apache\maven\doxia\doxia-skin-model\1.7.4\doxia-skin-model-1.7.4.jar;C:\Users\user\.m2\repository\org\apache\maven\doxia\doxia-module-xhtml\1.7\doxia-module-xhtml-1.7.jar;C:\Users\user\.m2\repository\org\codehaus\plexus\plexus-i18n\1.0-beta-7\plexus-i18n-1.0-beta-7.jar;C:\Users\user\.m2\repository\org\codehaus\plexus\plexus-velocity\1.2\plexus-velocity-1.2.jar;C:\Users\user\.m2\repository\org\apache\velocity\velocity\1.7\velocity-1.7.jar;C:\Users\user\.m2\repository\org\apache\velocity\velocity-tools\2.0\velocity-tools-2.0.jar;C:\Users\user\.m2\repository\commons-digester\commons-digester\1.8\commons-digester-1.8.jar;C:\Users\user\.m2\repository\commons-chain\commons-chain\1.1\commons-chain-1.1.jar;C:\Users\user\.m2\repository\commons-validator\commons-validator\1.3.1\commons-validator-1.3.1.jar;C:\Users\user\.m2\repository\dom4j\dom4j\1.1\dom4j-1.1.jar;C:\Users\user\.m2\repository\oro\oro\2.0.8\oro-2.0.8.jar;C:\Users\user\.m2\repository\sslext\sslext\1.2-0\sslext-1.2-0.jar;C:\Users\user\.m2\repository\org\apache\struts\struts-core\1.3.8\struts-core-1.3.8.jar;C:\Users\user\.m2\repository\antlr\antlr\2.7.2\antlr-2.7.2.jar;C:\Users\user\.m2\repository\org\apache\struts\struts-taglib\1.3.8\struts-taglib-1.3.8.jar;C:\Users\user\.m2\repository\org\apache\struts\struts-tiles\1.3.8\struts-tiles-1.3.8.jar;C:\Users\user\.m2\repository\org\apache\maven\shared\maven-artifact-transfer\0.13.1\maven-artifact-transfer-0.13.1.jar;C:\Users\user\.m2\repository\org\apache\maven\shared\maven-common-artifact-filters\3.1.0\maven-common-artifact-filters-3.1.0.jar;C:\Users\user\.m2\repository\org\sonatype\sisu\sisu-inject-plexus\1.4.2\sisu-inject-plexus-1.4.2.jar;C:\Users\user\.m2\repository\org\sonatype\sisu\sisu-inject-bean\1.4.2\sisu-inject-bean-1.4.2.jar;C:\Users\user\.m2\repository\org\sonatype\sisu\sisu-guice\2.1.7\sisu-guice-2.1.7-noaop.jar;C:\Users\user\.m2\repository\commons-beanutils\commons-beanutils\1.9.4\commons-beanutils-1.9.4.jar;C:\Users\user\.m2\repository\commons-collections\commons-collections\3.2.2\commons-collections-3.2.2.jar;C:\Users\user\.m2\repository\net\lingala\zip4j\zip4j\1.3.3\zip4j-1.3.3.jar;C:\Users\user\.m2\repository\org\apache\commons\commons-exec\1.3\commons-exec-1.3.jar;C:\Users\user\.m2\repository\org\apache\maven\plugin-tools\maven-plugin-annotations\3.7.0\maven-plugin-annotations-3.7.0.jar;C:\Users\user\.m2\repository\org\apache\maven\plugins\maven-jxr-plugin\3.3.0\maven-jxr-plugin-3.3.0.jar;C:\Users\user\.m2\repository\org\apache\maven\maven-jxr\3.3.0\maven-jxr-3.3.0.jar;C:\Users\user\.m2\repository\org\apache\maven\wagon\wagon-provider-api\2.8\wagon-provider-api-2.8.jar;C:\Users\user\.m2\repository\org\codehaus\plexus\plexus-java\1.1.1\plexus-java-1.1.1.jar;C:\Users\user\.m2\repository\org\ow2\asm\asm\9.2\asm-9.2.jar;C:\Users\user\.m2\repository\com\thoughtworks\qdox\qdox\2.0.1\qdox-2.0.1.jar;C:\Users\user\.m2\repository\io\qameta\allure\allure-java-commons\2.21.0\allure-java-commons-2.21.0.jar;C:\Users\user\.m2\repository\io\qameta\allure\allure-model\2.21.0\allure-model-2.21.0.jar;C:\Users\user\.m2\repository\org\aspectj\aspectjweaver\1.9.19\aspectjweaver-1.9.19.jar;C:\Users\user\.m2\repository\org\apache\maven\plugins\maven-surefire-plugin\3.0.0\maven-surefire-plugin-3.0.0.jar;C:\Users\user\.m2\repository\org\apache\maven\surefire\maven-surefire-common\3.0.0\maven-surefire-common-3.0.0.jar;C:\Users\user\.m2\repository\org\apache\maven\surefire\surefire-extensions-api\3.0.0\surefire-extensions-api-3.0.0.jar;C:\Users\user\.m2\repository\org\apache\maven\surefire\surefire-booter\3.0.0\surefire-booter-3.0.0.jar;C:\Users\user\.m2\repository\org\apache\maven\surefire\surefire-extensions-spi\3.0.0\surefire-extensions-spi-3.0.0.jar;C:\Users\user\.m2\repository\org\eclipse\aether\aether-util\1.0.0.v20140518\aether-util-1.0.0.v20140518.jar;C:\Users\user\.m2\repository\org\eclipse\aether\aether-api\1.0.0.v20140518\aether-api-1.0.0.v20140518.jar;C:\Users\user\.m2\repository\org\apache\maven\surefire\surefire-shared-utils\3.0.0\surefire-shared-utils-3.0.0.jar;C:\Users\user\.m2\repository\io\qameta\allure\allure-selenide\2.21.0\allure-selenide-2.21.0.jar;C:\Users\user\.m2\repository\com\codeborne\selenide-core\6.12.3\selenide-core-6.12.3.jar;C:\Users\user\.m2\repository\io\github\bonigarcia\webdrivermanager\5.3.2\webdrivermanager-5.3.2.jar;C:\Users\user\.m2\repository\org\brotli\dec\0.1.2\dec-0.1.2.jar;C:\Users\user\.m2\repository\org\apache\commons\commons-lang3\3.12.0\commons-lang3-3.12.0.jar;C:\Users\user\.m2\repository\commons-io\commons-io\2.11.0\commons-io-2.11.0.jar;C:\Users\user\.m2\repository\org\apache\commons\commons-compress\1.22\commons-compress-1.22.jar;C:\Users\user\.m2\repository\org\apache\httpcomponents\client5\httpclient5\5.2.1\httpclient5-5.2.1.jar;C:\Users\user\.m2\repository\org\apache\httpcomponents\core5\httpcore5\5.2\httpcore5-5.2.jar;C:\Users\user\.m2\repository\org\apache\httpcomponents\core5\httpcore5-h2\5.2\httpcore5-h2-5.2.jar;C:\Users\user\.m2\repository\com\codeborne\selenide\6.12.3\selenide-6.12.3.jar;C:\Users\user\.m2\repository\org\slf4j\slf4j-jdk14\2.0.6\slf4j-jdk14-2.0.6.jar;C:\Users\user\.m2\repository\org\slf4j\slf4j-api\2.0.6\slf4j-api-2.0.6.jar;C:\Users\user\.m2\repository\io\github\artsok\rerunner-jupiter\2.1.6\rerunner-jupiter-2.1.6.jar;C:\Users\user\.m2\repository\org\jetbrains\annotations\24.0.1\annotations-24.0.1.jar;C:\Users\user\.m2\repository\org\junit\platform\junit-platform-surefire-provider\1.3.2\junit-platform-surefire-provider-1.3.2.jar;C:\Users\user\.m2\repository\org\apache\maven\surefire\surefire-api\2.22.0\surefire-api-2.22.0.jar;C:\Users\user\.m2\repository\org\apache\maven\surefire\surefire-logger-api\2.22.0\surefire-logger-api-2.22.0.jar;C:\Users\user\.m2\repository\org\apache\maven\surefire\common-java5\2.22.0\common-java5-2.22.0.jar;C:\Users\user\.m2\repository\org\junit\jupiter\junit-jupiter-api\5.9.2\junit-jupiter-api-5.9.2.jar;C:\Users\user\.m2\repository\com\google\zxing\core\3.5.1\core-3.5.1.jar;C:\Users\user\.m2\repository\com\google\zxing\javase\3.5.1\javase-3.5.1.jar;C:\Users\user\.m2\repository\com\beust\jcommander\1.82\jcommander-1.82.jar;C:\Users\user\.m2\repository\com\github\jai-imageio\jai-imageio-core\1.4.0\jai-imageio-core-1.4.0.jar;C:\Users\user\.m2\repository\com\codeborne\selenide-proxy\6.12.3\selenide-proxy-6.12.3.jar;C:\Users\user\.m2\repository\com\github\valfirst\browserup-proxy\browserup-proxy-core\2.2.8\browserup-proxy-core-2.2.8.jar;C:\Users\user\.m2\repository\de\sstoehr\har-reader\2.2.1\har-reader-2.2.1.jar;C:\Users\user\.m2\repository\com\github\valfirst\browserup-proxy\browserup-proxy-mitm\2.2.8\browserup-proxy-mitm-2.2.8.jar;C:\Users\user\.m2\repository\javax\xml\bind\jaxb-api\2.3.1\jaxb-api-2.3.1.jar;C:\Users\user\.m2\repository\javax\activation\javax.activation-api\1.2.0\javax.activation-api-1.2.0.jar;C:\Users\user\.m2\repository\com\jcraft\jzlib\1.1.3\jzlib-1.1.3.jar;C:\Users\user\.m2\repository\dnsjava\dnsjava\3.5.2\dnsjava-3.5.2.jar;C:\Users\user\.m2\repository\org\bouncycastle\bcpkix-jdk18on\1.72\bcpkix-jdk18on-1.72.jar;C:\Users\user\.m2\repository\org\bouncycastle\bcutil-jdk18on\1.72\bcutil-jdk18on-1.72.jar;C:\Users\user\.m2\repository\org\bouncycastle\bcprov-jdk18on\1.72\bcprov-jdk18on-1.72.jar;C:\Users\user\.m2\repository\org\slf4j\jcl-over-slf4j\2.0.6\jcl-over-slf4j-2.0.6.jar;C:\Users\user\.m2\repository\com\squareup\okhttp3\okhttp\4.10.0\okhttp-4.10.0.jar;C:\Users\user\.m2\repository\com\squareup\okio\okio-jvm\3.0.0\okio-jvm-3.0.0.jar;C:\Users\user\.m2\repository\org\jetbrains\kotlin\kotlin-stdlib-jdk8\1.5.31\kotlin-stdlib-jdk8-1.5.31.jar;C:\Users\user\.m2\repository\org\jetbrains\kotlin\kotlin-stdlib-jdk7\1.5.31\kotlin-stdlib-jdk7-1.5.31.jar;C:\Users\user\.m2\repository\org\jetbrains\kotlin\kotlin-stdlib-common\1.5.31\kotlin-stdlib-common-1.5.31.jar;C:\Users\user\.m2\repository\org\jetbrains\kotlin\kotlin-stdlib\1.6.20\kotlin-stdlib-1.6.20.jar;C:\Users\user\.m2\repository\org\zeroturnaround\zt-exec\1.12\zt-exec-1.12.jar;C:\Users\user\.m2\repository\xyz\rogfam\littleproxy\2.0.16\littleproxy-2.0.16.jar;C:\Users\user\.m2\repository\com\barchart\udt\barchart-udt-bundle\2.3.0\barchart-udt-bundle-2.3.0.jar;C:\Users\user\.m2\repository\io\netty\netty-all\4.1.89.Final\netty-all-4.1.89.Final.jar;C:\Users\user\.m2\repository\io\netty\netty-codec\4.1.89.Final\netty-codec-4.1.89.Final.jar;C:\Users\user\.m2\repository\io\netty\netty-codec-dns\4.1.89.Final\netty-codec-dns-4.1.89.Final.jar;C:\Users\user\.m2\repository\io\netty\netty-codec-haproxy\4.1.89.Final\netty-codec-haproxy-4.1.89.Final.jar;C:\Users\user\.m2\repository\io\netty\netty-codec-http2\4.1.89.Final\netty-codec-http2-4.1.89.Final.jar;C:\Users\user\.m2\repository\io\netty\netty-codec-memcache\4.1.89.Final\netty-codec-memcache-4.1.89.Final.jar;C:\Users\user\.m2\repository\io\netty\netty-codec-mqtt\4.1.89.Final\netty-codec-mqtt-4.1.89.Final.jar;C:\Users\user\.m2\repository\io\netty\netty-codec-redis\4.1.89.Final\netty-codec-redis-4.1.89.Final.jar;C:\Users\user\.m2\repository\io\netty\netty-codec-smtp\4.1.89.Final\netty-codec-smtp-4.1.89.Final.jar;C:\Users\user\.m2\repository\io\netty\netty-codec-socks\4.1.89.Final\netty-codec-socks-4.1.89.Final.jar;C:\Users\user\.m2\repository\io\netty\netty-codec-stomp\4.1.89.Final\netty-codec-stomp-4.1.89.Final.jar;C:\Users\user\.m2\repository\io\netty\netty-codec-xml\4.1.89.Final\netty-codec-xml-4.1.89.Final.jar;C:\Users\user\.m2\repository\io\netty\netty-handler\4.1.89.Final\netty-handler-4.1.89.Final.jar;C:\Users\user\.m2\repository\io\netty\netty-handler-proxy\4.1.89.Final\netty-handler-proxy-4.1.89.Final.jar;C:\Users\user\.m2\repository\io\netty\netty-handler-ssl-ocsp\4.1.89.Final\netty-handler-ssl-ocsp-4.1.89.Final.jar;C:\Users\user\.m2\repository\io\netty\netty-resolver\4.1.89.Final\netty-resolver-4.1.89.Final.jar;C:\Users\user\.m2\repository\io\netty\netty-resolver-dns\4.1.89.Final\netty-resolver-dns-4.1.89.Final.jar;C:\Users\user\.m2\repository\io\netty\netty-transport-rxtx\4.1.89.Final\netty-transport-rxtx-4.1.89.Final.jar;C:\Users\user\.m2\repository\io\netty\netty-transport-sctp\4.1.89.Final\netty-transport-sctp-4.1.89.Final.jar;C:\Users\user\.m2\repository\io\netty\netty-transport-udt\4.1.89.Final\netty-transport-udt-4.1.89.Final.jar;C:\Users\user\.m2\repository\io\netty\netty-resolver-dns-classes-macos\4.1.89.Final\netty-resolver-dns-classes-macos-4.1.89.Final.jar;C:\Users\user\.m2\repository\io\netty\netty-transport-native-epoll\4.1.89.Final\netty-transport-native-epoll-4.1.89.Final-linux-x86_64.jar;C:\Users\user\.m2\repository\io\netty\netty-transport-native-epoll\4.1.89.Final\netty-transport-native-epoll-4.1.89.Final-linux-aarch_64.jar;C:\Users\user\.m2\repository\io\netty\netty-transport-native-kqueue\4.1.89.Final\netty-transport-native-kqueue-4.1.89.Final-osx-x86_64.jar;C:\Users\user\.m2\repository\io\netty\netty-transport-native-kqueue\4.1.89.Final\netty-transport-native-kqueue-4.1.89.Final-osx-aarch_64.jar;C:\Users\user\.m2\repository\io\netty\netty-resolver-dns-native-macos\4.1.89.Final\netty-resolver-dns-native-macos-4.1.89.Final-osx-x86_64.jar;C:\Users\user\.m2\repository\io\netty\netty-resolver-dns-native-macos\4.1.89.Final\netty-resolver-dns-native-macos-4.1.89.Final-osx-aarch_64.jar;C:\Users\user\.m2\repository\com\github\javafaker\javafaker\1.0.2\javafaker-1.0.2.jar;C:\Users\user\.m2\repository\org\yaml\snakeyaml\1.23\snakeyaml-1.23-android.jar;C:\Users\user\.m2\repository\com\github\mifmif\generex\1.0.2\generex-1.0.2.jar;C:\Users\user\.m2\repository\dk\brics\automaton\automaton\1.11-8\automaton-1.11-8.jar;C:\Users\user\.m2\repository\org\awaitility\awaitility\4.2.0\awaitility-4.2.0.jar;C:\Users\user\.m2\repository\org\selenide\selenide-selenoid\2.3.5\selenide-selenoid-2.3.5.jar;C:\Users\user\.m2\repository\ru\yandex\qatools\ashot\ashot\1.5.4\ashot-1.5.4.jar;C:\Users\user\.m2\repository\com\google\code\gson\gson\2.6.2\gson-2.6.2.jar;C:\Users\user\.m2\repository\org\hamcrest\hamcrest-core\1.3\hamcrest-core-1.3.jar;C:\Users\user\.m2\repository\com\sun\mail\javax.mail\1.6.2\javax.mail-1.6.2.jar;C:\Users\user\.m2\repository\javax\activation\activation\1.1\activation-1.1.jar
Launcher Type: SUN_STANDARD

[Global flags]
     intx CICompilerCount                          = 4                                         {product} {ergonomic}
     uint ConcGCThreads                            = 3                                         {product} {ergonomic}
     uint G1ConcRefinementThreads                  = 10                                        {product} {ergonomic}
   size_t G1HeapRegionSize                         = 2097152                                   {product} {ergonomic}
    uintx GCDrainStackTargetSize                   = 64                                        {product} {ergonomic}
   size_t InitialHeapSize                          = 251658240                                 {product} {ergonomic}
   size_t MarkStackSize                            = 4194304                                   {product} {ergonomic}
   size_t MaxHeapSize                              = 4009754624                                {product} {ergonomic}
   size_t MaxNewSize                               = 2405433344                                {product} {ergonomic}
   size_t MinHeapDeltaBytes                        = 2097152                                   {product} {ergonomic}
   size_t MinHeapSize                              = 8388608                                   {product} {ergonomic}
    uintx NonNMethodCodeHeapSize                   = 5839372                                {pd product} {ergonomic}
    uintx NonProfiledCodeHeapSize                  = 122909434                              {pd product} {ergonomic}
    uintx ProfiledCodeHeapSize                     = 122909434                              {pd product} {ergonomic}
    uintx ReservedCodeCacheSize                    = 251658240                              {pd product} {ergonomic}
     bool SegmentedCodeCache                       = true                                      {product} {ergonomic}
   size_t SoftMaxHeapSize                          = 4009754624                             {manageable} {ergonomic}
     bool UseCompressedClassPointers               = true                           {product lp64_product} {ergonomic}
     bool UseCompressedOops                        = true                           {product lp64_product} {ergonomic}
     bool UseG1GC                                  = true                                      {product} {ergonomic}
     bool UseLargePagesIndividualAllocation        = false                                  {pd product} {ergonomic}

Logging:
Log output configuration:
 #0: stdout all=warning uptime,level,tags foldmultilines=false
 #1: stderr all=off uptime,level,tags foldmultilines=false

Environment Variables:
JAVA_HOME=C:\Program Files\Java\jdk-16.0.2
PATH=C:\Program Files\Common Files\Oracle\Java\javapath;C:\Windows\system32;C:\Windows;C:\Windows\System32\Wbem;C:\Windows\System32\WindowsPowerShell\v1.0\;C:\Windows\System32\OpenSSH\;C:\Program Files\NVIDIA Corporation\NVIDIA NvDLISR;C:\Program Files (x86)\NVIDIA Corporation\PhysX\Common;C:\Program Files\Git\cmd;C:\Program Files\nodejs\;C:\work\apache-maven-3.8.1\bin;C:\Program Files\Java\jdk-16.0.2\bin;;C:\Program Files\Docker\Docker\resources\bin;C:\Users\user\scoop\shims;C:\Users\user\AppData\Local\Microsoft\WindowsApps;C:\Users\user\AppData\Local\Programs\Microsoft VS Code\bin;C:\Users\user\AppData\Roaming\npm;C:\Program Files\Java\jdk-16.0.2\bin;C:\work\apache-maven-3.8.1\bin;C:\Program Files\JetBrains\IntelliJ IDEA Community Edition 2021.2\bin;;C:\Users\user\AppData\Local\GitHubDesktop\bin;C:\Users\user\AppData\Local\Programs\EmEditor;C:\Program Files\TestProject Agent
USERNAME=user
OS=Windows_NT
PROCESSOR_IDENTIFIER=AMD64 Family 23 Model 8 Stepping 2, AuthenticAMD
TMP=C:\Users\user\AppData\Local\Temp
TEMP=C:\Users\user\AppData\Local\Temp




---------------  S Y S T E M  ---------------

OS:
 Windows 10 , 64 bit Build 19041 (10.0.19041.2546)
OS uptime: 0 days 0:12 hours
Hyper-V role detected

CPU: total 12 (initial active 12) (12 cores per cpu, 2 threads per core) family 23 model 8 stepping 2 microcode 0x0, cx8, cmov, fxsr, ht, mmx, 3dnowpref, sse, sse2, sse3, ssse3, sse4a, sse4.1, sse4.2, popcnt, lzcnt, tsc, tscinvbit, avx, avx2, aes, clmul, bmi1, bmi2, adx, sha, fma, vzeroupper, clflush, clflushopt, hv, rdtscp, f16c

Memory: 4k page, system-wide physical 15295M (6951M free)
TotalPageFile size 33471M (AvailPageFile size 21257M)
current process WorkingSet (physical memory assigned to process): 187M, peak: 187M
current process commit charge ("private bytes"): 401M, peak: 401M

vm_info: OpenJDK 64-Bit Server VM (20+36-2344) for windows-amd64 JRE (20+36-2344), built on 2023-02-10T19:30:15Z by "mach5one" with MS VC++ 17.1 (VS2022)

END.
