#
# There is insufficient memory for the Java Runtime Environment to continue.
# Native memory allocation (mmap) failed to map 65536 bytes for Failed to commit metaspace.
# Possible reasons:
#   The system is out of physical RAM or swap space
#   The process is running with CompressedOops enabled, and the Java Heap may be blocking the growth of the native heap
# Possible solutions:
#   Reduce memory load on the system
#   Increase physical memory or swap space
#   Check if swap backing store is full
#   Decrease Java heap size (-Xmx/-Xms)
#   Decrease number of Java threads
#   Decrease Java thread stack sizes (-Xss)
#   Set larger code cache with -XX:ReservedCodeCacheSize=
#   JVM is running with Unscaled Compressed Oops mode in which the Java heap is
#     placed in the first 4GB address space. The Java Heap base address is the
#     maximum limit for the native heap growth. Please use -XX:HeapBaseMinAddress
#     to set the Java Heap base and to place the Java Heap above 4GB virtual address.
# This output file may be truncated or incomplete.
#
#  Out of Memory Error (virtualSpaceNode.cpp:108), pid=4536, tid=1324
#
# JRE version: Java(TM) SE Runtime Environment (16.0.2+7) (build 16.0.2+7-67)
# Java VM: Java HotSpot(TM) 64-Bit Server VM (16.0.2+7-67, mixed mode, sharing, tiered, compressed oops, compressed class ptrs, g1 gc, windows-amd64)
# No core dump will be written. Minidumps are not enabled by default on client versions of Windows
#

---------------  S U M M A R Y ------------

Command Line: -ea -javaagent:C:\Users\user\.m2\repository/org/aspectj/aspectjweaver/1.9.4/aspectjweaver-1.9.4.jar -Didea.test.cyclic.buffer.size=1048576 -javaagent:C:\Program Files\JetBrains\IntelliJ IDEA Community Edition 2021.2\lib\idea_rt.jar=56503:C:\Program Files\JetBrains\IntelliJ IDEA Community Edition 2021.2\bin -Dfile.encoding=UTF-8 com.intellij.rt.junit.JUnitStarter -ideVersion5 -junit5 @w@C:\Users\user\AppData\Local\Temp\idea_working_dirs_junit.tmp @C:\Users\user\AppData\Local\Temp\idea_junit.tmp

Host: Intel(R) Core(TM) i3-4330 CPU @ 3.50GHz, 4 cores, 7G,  Windows 10 , 64 bit Build 19041 (10.0.19041.1889)
Time: Wed Sep 21 18:45:04 2022 RTZ 4 (s 10 , 64 bit Build 19041 (10.0.19041.1889) elapsed time: 19.628286 seconds (0d 0h 0m 19s)

---------------  T H R E A D  ---------------

Current thread (0x000001c2fcf47d00):  JavaThread "Forwarding newSession on session null to remote" daemon [_thread_in_vm, id=1324, stack(0x0000000aebd00000,0x0000000aebe00000)]

Stack: [0x0000000aebd00000,0x0000000aebe00000]
Native frames: (J=compiled Java code, j=interpreted, Vv=VM code, C=native code)
V  [jvm.dll+0x6681ca]
V  [jvm.dll+0x7c9e69]
V  [jvm.dll+0x7cb61e]
V  [jvm.dll+0x7cbc73]
V  [jvm.dll+0x242c55]
V  [jvm.dll+0x7c64eb]
V  [jvm.dll+0x60ddd6]
V  [jvm.dll+0x1be6ce]
V  [jvm.dll+0x610531]
V  [jvm.dll+0x60e6d1]
V  [jvm.dll+0x237531]
V  [jvm.dll+0x1e98a4]
V  [jvm.dll+0x1e9d25]
V  [jvm.dll+0x1ea8af]
V  [jvm.dll+0x1df631]
V  [jvm.dll+0x535ff8]
V  [jvm.dll+0x742a71]
V  [jvm.dll+0x40703f]
V  [jvm.dll+0x40d362]
C  [java.dll+0x17c8]

Java frames: (J=compiled Java code, j=interpreted, Vv=VM code)
J 893  java.lang.ClassLoader.defineClass1(Ljava/lang/ClassLoader;Ljava/lang/String;[BIILjava/security/ProtectionDomain;Ljava/lang/String;)Ljava/lang/Class; java.base@16.0.2 (0 bytes) @ 0x000001c2ec88a60b [0x000001c2ec88a540+0x00000000000000cb]
J 892 c1 java.lang.ClassLoader.defineClass(Ljava/lang/String;[BIILjava/security/ProtectionDomain;)Ljava/lang/Class; java.base@16.0.2 (43 bytes) @ 0x000001c2e5492054 [0x000001c2e5491d00+0x0000000000000354]
J 947 c1 java.security.SecureClassLoader.defineClass(Ljava/lang/String;[BIILjava/security/CodeSource;)Ljava/lang/Class; java.base@16.0.2 (16 bytes) @ 0x000001c2e54ab28c [0x000001c2e54ab1c0+0x00000000000000cc]
J 862 c1 jdk.internal.loader.BuiltinClassLoader.defineClass(Ljava/lang/String;Ljdk/internal/loader/Resource;)Ljava/lang/Class; java.base@16.0.2 (121 bytes) @ 0x000001c2e547f14c [0x000001c2e547e1a0+0x0000000000000fac]
J 830 c1 jdk.internal.loader.BuiltinClassLoader.findClassOnClassPathOrNull(Ljava/lang/String;)Ljava/lang/Class; java.base@16.0.2 (64 bytes) @ 0x000001c2e54669f4 [0x000001c2e5465960+0x0000000000001094]
J 763 c1 jdk.internal.loader.BuiltinClassLoader.loadClassOrNull(Ljava/lang/String;Z)Ljava/lang/Class; java.base@16.0.2 (143 bytes) @ 0x000001c2e543ac84 [0x000001c2e5439d40+0x0000000000000f44]
J 811 c1 jdk.internal.loader.ClassLoaders$AppClassLoader.loadClass(Ljava/lang/String;Z)Ljava/lang/Class; java.base@16.0.2 (40 bytes) @ 0x000001c2e545620c [0x000001c2e5455be0+0x000000000000062c]
J 807 c1 java.lang.ClassLoader.loadClass(Ljava/lang/String;)Ljava/lang/Class; java.base@16.0.2 (7 bytes) @ 0x000001c2e5454d4c [0x000001c2e5454c40+0x000000000000010c]
v  ~StubRoutines::call_stub
j  com.google.common.collect.LinkedHashMultiset.create(Ljava/lang/Iterable;)Lcom/google/common/collect/LinkedHashMultiset;+10
j  com.google.common.collect.ImmutableMultiset.copyOf(Ljava/lang/Iterable;)Lcom/google/common/collect/ImmutableMultiset;+36
j  com.google.common.net.MediaType$$Lambda$838+0x000000080100a100.apply(Ljava/lang/Object;)Ljava/lang/Object;+7
j  com.google.common.collect.Maps$9.transformEntry(Ljava/lang/Object;Ljava/lang/Object;)Ljava/lang/Object;+5
j  com.google.common.collect.Maps$12.getValue()Ljava/lang/Object;+22
j  com.google.common.collect.AbstractMapEntry.hashCode()I+6
j  java.util.AbstractMap.hashCode()I+33 java.base@16.0.2
J 2931 c1 java.util.Arrays.hashCode([Ljava/lang/Object;)I java.base@16.0.2 (56 bytes) @ 0x000001c2e5a28894 [0x000001c2e5a286e0+0x00000000000001b4]
j  com.google.common.base.Objects.hashCode([Ljava/lang/Object;)I+1
j  com.google.common.net.MediaType.hashCode()I+34
J 3636 c2 java.util.HashMap.put(Ljava/lang/Object;Ljava/lang/Object;)Ljava/lang/Object; java.base@16.0.2 (13 bytes) @ 0x000001c2ec8978b0 [0x000001c2ec897300+0x00000000000005b0]
j  com.google.common.net.MediaType.addKnownType(Lcom/google/common/net/MediaType;)Lcom/google/common/net/MediaType;+5
j  com.google.common.net.MediaType.createConstantUtf8(Ljava/lang/String;Ljava/lang/String;)Lcom/google/common/net/MediaType;+12
j  com.google.common.net.MediaType.<clinit>()V+150
v  ~StubRoutines::call_stub
j  org.openqa.selenium.remote.http.HttpMessage.getContentEncoding()Ljava/nio/charset/Charset;+16
j  org.openqa.selenium.remote.http.HttpResponse.getContentEncoding()Ljava/nio/charset/Charset;+1
j  org.openqa.selenium.remote.http.Contents.string(Lorg/openqa/selenium/remote/http/HttpMessage;)Ljava/lang/String;+5
j  org.openqa.selenium.remote.ProtocolHandshake.createSession(Lorg/openqa/selenium/remote/http/HttpHandler;Ljava/io/InputStream;J)Lorg/openqa/selenium/internal/Either;+80
j  org.openqa.selenium.remote.ProtocolHandshake.createSession(Lorg/openqa/selenium/remote/http/HttpHandler;Lorg/openqa/selenium/remote/NewSessionPayload;)Lorg/openqa/selenium/internal/Either;+89
j  org.openqa.selenium.remote.ProtocolHandshake.createSession(Lorg/openqa/selenium/remote/http/HttpHandler;Lorg/openqa/selenium/remote/Command;)Lorg/openqa/selenium/remote/ProtocolHandshake$Result;+41
j  org.openqa.selenium.remote.HttpCommandExecutor.execute(Lorg/openqa/selenium/remote/Command;)Lorg/openqa/selenium/remote/Response;+122
j  org.openqa.selenium.remote.service.DriverCommandExecutor.invokeExecute(Lorg/openqa/selenium/remote/Command;)Lorg/openqa/selenium/remote/Response;+2
j  org.openqa.selenium.remote.service.DriverCommandExecutor.execute(Lorg/openqa/selenium/remote/Command;)Lorg/openqa/selenium/remote/Response;+195
j  org.openqa.selenium.remote.RemoteWebDriver.execute(Lorg/openqa/selenium/remote/CommandPayload;)Lorg/openqa/selenium/remote/Response;+76
j  org.openqa.selenium.remote.RemoteWebDriver.startSession(Lorg/openqa/selenium/Capabilities;)V+18
j  org.openqa.selenium.remote.RemoteWebDriver.<init>(Lorg/openqa/selenium/remote/CommandExecutor;Lorg/openqa/selenium/Capabilities;)V+85
j  org.openqa.selenium.chromium.ChromiumDriver.<init>(Lorg/openqa/selenium/remote/CommandExecutor;Lorg/openqa/selenium/Capabilities;Ljava/lang/String;)V+3
j  org.openqa.selenium.chrome.ChromeDriver.<init>(Lorg/openqa/selenium/chrome/ChromeDriverService;Lorg/openqa/selenium/chrome/ChromeOptions;)V+12
j  com.codeborne.selenide.webdriver.ChromeDriverFactory.create(Lcom/codeborne/selenide/Config;Lcom/codeborne/selenide/Browser;Lorg/openqa/selenium/Proxy;Ljava/io/File;)Lorg/openqa/selenium/WebDriver;+34
j  com.codeborne.selenide.webdriver.WebDriverFactory.createWebDriverInstance(Lcom/codeborne/selenide/Config;Lcom/codeborne/selenide/Browser;Lorg/openqa/selenium/Proxy;Ljava/io/File;)Lorg/openqa/selenium/WebDriver;+72
j  com.codeborne.selenide.webdriver.WebDriverFactory.createWebDriver(Lcom/codeborne/selenide/Config;Lorg/openqa/selenium/Proxy;Ljava/io/File;)Lorg/openqa/selenium/WebDriver;+109
j  com.codeborne.selenide.drivercommands.CreateDriverCommand.lambda$createDriver$0(Lorg/openqa/selenium/Proxy;Lcom/codeborne/selenide/Config;Lcom/codeborne/selenide/webdriver/WebDriverFactory;Ljava/util/List;Ljava/util/List;)Lcom/codeborne/selenide/impl/WebDriverInstance;+152
j  com.codeborne.selenide.drivercommands.CreateDriverCommand$$Lambda$586+0x0000000800e96f88.get()Ljava/lang/Object;+24
j  com.codeborne.selenide.logevents.SelenideLogger.get(Ljava/lang/String;Ljava/lang/String;Ljava/util/function/Supplier;)Ljava/lang/Object;+7
j  com.codeborne.selenide.drivercommands.CreateDriverCommand.createDriver(Lcom/codeborne/selenide/Config;Lcom/codeborne/selenide/webdriver/WebDriverFactory;Lorg/openqa/selenium/Proxy;Ljava/util/List;Ljava/util/List;)Lcom/codeborne/selenide/impl/WebDriverInstance;+24
j  com.codeborne.selenide.impl.WebDriverThreadLocalContainer.createDriver()Lcom/codeborne/selenide/impl/WebDriverInstance;+24
j  com.codeborne.selenide.impl.WebDriverThreadLocalContainer.getAndCheckWebDriver()Lorg/openqa/selenium/WebDriver;+44
j  com.codeborne.selenide.WebDriverRunner.getAndCheckWebDriver()Lorg/openqa/selenium/WebDriver;+3
j  com.codeborne.selenide.impl.StaticDriver.getAndCheckWebDriver()Lorg/openqa/selenium/WebDriver;+0
j  com.codeborne.selenide.SelenideDriver.getAndCheckWebDriver()Lorg/openqa/selenium/WebDriver;+4
j  com.codeborne.selenide.drivercommands.Navigator.lambda$navigateTo$0(Lcom/codeborne/selenide/SelenideDriver;Lcom/codeborne/selenide/AuthenticationType;Lcom/codeborne/selenide/Credentials;Ljava/lang/String;)V+1
j  com.codeborne.selenide.drivercommands.Navigator$$Lambda$583+0x0000000800e95b78.run()V+20
j  com.codeborne.selenide.logevents.SelenideLogger.run(Ljava/lang/String;Ljava/lang/String;Ljava/lang/Runnable;)V+7
j  com.codeborne.selenide.drivercommands.Navigator.navigateTo(Lcom/codeborne/selenide/SelenideDriver;Ljava/lang/String;Lcom/codeborne/selenide/AuthenticationType;Lcom/codeborne/selenide/Credentials;)V+50
j  com.codeborne.selenide.drivercommands.Navigator.open(Lcom/codeborne/selenide/SelenideDriver;Ljava/lang/String;)V+5
j  com.codeborne.selenide.SelenideDriver.open(Ljava/lang/String;)V+5
j  com.codeborne.selenide.Selenide.open(Ljava/lang/String;)V+4
j  common.BaseActions.openPage(Ljava/lang/String;)V+20
j  pages.SearchPage.simpleBaseTestForDebugging()V+6
j  SearchingInHeaderTests.header_search()V+4
v  ~StubRoutines::call_stub
j  jdk.internal.reflect.NativeMethodAccessorImpl.invoke0(Ljava/lang/reflect/Method;Ljava/lang/Object;[Ljava/lang/Object;)Ljava/lang/Object;+0 java.base@16.0.2
j  jdk.internal.reflect.NativeMethodAccessorImpl.invoke(Ljava/lang/Object;[Ljava/lang/Object;)Ljava/lang/Object;+146 java.base@16.0.2
J 3349 c1 jdk.internal.reflect.DelegatingMethodAccessorImpl.invoke(Ljava/lang/Object;[Ljava/lang/Object;)Ljava/lang/Object; java.base@16.0.2 (10 bytes) @ 0x000001c2e533f94c [0x000001c2e533f840+0x000000000000010c]
J 3355 c1 java.lang.reflect.Method.invoke(Ljava/lang/Object;[Ljava/lang/Object;)Ljava/lang/Object; java.base@16.0.2 (65 bytes) @ 0x000001c2e5794444 [0x000001c2e5794100+0x0000000000000344]
j  org.junit.platform.commons.util.ReflectionUtils.invokeMethod(Ljava/lang/reflect/Method;Ljava/lang/Object;[Ljava/lang/Object;)Ljava/lang/Object;+42
j  org.junit.jupiter.engine.execution.MethodInvocation.proceed()Ljava/lang/Object;+16
j  org.junit.jupiter.engine.execution.InvocationInterceptorChain$ValidatingInvocation.proceed()Ljava/lang/Object;+8
j  org.junit.jupiter.engine.extension.TimeoutExtension.intercept(Lorg/junit/jupiter/api/extension/InvocationInterceptor$Invocation;Lorg/junit/jupiter/api/extension/ReflectiveInvocationContext;Lorg/junit/jupiter/api/extension/ExtensionContext;Lorg/junit/jupiter/engine/extension/TimeoutDuration;Lorg/junit/jupiter/engine/extension/TimeoutExtension$TimeoutProvider;)Ljava/lang/Object;+28
j  org.junit.jupiter.engine.extension.TimeoutExtension.interceptTestableMethod(Lorg/junit/jupiter/api/extension/InvocationInterceptor$Invocation;Lorg/junit/jupiter/api/extension/ReflectiveInvocationContext;Lorg/junit/jupiter/api/extension/ExtensionContext;Lorg/junit/jupiter/engine/extension/TimeoutExtension$TimeoutProvider;)Ljava/lang/Object;+31
j  org.junit.jupiter.engine.extension.TimeoutExtension.interceptTestMethod(Lorg/junit/jupiter/api/extension/InvocationInterceptor$Invocation;Lorg/junit/jupiter/api/extension/ReflectiveInvocationContext;Lorg/junit/jupiter/api/extension/ExtensionContext;)V+9
j  org.junit.jupiter.engine.descriptor.TestMethodTestDescriptor$$Lambda$221+0x0000000800d7b7f8.apply(Lorg/junit/jupiter/api/extension/InvocationInterceptor;Lorg/junit/jupiter/api/extension/InvocationInterceptor$Invocation;Lorg/junit/jupiter/api/extension/ReflectiveInvocationContext;Lorg/junit/jupiter/api/extension/ExtensionContext;)V+5
j  org.junit.jupiter.engine.execution.InterceptingExecutableInvoker$ReflectiveInterceptorCall.lambda$ofVoidMethod$0(Lorg/junit/jupiter/engine/execution/InterceptingExecutableInvoker$ReflectiveInterceptorCall$VoidMethodInterceptorCall;Lorg/junit/jupiter/api/extension/InvocationInterceptor;Lorg/junit/jupiter/api/extension/InvocationInterceptor$Invocation;Lorg/junit/jupiter/api/extension/ReflectiveInvocationContext;Lorg/junit/jupiter/api/extension/ExtensionContext;)Ljava/lang/Void;+6
j  org.junit.jupiter.engine.execution.InterceptingExecutableInvoker$ReflectiveInterceptorCall$$Lambda$222+0x0000000800d7bc08.apply(Lorg/junit/jupiter/api/extension/InvocationInterceptor;Lorg/junit/jupiter/api/extension/InvocationInterceptor$Invocation;Lorg/junit/jupiter/api/extension/ReflectiveInvocationContext;Lorg/junit/jupiter/api/extension/ExtensionContext;)Ljava/lang/Object;+9
j  org.junit.jupiter.engine.execution.InterceptingExecutableInvoker.lambda$invoke$0(Lorg/junit/jupiter/engine/execution/InterceptingExecutableInvoker$ReflectiveInterceptorCall;Lorg/junit/jupiter/api/extension/ReflectiveInvocationContext;Lorg/junit/jupiter/api/extension/ExtensionContext;Lorg/junit/jupiter/api/extension/InvocationInterceptor;Lorg/junit/jupiter/api/extension/InvocationInterceptor$Invocation;)Ljava/lang/Object;+6
j  org.junit.jupiter.engine.execution.InterceptingExecutableInvoker$$Lambda$398+0x0000000800db5a98.apply(Lorg/junit/jupiter/api/extension/InvocationInterceptor;Lorg/junit/jupiter/api/extension/InvocationInterceptor$Invocation;)Ljava/lang/Object;+14
j  org.junit.jupiter.engine.execution.InvocationInterceptorChain$InterceptedInvocation.proceed()Ljava/lang/Object;+12
j  org.junit.jupiter.engine.execution.InvocationInterceptorChain.proceed(Lorg/junit/jupiter/api/extension/InvocationInterceptor$Invocation;)Ljava/lang/Object;+1
j  org.junit.jupiter.engine.execution.InvocationInterceptorChain.chainAndInvoke(Lorg/junit/jupiter/api/extension/InvocationInterceptor$Invocation;Lorg/junit/jupiter/engine/execution/InvocationInterceptorChain$InterceptorCall;Ljava/util/List;)Ljava/lang/Object;+24
j  org.junit.jupiter.engine.execution.InvocationInterceptorChain.invoke(Lorg/junit/jupiter/api/extension/InvocationInterceptor$Invocation;Lorg/junit/jupiter/engine/extension/ExtensionRegistry;Lorg/junit/jupiter/engine/execution/InvocationInterceptorChain$InterceptorCall;)Ljava/lang/Object;+31
j  org.junit.jupiter.engine.execution.InterceptingExecutableInvoker.invoke(Lorg/junit/jupiter/api/extension/InvocationInterceptor$Invocation;Lorg/junit/jupiter/api/extension/ReflectiveInvocationContext;Lorg/junit/jupiter/api/extension/ExtensionContext;Lorg/junit/jupiter/engine/extension/ExtensionRegistry;Lorg/junit/jupiter/engine/execution/InterceptingExecutableInvoker$ReflectiveInterceptorCall;)Ljava/lang/Object;+15
j  org.junit.jupiter.engine.execution.InterceptingExecutableInvoker.invoke(Ljava/lang/reflect/Method;Ljava/lang/Object;Lorg/junit/jupiter/api/extension/ExtensionContext;Lorg/junit/jupiter/engine/extension/ExtensionRegistry;Lorg/junit/jupiter/engine/execution/InterceptingExecutableInvoker$ReflectiveInterceptorCall;)Ljava/lang/Object;+55
j  org.junit.jupiter.engine.descriptor.TestMethodTestDescriptor.lambda$invokeTestMethod$7(Lorg/junit/jupiter/api/extension/ExtensionContext;Lorg/junit/jupiter/engine/execution/JupiterEngineExecutionContext;)V+28
j  org.junit.jupiter.engine.descriptor.TestMethodTestDescriptor$$Lambda$570+0x0000000800e920c0.execute()V+12
j  org.junit.platform.engine.support.hierarchical.ThrowableCollector.execute(Lorg/junit/platform/engine/support/hierarchical/ThrowableCollector$Executable;)V+1
j  org.junit.jupiter.engine.descriptor.TestMethodTestDescriptor.invokeTestMethod(Lorg/junit/jupiter/engine/execution/JupiterEngineExecutionContext;Lorg/junit/platform/engine/support/hierarchical/Node$DynamicTestExecutor;)V+21
j  org.junit.jupiter.engine.descriptor.TestMethodTestDescriptor.execute(Lorg/junit/jupiter/engine/execution/JupiterEngineExecutionContext;Lorg/junit/platform/engine/support/hierarchical/Node$DynamicTestExecutor;)Lorg/junit/jupiter/engine/execution/JupiterEngineExecutionContext;+44
j  org.junit.jupiter.engine.descriptor.TestMethodTestDescriptor.execute(Lorg/junit/platform/engine/support/hierarchical/EngineExecutionContext;Lorg/junit/platform/engine/support/hierarchical/Node$DynamicTestExecutor;)Lorg/junit/platform/engine/support/hierarchical/EngineExecutionContext;+6
j  org.junit.platform.engine.support.hierarchical.NodeTestTask.lambda$executeRecursively$6()V+79
j  org.junit.platform.engine.support.hierarchical.NodeTestTask$$Lambda$337+0x0000000800da1328.execute()V+4
j  org.junit.platform.engine.support.hierarchical.ThrowableCollector.execute(Lorg/junit/platform/engine/support/hierarchical/ThrowableCollector$Executable;)V+1
j  org.junit.platform.engine.support.hierarchical.NodeTestTask.lambda$executeRecursively$8(Lorg/junit/platform/engine/support/hierarchical/EngineExecutionContext;)V+15
j  org.junit.platform.engine.support.hierarchical.NodeTestTask$$Lambda$336+0x0000000800da1108.invoke(Lorg/junit/platform/engine/support/hierarchical/EngineExecutionContext;)V+5
j  org.junit.platform.engine.support.hierarchical.Node.around(Lorg/junit/platform/engine/support/hierarchical/EngineExecutionContext;Lorg/junit/platform/engine/support/hierarchical/Node$Invocation;)V+2
j  org.junit.platform.engine.support.hierarchical.NodeTestTask.lambda$executeRecursively$9()V+14
j  org.junit.platform.engine.support.hierarchical.NodeTestTask$$Lambda$335+0x0000000800da0cf0.execute()V+4
j  org.junit.platform.engine.support.hierarchical.ThrowableCollector.execute(Lorg/junit/platform/engine/support/hierarchical/ThrowableCollector$Executable;)V+1
j  org.junit.platform.engine.support.hierarchical.NodeTestTask.executeRecursively()V+31
j  org.junit.platform.engine.support.hierarchical.NodeTestTask.execute()V+55
j  org.junit.platform.engine.support.hierarchical.ForkJoinPoolHierarchicalTestExecutorService$ExclusiveTask.compute()V+19
j  org.junit.platform.engine.support.hierarchical.ForkJoinPoolHierarchicalTestExecutorService.executeNonConcurrentTasks(Ljava/util/Deque;)V+27
j  org.junit.platform.engine.support.hierarchical.ForkJoinPoolHierarchicalTestExecutorService.invokeAll(Ljava/util/List;)V+56
j  org.junit.platform.engine.support.hierarchical.NodeTestTask.lambda$executeRecursively$6()V+116
j  org.junit.platform.engine.support.hierarchical.NodeTestTask$$Lambda$337+0x0000000800da1328.execute()V+4
j  org.junit.platform.engine.support.hierarchical.ThrowableCollector.execute(Lorg/junit/platform/engine/support/hierarchical/ThrowableCollector$Executable;)V+1
j  org.junit.platform.engine.support.hierarchical.NodeTestTask.lambda$executeRecursively$8(Lorg/junit/platform/engine/support/hierarchical/EngineExecutionContext;)V+15
j  org.junit.platform.engine.support.hierarchical.NodeTestTask$$Lambda$336+0x0000000800da1108.invoke(Lorg/junit/platform/engine/support/hierarchical/EngineExecutionContext;)V+5
j  org.junit.platform.engine.support.hierarchical.Node.around(Lorg/junit/platform/engine/support/hierarchical/EngineExecutionContext;Lorg/junit/platform/engine/support/hierarchical/Node$Invocation;)V+2
j  org.junit.platform.engine.support.hierarchical.NodeTestTask.lambda$executeRecursively$9()V+14
j  org.junit.platform.engine.support.hierarchical.NodeTestTask$$Lambda$335+0x0000000800da0cf0.execute()V+4
j  org.junit.platform.engine.support.hierarchical.ThrowableCollector.execute(Lorg/junit/platform/engine/support/hierarchical/ThrowableCollector$Executable;)V+1
j  org.junit.platform.engine.support.hierarchical.NodeTestTask.executeRecursively()V+31
j  org.junit.platform.engine.support.hierarchical.NodeTestTask.execute()V+55
j  org.junit.platform.engine.support.hierarchical.ForkJoinPoolHierarchicalTestExecutorService$ExclusiveTask.compute()V+19
j  org.junit.platform.engine.support.hierarchical.ForkJoinPoolHierarchicalTestExecutorService.invokeAll(Ljava/util/List;)V+27
j  org.junit.platform.engine.support.hierarchical.NodeTestTask.lambda$executeRecursively$6()V+116
j  org.junit.platform.engine.support.hierarchical.NodeTestTask$$Lambda$337+0x0000000800da1328.execute()V+4
j  org.junit.platform.engine.support.hierarchical.ThrowableCollector.execute(Lorg/junit/platform/engine/support/hierarchical/ThrowableCollector$Executable;)V+1
j  org.junit.platform.engine.support.hierarchical.NodeTestTask.lambda$executeRecursively$8(Lorg/junit/platform/engine/support/hierarchical/EngineExecutionContext;)V+15
j  org.junit.platform.engine.support.hierarchical.NodeTestTask$$Lambda$336+0x0000000800da1108.invoke(Lorg/junit/platform/engine/support/hierarchical/EngineExecutionContext;)V+5
j  org.junit.platform.engine.support.hierarchical.Node.around(Lorg/junit/platform/engine/support/hierarchical/EngineExecutionContext;Lorg/junit/platform/engine/support/hierarchical/Node$Invocation;)V+2
j  org.junit.platform.engine.support.hierarchical.NodeTestTask.lambda$executeRecursively$9()V+14
j  org.junit.platform.engine.support.hierarchical.NodeTestTask$$Lambda$335+0x0000000800da0cf0.execute()V+4
j  org.junit.platform.engine.support.hierarchical.ThrowableCollector.execute(Lorg/junit/platform/engine/support/hierarchical/ThrowableCollector$Executable;)V+1
j  org.junit.platform.engine.support.hierarchical.NodeTestTask.executeRecursively()V+31
j  org.junit.platform.engine.support.hierarchical.NodeTestTask.execute()V+55
j  org.junit.platform.engine.support.hierarchical.ForkJoinPoolHierarchicalTestExecutorService$ExclusiveTask.compute()V+19
j  java.util.concurrent.RecursiveAction.exec()Z+1 java.base@16.0.2
j  java.util.concurrent.ForkJoinTask.doExec()I+10 java.base@16.0.2
j  java.util.concurrent.ForkJoinPool$WorkQueue.topLevelExec(Ljava/util/concurrent/ForkJoinTask;Ljava/util/concurrent/ForkJoinPool$WorkQueue;I)V+11 java.base@16.0.2
j  java.util.concurrent.ForkJoinPool.scan(Ljava/util/concurrent/ForkJoinPool$WorkQueue;I)Z+185 java.base@16.0.2
j  java.util.concurrent.ForkJoinPool.runWorker(Ljava/util/concurrent/ForkJoinPool$WorkQueue;)V+25 java.base@16.0.2
j  java.util.concurrent.ForkJoinWorkerThread.run()V+24 java.base@16.0.2
v  ~StubRoutines::call_stub

---------------  P R O C E S S  ---------------

Threads class SMR info:
_java_thread_list=0x000001c2804d0dc0, length=25, elements={
0x000001c2dbdcd300, 0x000001c2fb44cb60, 0x000001c2fb44d930, 0x000001c2fb45faa0,
0x000001c2fb4643d0, 0x000001c2fb464ce0, 0x000001c2fb4655f0, 0x000001c2fb466230,
0x000001c2fb467c40, 0x000001c2fb4cf870, 0x000001c2fb42a050, 0x000001c2fd581a90,
0x000001c2fd42ca60, 0x000001c2fcf47d00, 0x000001c2fcf4a780, 0x000001c2fcf4acd0,
0x000001c2fcf487a0, 0x000001c2fcf48250, 0x000001c2fcf48cf0, 0x000001c2fcf49ce0,
0x000001c2fcf49240, 0x000001c2fcf4a230, 0x000001c2feb36ac0, 0x000001c2feb37560,
0x000001c2fcabe880
}

Java Threads: ( => current thread )
  0x000001c2dbdcd300 JavaThread "main" [_thread_blocked, id=11320, stack(0x0000000aea500000,0x0000000aea600000)]
  0x000001c2fb44cb60 JavaThread "Reference Handler" daemon [_thread_blocked, id=12760, stack(0x0000000aeac00000,0x0000000aead00000)]
  0x000001c2fb44d930 JavaThread "Finalizer" daemon [_thread_blocked, id=13216, stack(0x0000000aead00000,0x0000000aeae00000)]
  0x000001c2fb45faa0 JavaThread "Signal Dispatcher" daemon [_thread_blocked, id=4252, stack(0x0000000aeae00000,0x0000000aeaf00000)]
  0x000001c2fb4643d0 JavaThread "Attach Listener" daemon [_thread_blocked, id=15556, stack(0x0000000aeaf00000,0x0000000aeb000000)]
  0x000001c2fb464ce0 JavaThread "Service Thread" daemon [_thread_blocked, id=10600, stack(0x0000000aeb000000,0x0000000aeb100000)]
  0x000001c2fb4655f0 JavaThread "Monitor Deflation Thread" daemon [_thread_blocked, id=9760, stack(0x0000000aeb100000,0x0000000aeb200000)]
  0x000001c2fb466230 JavaThread "C2 CompilerThread0" daemon [_thread_in_native, id=3300, stack(0x0000000aeb200000,0x0000000aeb300000)]
  0x000001c2fb467c40 JavaThread "C1 CompilerThread0" daemon [_thread_blocked, id=11800, stack(0x0000000aeb300000,0x0000000aeb400000)]
  0x000001c2fb4cf870 JavaThread "Sweeper thread" daemon [_thread_blocked, id=10788, stack(0x0000000aeb400000,0x0000000aeb500000)]
  0x000001c2fb42a050 JavaThread "Common-Cleaner" daemon [_thread_blocked, id=15300, stack(0x0000000aeb500000,0x0000000aeb600000)]
  0x000001c2fd581a90 JavaThread "Monitor Ctrl-Break" daemon [_thread_in_native, id=15544, stack(0x0000000aeba00000,0x0000000aebb00000)]
  0x000001c2fd42ca60 JavaThread "Notification Thread" daemon [_thread_blocked, id=7592, stack(0x0000000aebb00000,0x0000000aebc00000)]
=>0x000001c2fcf47d00 JavaThread "Forwarding newSession on session null to remote" daemon [_thread_in_vm, id=1324, stack(0x0000000aebd00000,0x0000000aebe00000)]
  0x000001c2fcf4a780 JavaThread "ForkJoinPool-1-worker-1" daemon [_thread_blocked, id=1420, stack(0x0000000aebe00000,0x0000000aebf00000)]
  0x000001c2fcf4acd0 JavaThread "AsyncHttpClient-1-1" daemon [_thread_blocked, id=11020, stack(0x0000000aebf00000,0x0000000aec000000)]
  0x000001c2fcf487a0 JavaThread "Exec Default Executor" daemon [_thread_in_native, id=7984, stack(0x0000000aec000000,0x0000000aec100000)]
  0x000001c2fcf48250 JavaThread "Driver Service Executor" daemon [_thread_blocked, id=16292, stack(0x0000000aec100000,0x0000000aec200000)]
  0x000001c2fcf48cf0 JavaThread "Driver Service Executor" daemon [_thread_blocked, id=8516, stack(0x0000000aec200000,0x0000000aec300000)]
  0x000001c2fcf49ce0 JavaThread "UrlChecker-2" daemon [_thread_blocked, id=4988, stack(0x0000000aec300000,0x0000000aec400000)]
  0x000001c2fcf49240 JavaThread "Exec Stream Pumper" daemon [_thread_in_native, id=7264, stack(0x0000000aec400000,0x0000000aec500000)]
  0x000001c2fcf4a230 JavaThread "Exec Stream Pumper" daemon [_thread_in_native, id=14992, stack(0x0000000aec500000,0x0000000aec600000)]
  0x000001c2feb36ac0 JavaThread "Keep-Alive-Timer" daemon [_thread_blocked, id=10080, stack(0x0000000aec700000,0x0000000aec800000)]
  0x000001c2feb37560 JavaThread "AsyncHttpClient-1-2" daemon [_thread_in_native, id=4560, stack(0x0000000aec800000,0x0000000aec900000)]
  0x000001c2fcabe880 JavaThread "C2 CompilerThread1" daemon [_thread_blocked, id=7540, stack(0x0000000aeb900000,0x0000000aeba00000)]

Other Threads:
  0x000001c2fb446450 VMThread "VM Thread" [stack: 0x0000000aeab00000,0x0000000aeac00000] [id=13660]
  0x000001c2fcfd5740 WatcherThread [stack: 0x0000000aebc00000,0x0000000aebd00000] [id=6960]
  0x000001c2dbe0c7d0 GCTaskThread "GC Thread#0" [stack: 0x0000000aea600000,0x0000000aea700000] [id=7244]
  0x000001c2fc2da300 GCTaskThread "GC Thread#1" [stack: 0x0000000aeb600000,0x0000000aeb700000] [id=13608]
  0x000001c2fc2ac080 GCTaskThread "GC Thread#2" [stack: 0x0000000aeb700000,0x0000000aeb800000] [id=5332]
  0x000001c2fc3f7b60 GCTaskThread "GC Thread#3" [stack: 0x0000000aeb800000,0x0000000aeb900000] [id=15568]
  0x000001c2dbe1e370 ConcurrentGCThread "G1 Main Marker" [stack: 0x0000000aea700000,0x0000000aea800000] [id=232]
  0x000001c2dbe1ecf0 ConcurrentGCThread "G1 Conc#0" [stack: 0x0000000aea800000,0x0000000aea900000] [id=13404]
  0x000001c2dbe865b0 ConcurrentGCThread "G1 Refine#0" [stack: 0x0000000aea900000,0x0000000aeaa00000] [id=10540]
  0x000001c2dbe86f40 ConcurrentGCThread "G1 Service" [stack: 0x0000000aeaa00000,0x0000000aeab00000] [id=2936]

Threads with active compile tasks:
C2 CompilerThread0    19678 4311       4       org.aspectj.weaver.bcel.BcelWeaver::weave (1242 bytes)

VM state: not at safepoint (normal execution)

VM Mutex/Monitor currently owned by a thread:  ([mutex/lock_event])
[0x000001c2dbdc85b0] MetaspaceExpand_lock - owner thread: 0x000001c2fcf47d00

Heap address: 0x0000000081e00000, size: 2018 MB, Compressed Oops mode: 32-bit

CDS archive(s) mapped at: [0x0000000800000000-0x0000000800bb0000-0x0000000800bb0000), size 12255232, SharedBaseAddress: 0x0000000800000000, ArchiveRelocationMode: 0.
Compressed class space mapped at: 0x0000000800c00000-0x0000000840c00000, reserved size: 1073741824
Narrow klass base: 0x0000000800000000, Narrow klass shift: 3, Narrow klass range: 0x100000000

GC Precious Log:
 CPUs: 4 total, 4 available
 Memory: 8064M
 Large Page Support: Disabled
 NUMA Support: Disabled
 Compressed Oops: Enabled (32-bit)
 Heap Region Size: 1M
 Heap Min Capacity: 8M
 Heap Initial Capacity: 128M
 Heap Max Capacity: 2018M
 Pre-touch: Disabled
 Parallel Workers: 4
 Concurrent Workers: 1
 Concurrent Refinement Workers: 4
 Periodic GC: Disabled

Heap:
 garbage-first heap   total 112640K, used 71085K [0x0000000081e00000, 0x0000000100000000)
  region size 1024K, 15 young (15360K), 3 survivors (3072K)
 Metaspace       used 34772K, committed 35008K, reserved 1081344K
  class space    used 3977K, committed 4096K, reserved 1048576K

Heap Regions: E=young(eden), S=young(survivor), O=old, HS=humongous(starts), HC=humongous(continues), CS=collection set, F=free, OA=open archive, CA=closed archive, TAMS=top-at-mark-start (previous, next)
|   0|0x0000000081e00000, 0x0000000081f00000, 0x0000000081f00000|100%| O|  |TAMS 0x0000000081f00000, 0x0000000081e00000| Untracked 
|   1|0x0000000081f00000, 0x0000000082000000, 0x0000000082000000|100%| O|  |TAMS 0x0000000082000000, 0x0000000081f00000| Untracked 
|   2|0x0000000082000000, 0x0000000082100000, 0x0000000082100000|100%| O|  |TAMS 0x0000000082100000, 0x0000000082000000| Untracked 
|   3|0x0000000082100000, 0x0000000082200000, 0x0000000082200000|100%| O|  |TAMS 0x0000000082200000, 0x0000000082100000| Untracked 
|   4|0x0000000082200000, 0x0000000082300000, 0x0000000082300000|100%| O|  |TAMS 0x0000000082300000, 0x0000000082200000| Untracked 
|   5|0x0000000082300000, 0x0000000082400000, 0x0000000082400000|100%| O|  |TAMS 0x0000000082400000, 0x0000000082300000| Untracked 
|   6|0x0000000082400000, 0x0000000082500000, 0x0000000082500000|100%| O|  |TAMS 0x0000000082500000, 0x0000000082400000| Untracked 
|   7|0x0000000082500000, 0x0000000082600000, 0x0000000082600000|100%| O|  |TAMS 0x0000000082600000, 0x0000000082500000| Untracked 
|   8|0x0000000082600000, 0x0000000082700000, 0x0000000082700000|100%| O|  |TAMS 0x0000000082700000, 0x0000000082600000| Untracked 
|   9|0x0000000082700000, 0x0000000082800000, 0x0000000082800000|100%| O|  |TAMS 0x0000000082800000, 0x0000000082700000| Untracked 
|  10|0x0000000082800000, 0x0000000082900000, 0x0000000082900000|100%| O|  |TAMS 0x0000000082900000, 0x0000000082800000| Untracked 
|  11|0x0000000082900000, 0x0000000082a00000, 0x0000000082a00000|100%| O|  |TAMS 0x0000000082a00000, 0x0000000082900000| Untracked 
|  12|0x0000000082a00000, 0x0000000082b00000, 0x0000000082b00000|100%| O|  |TAMS 0x0000000082b00000, 0x0000000082a00000| Untracked 
|  13|0x0000000082b00000, 0x0000000082c00000, 0x0000000082c00000|100%| O|  |TAMS 0x0000000082c00000, 0x0000000082b00000| Untracked 
|  14|0x0000000082c00000, 0x0000000082d00000, 0x0000000082d00000|100%| O|  |TAMS 0x0000000082d00000, 0x0000000082c00000| Untracked 
|  15|0x0000000082d00000, 0x0000000082e00000, 0x0000000082e00000|100%| O|  |TAMS 0x0000000082e00000, 0x0000000082d00000| Untracked 
|  16|0x0000000082e00000, 0x0000000082f00000, 0x0000000082f00000|100%| O|  |TAMS 0x0000000082f00000, 0x0000000082e00000| Untracked 
|  17|0x0000000082f00000, 0x0000000083000000, 0x0000000083000000|100%| O|  |TAMS 0x0000000083000000, 0x0000000082f00000| Untracked 
|  18|0x0000000083000000, 0x0000000083100000, 0x0000000083100000|100%| O|  |TAMS 0x0000000083100000, 0x0000000083000000| Untracked 
|  19|0x0000000083100000, 0x0000000083200000, 0x0000000083200000|100%| O|  |TAMS 0x0000000083200000, 0x0000000083100000| Untracked 
|  20|0x0000000083200000, 0x0000000083300000, 0x0000000083300000|100%| O|  |TAMS 0x0000000083300000, 0x0000000083200000| Untracked 
|  21|0x0000000083300000, 0x0000000083400000, 0x0000000083400000|100%| O|  |TAMS 0x0000000083400000, 0x0000000083300000| Untracked 
|  22|0x0000000083400000, 0x0000000083500000, 0x0000000083500000|100%| O|  |TAMS 0x0000000083500000, 0x0000000083400000| Untracked 
|  23|0x0000000083500000, 0x0000000083600000, 0x0000000083600000|100%| O|  |TAMS 0x0000000083600000, 0x0000000083500000| Untracked 
|  24|0x0000000083600000, 0x0000000083700000, 0x0000000083700000|100%| O|  |TAMS 0x0000000083700000, 0x0000000083600000| Untracked 
|  25|0x0000000083700000, 0x0000000083800000, 0x0000000083800000|100%| O|  |TAMS 0x0000000083800000, 0x0000000083700000| Untracked 
|  26|0x0000000083800000, 0x0000000083900000, 0x0000000083900000|100%| O|  |TAMS 0x0000000083900000, 0x0000000083800000| Untracked 
|  27|0x0000000083900000, 0x0000000083a00000, 0x0000000083a00000|100%| O|  |TAMS 0x0000000083a00000, 0x0000000083900000| Untracked 
|  28|0x0000000083a00000, 0x0000000083b00000, 0x0000000083b00000|100%| O|  |TAMS 0x0000000083b00000, 0x0000000083a00000| Untracked 
|  29|0x0000000083b00000, 0x0000000083c00000, 0x0000000083c00000|100%| O|  |TAMS 0x0000000083c00000, 0x0000000083b00000| Untracked 
|  30|0x0000000083c00000, 0x0000000083d00000, 0x0000000083d00000|100%| O|  |TAMS 0x0000000083d00000, 0x0000000083c00000| Untracked 
|  31|0x0000000083d00000, 0x0000000083e00000, 0x0000000083e00000|100%| O|  |TAMS 0x0000000083e00000, 0x0000000083d00000| Untracked 
|  32|0x0000000083e00000, 0x0000000083f00000, 0x0000000083f00000|100%| O|  |TAMS 0x0000000083f00000, 0x0000000083e00000| Untracked 
|  33|0x0000000083f00000, 0x0000000084000000, 0x0000000084000000|100%| O|  |TAMS 0x0000000084000000, 0x0000000083f00000| Untracked 
|  34|0x0000000084000000, 0x0000000084100000, 0x0000000084100000|100%| O|  |TAMS 0x0000000084100000, 0x0000000084000000| Untracked 
|  35|0x0000000084100000, 0x0000000084200000, 0x0000000084200000|100%| O|  |TAMS 0x0000000084200000, 0x0000000084100000| Untracked 
|  36|0x0000000084200000, 0x0000000084300000, 0x0000000084300000|100%| O|  |TAMS 0x0000000084300000, 0x0000000084200000| Untracked 
|  37|0x0000000084300000, 0x0000000084400000, 0x0000000084400000|100%| O|  |TAMS 0x0000000084400000, 0x0000000084300000| Untracked 
|  38|0x0000000084400000, 0x0000000084500000, 0x0000000084500000|100%| O|  |TAMS 0x0000000084500000, 0x0000000084400000| Untracked 
|  39|0x0000000084500000, 0x0000000084600000, 0x0000000084600000|100%| O|  |TAMS 0x0000000084600000, 0x0000000084500000| Untracked 
|  40|0x0000000084600000, 0x0000000084700000, 0x0000000084700000|100%| O|  |TAMS 0x0000000084700000, 0x0000000084600000| Untracked 
|  41|0x0000000084700000, 0x0000000084800000, 0x0000000084800000|100%| O|  |TAMS 0x0000000084800000, 0x0000000084700000| Untracked 
|  42|0x0000000084800000, 0x0000000084900000, 0x0000000084900000|100%| O|  |TAMS 0x0000000084900000, 0x0000000084800000| Untracked 
|  43|0x0000000084900000, 0x0000000084a00000, 0x0000000084a00000|100%| O|  |TAMS 0x0000000084a00000, 0x0000000084900000| Untracked 
|  44|0x0000000084a00000, 0x0000000084b00000, 0x0000000084b00000|100%| O|  |TAMS 0x0000000084b00000, 0x0000000084a00000| Untracked 
|  45|0x0000000084b00000, 0x0000000084c00000, 0x0000000084c00000|100%| O|  |TAMS 0x0000000084c00000, 0x0000000084b00000| Untracked 
|  46|0x0000000084c00000, 0x0000000084d00000, 0x0000000084d00000|100%| O|  |TAMS 0x0000000084d00000, 0x0000000084c00000| Untracked 
|  47|0x0000000084d00000, 0x0000000084e00000, 0x0000000084e00000|100%| O|  |TAMS 0x0000000084df4a00, 0x0000000084d00000| Untracked 
|  48|0x0000000084e00000, 0x0000000084f00000, 0x0000000084f00000|100%| O|  |TAMS 0x0000000084e00000, 0x0000000084e00000| Untracked 
|  49|0x0000000084f00000, 0x0000000085000000, 0x0000000085000000|100%| O|  |TAMS 0x0000000084f00000, 0x0000000084f00000| Untracked 
|  50|0x0000000085000000, 0x0000000085100000, 0x0000000085100000|100%| O|  |TAMS 0x0000000085000000, 0x0000000085000000| Untracked 
|  51|0x0000000085100000, 0x000000008516b600, 0x0000000085200000| 41%| O|  |TAMS 0x0000000085100000, 0x0000000085100000| Untracked 
|  52|0x0000000085200000, 0x0000000085300000, 0x0000000085300000|100%|HS|  |TAMS 0x0000000085200000, 0x0000000085200000| Complete 
|  53|0x0000000085300000, 0x0000000085400000, 0x0000000085400000|100%|HC|  |TAMS 0x0000000085300000, 0x0000000085300000| Complete 
|  54|0x0000000085400000, 0x0000000085500000, 0x0000000085500000|100%|HC|  |TAMS 0x0000000085400000, 0x0000000085400000| Complete 
|  55|0x0000000085500000, 0x0000000085600000, 0x0000000085600000|100%|HC|  |TAMS 0x0000000085500000, 0x0000000085500000| Complete 
|  56|0x0000000085600000, 0x0000000085700000, 0x0000000085700000|100%|HC|  |TAMS 0x0000000085600000, 0x0000000085600000| Complete 
|  57|0x0000000085700000, 0x0000000085700000, 0x0000000085800000|  0%| F|  |TAMS 0x0000000085700000, 0x0000000085700000| Untracked 
|  58|0x0000000085800000, 0x0000000085800000, 0x0000000085900000|  0%| F|  |TAMS 0x0000000085800000, 0x0000000085800000| Untracked 
|  59|0x0000000085900000, 0x0000000085900000, 0x0000000085a00000|  0%| F|  |TAMS 0x0000000085900000, 0x0000000085900000| Untracked 
|  60|0x0000000085a00000, 0x0000000085a00000, 0x0000000085b00000|  0%| F|  |TAMS 0x0000000085a00000, 0x0000000085a00000| Untracked 
|  61|0x0000000085b00000, 0x0000000085b00000, 0x0000000085c00000|  0%| F|  |TAMS 0x0000000085b00000, 0x0000000085b00000| Untracked 
|  62|0x0000000085c00000, 0x0000000085c00000, 0x0000000085d00000|  0%| F|  |TAMS 0x0000000085c00000, 0x0000000085c00000| Untracked 
|  63|0x0000000085d00000, 0x0000000085d00000, 0x0000000085e00000|  0%| F|  |TAMS 0x0000000085d00000, 0x0000000085d00000| Untracked 
|  64|0x0000000085e00000, 0x0000000085e00000, 0x0000000085f00000|  0%| F|  |TAMS 0x0000000085e00000, 0x0000000085e00000| Untracked 
|  65|0x0000000085f00000, 0x0000000085f00000, 0x0000000086000000|  0%| F|  |TAMS 0x0000000085f00000, 0x0000000085f00000| Untracked 
|  66|0x0000000086000000, 0x0000000086000000, 0x0000000086100000|  0%| F|  |TAMS 0x0000000086000000, 0x0000000086000000| Untracked 
|  67|0x0000000086100000, 0x0000000086100000, 0x0000000086200000|  0%| F|  |TAMS 0x0000000086100000, 0x0000000086100000| Untracked 
|  68|0x0000000086200000, 0x0000000086200000, 0x0000000086300000|  0%| F|  |TAMS 0x0000000086200000, 0x0000000086200000| Untracked 
|  69|0x0000000086300000, 0x0000000086300000, 0x0000000086400000|  0%| F|  |TAMS 0x0000000086300000, 0x0000000086300000| Untracked 
|  70|0x0000000086400000, 0x0000000086400000, 0x0000000086500000|  0%| F|  |TAMS 0x0000000086400000, 0x0000000086400000| Untracked 
|  71|0x0000000086500000, 0x0000000086500000, 0x0000000086600000|  0%| F|  |TAMS 0x0000000086500000, 0x0000000086500000| Untracked 
|  72|0x0000000086600000, 0x0000000086600000, 0x0000000086700000|  0%| F|  |TAMS 0x0000000086600000, 0x0000000086600000| Untracked 
|  73|0x0000000086700000, 0x0000000086700000, 0x0000000086800000|  0%| F|  |TAMS 0x0000000086700000, 0x0000000086700000| Untracked 
|  74|0x0000000086800000, 0x0000000086800000, 0x0000000086900000|  0%| F|  |TAMS 0x0000000086800000, 0x0000000086800000| Untracked 
|  75|0x0000000086900000, 0x0000000086900000, 0x0000000086a00000|  0%| F|  |TAMS 0x0000000086900000, 0x0000000086900000| Untracked 
|  76|0x0000000086a00000, 0x0000000086a00000, 0x0000000086b00000|  0%| F|  |TAMS 0x0000000086a00000, 0x0000000086a00000| Untracked 
|  77|0x0000000086b00000, 0x0000000086c00000, 0x0000000086c00000|100%| S|CS|TAMS 0x0000000086b00000, 0x0000000086b00000| Complete 
|  78|0x0000000086c00000, 0x0000000086d00000, 0x0000000086d00000|100%| S|CS|TAMS 0x0000000086c00000, 0x0000000086c00000| Complete 
|  79|0x0000000086d00000, 0x0000000086e00000, 0x0000000086e00000|100%| S|CS|TAMS 0x0000000086d00000, 0x0000000086d00000| Complete 
|  80|0x0000000086e00000, 0x0000000086e00000, 0x0000000086f00000|  0%| F|  |TAMS 0x0000000086e00000, 0x0000000086e00000| Untracked 
|  81|0x0000000086f00000, 0x0000000086f00000, 0x0000000087000000|  0%| F|  |TAMS 0x0000000086f00000, 0x0000000086f00000| Untracked 
|  82|0x0000000087000000, 0x0000000087000000, 0x0000000087100000|  0%| F|  |TAMS 0x0000000087000000, 0x0000000087000000| Untracked 
|  83|0x0000000087100000, 0x0000000087100000, 0x0000000087200000|  0%| F|  |TAMS 0x0000000087100000, 0x0000000087100000| Untracked 
|  84|0x0000000087200000, 0x0000000087200000, 0x0000000087300000|  0%| F|  |TAMS 0x0000000087200000, 0x0000000087200000| Untracked 
|  85|0x0000000087300000, 0x0000000087300000, 0x0000000087400000|  0%| F|  |TAMS 0x0000000087300000, 0x0000000087300000| Untracked 
|  86|0x0000000087400000, 0x0000000087400000, 0x0000000087500000|  0%| F|  |TAMS 0x0000000087400000, 0x0000000087400000| Untracked 
|  87|0x0000000087500000, 0x0000000087500000, 0x0000000087600000|  0%| F|  |TAMS 0x0000000087500000, 0x0000000087500000| Untracked 
|  88|0x0000000087600000, 0x0000000087600000, 0x0000000087700000|  0%| F|  |TAMS 0x0000000087600000, 0x0000000087600000| Untracked 
|  89|0x0000000087700000, 0x0000000087700000, 0x0000000087800000|  0%| F|  |TAMS 0x0000000087700000, 0x0000000087700000| Untracked 
|  90|0x0000000087800000, 0x0000000087800000, 0x0000000087900000|  0%| F|  |TAMS 0x0000000087800000, 0x0000000087800000| Untracked 
|  91|0x0000000087900000, 0x0000000087900000, 0x0000000087a00000|  0%| F|  |TAMS 0x0000000087900000, 0x0000000087900000| Untracked 
|  92|0x0000000087a00000, 0x0000000087a00000, 0x0000000087b00000|  0%| F|  |TAMS 0x0000000087a00000, 0x0000000087a00000| Untracked 
|  93|0x0000000087b00000, 0x0000000087b00000, 0x0000000087c00000|  0%| F|  |TAMS 0x0000000087b00000, 0x0000000087b00000| Untracked 
|  94|0x0000000087c00000, 0x0000000087c00000, 0x0000000087d00000|  0%| F|  |TAMS 0x0000000087c00000, 0x0000000087c00000| Untracked 
|  95|0x0000000087d00000, 0x0000000087d00000, 0x0000000087e00000|  0%| F|  |TAMS 0x0000000087d00000, 0x0000000087d00000| Untracked 
|  96|0x0000000087e00000, 0x0000000087e00000, 0x0000000087f00000|  0%| F|  |TAMS 0x0000000087e00000, 0x0000000087e00000| Untracked 
|  97|0x0000000087f00000, 0x0000000087f00000, 0x0000000088000000|  0%| F|  |TAMS 0x0000000087f00000, 0x0000000087f00000| Untracked 
|  98|0x0000000088000000, 0x0000000088081e30, 0x0000000088100000| 50%| E|  |TAMS 0x0000000088000000, 0x0000000088000000| Complete 
|  99|0x0000000088100000, 0x0000000088200000, 0x0000000088200000|100%| E|CS|TAMS 0x0000000088100000, 0x0000000088100000| Complete 
| 100|0x0000000088200000, 0x0000000088300000, 0x0000000088300000|100%| E|CS|TAMS 0x0000000088200000, 0x0000000088200000| Complete 
| 101|0x0000000088300000, 0x0000000088400000, 0x0000000088400000|100%| E|CS|TAMS 0x0000000088300000, 0x0000000088300000| Complete 
| 102|0x0000000088400000, 0x0000000088500000, 0x0000000088500000|100%| E|CS|TAMS 0x0000000088400000, 0x0000000088400000| Complete 
| 103|0x0000000088500000, 0x0000000088600000, 0x0000000088600000|100%| E|CS|TAMS 0x0000000088500000, 0x0000000088500000| Complete 
| 104|0x0000000088600000, 0x0000000088700000, 0x0000000088700000|100%| E|CS|TAMS 0x0000000088600000, 0x0000000088600000| Complete 
| 105|0x0000000088700000, 0x0000000088800000, 0x0000000088800000|100%| E|CS|TAMS 0x0000000088700000, 0x0000000088700000| Complete 
| 106|0x0000000088800000, 0x0000000088900000, 0x0000000088900000|100%| E|  |TAMS 0x0000000088800000, 0x0000000088800000| Complete 
| 107|0x0000000088900000, 0x0000000088a00000, 0x0000000088a00000|100%| E|CS|TAMS 0x0000000088900000, 0x0000000088900000| Complete 
| 121|0x0000000089700000, 0x0000000089800000, 0x0000000089800000|100%| E|CS|TAMS 0x0000000089700000, 0x0000000089700000| Complete 
| 122|0x0000000089800000, 0x0000000089900000, 0x0000000089900000|100%| E|CS|TAMS 0x0000000089800000, 0x0000000089800000| Complete 

Card table byte_map: [0x000001c2f4780000,0x000001c2f4b80000] _byte_map_base: 0x000001c2f4371000

Marking Bits (Prev, Next): (CMBitMap*) 0x000001c2dbe0dd60, (CMBitMap*) 0x000001c2dbe0dda0
 Prev Bits: [0x000001c2f4f80000, 0x000001c2f6f08000)
 Next Bits: [0x000001c2f6f10000, 0x000001c2f8e98000)

Polling page: 0x000001c2dbc70000

Metaspace:

Usage:
  Non-class:     30.07 MB used.
      Class:      3.88 MB used.
       Both:     33.96 MB used.

Virtual space:
  Non-class space:       32.00 MB reserved,      30.19 MB ( 94%) committed,  4 nodes.
      Class space:        1.00 GB reserved,       4.00 MB ( <1%) committed,  1 nodes.
              Both:        1.03 GB reserved,      34.19 MB (  3%) committed. 

Chunk freelists:
   Non-Class:  1.36 MB
       Class:  3.94 MB
        Both:  5.30 MB

MaxMetaspaceSize: 17179869184.00 GB
CompressedClassSpaceSize: 1.00 GB
 - commit_granule_bytes: 65536.
 - commit_granule_words: 8192.
 - virtual_space_node_default_size: 1048576.
 - enlarge_chunks_in_place: 1.
 - new_chunks_are_fully_committed: 0.
 - uncommit_free_chunks: 1.
 - use_allocation_guard: 0.
 - handle_deallocations: 1.


Internal statistics:

num_allocs_failed_limit: 3.
num_arena_births: 206.
num_arena_deaths: 0.
num_vsnodes_births: 5.
num_vsnodes_deaths: 0.
num_space_committed: 547.
num_space_uncommitted: 0.
num_chunks_returned_to_freelist: 3.
num_chunks_taken_from_freelist: 1138.
num_chunk_merges: 0.
num_chunk_splits: 846.
num_chunks_enlarged: 720.
num_purges: 0.

CodeHeap 'non-profiled nmethods': size=120000Kb used=3858Kb max_used=3858Kb free=116141Kb
 bounds [0x000001c2ec820000, 0x000001c2ecbf0000, 0x000001c2f3d50000]
CodeHeap 'profiled nmethods': size=120000Kb used=8870Kb max_used=8870Kb free=111129Kb
 bounds [0x000001c2e52f0000, 0x000001c2e5ba0000, 0x000001c2ec820000]
CodeHeap 'non-nmethods': size=5760Kb used=1291Kb max_used=1345Kb free=4468Kb
 bounds [0x000001c2e4d50000, 0x000001c2e4fc0000, 0x000001c2e52f0000]
 total_blobs=4334 nmethods=3729 adapters=517
 compilation: enabled
              stopped_count=0, restarted_count=0
 full_count=0

Compilation events (20 events):
Event: 19.479 Thread 0x000001c2fb467c40 nmethod 4314 0x000001c2e5b99010 code [0x000001c2e5b991c0, 0x000001c2e5b99398]
Event: 19.481 Thread 0x000001c2fb467c40 4315       2       org.aspectj.util.GenericSignature$ClassTypeSignature::<init> (20 bytes)
Event: 19.481 Thread 0x000001c2fb467c40 nmethod 4315 0x000001c2e5b99490 code [0x000001c2e5b99640, 0x000001c2e5b99858]
Event: 19.482 Thread 0x000001c2fb467c40 4316       1       io.netty.channel.DefaultChannelPipeline::channel (5 bytes)
Event: 19.482 Thread 0x000001c2fb467c40 nmethod 4316 0x000001c2ecbdf010 code [0x000001c2ecbdf1a0, 0x000001c2ecbdf278]
Event: 19.482 Thread 0x000001c2fb467c40 4317       3       org.aspectj.util.GenericSignature$SimpleClassTypeSignature::<init> (18 bytes)
Event: 19.483 Thread 0x000001c2fb467c40 nmethod 4317 0x000001c2e5b99910 code [0x000001c2e5b99ac0, 0x000001c2e5b99d98]
Event: 19.484 Thread 0x000001c2fb467c40 4318       3       java.util.HashSet::<init> (18 bytes)
Event: 19.484 Thread 0x000001c2fb467c40 nmethod 4318 0x000001c2e5b99e90 code [0x000001c2e5b9a060, 0x000001c2e5b9a408]
Event: 19.496 Thread 0x000001c2fb466230 nmethod 4304 0x000001c2ecbdf310 code [0x000001c2ecbdf500, 0x000001c2ecbe0e68]
Event: 19.496 Thread 0x000001c2fb466230 4311       4       org.aspectj.weaver.bcel.BcelWeaver::weave (1242 bytes)
Event: 19.584 Thread 0x000001c2fb467c40 4321       3       org.aspectj.util.GenericSignature$SimpleClassTypeSignature::<init> (15 bytes)
Event: 19.585 Thread 0x000001c2fb467c40 nmethod 4321 0x000001c2e5b9a590 code [0x000001c2e5b9a740, 0x000001c2e5b9a958]
Event: 19.589 Thread 0x000001c2fcabe880 4312       4       java.util.ArrayList::clear (43 bytes)
Event: 19.591 Thread 0x000001c2fcabe880 nmethod 4312 0x000001c2ecbe1690 code [0x000001c2ecbe1820, 0x000001c2ecbe1978]
Event: 19.591 Thread 0x000001c2fcabe880 4319       4       org.aspectj.weaver.ResolvedType::isTypeHierarchyComplete (32 bytes)
Event: 19.598 Thread 0x000001c2fb467c40 4322       3       com.google.common.base.Preconditions::checkNotNull (14 bytes)
Event: 19.598 Thread 0x000001c2fb467c40 nmethod 4322 0x000001c2e5b9aa10 code [0x000001c2e5b9abc0, 0x000001c2e5b9ada8]
Event: 19.617 Thread 0x000001c2fcabe880 nmethod 4319 0x000001c2ecbe1a90 code [0x000001c2ecbe1cc0, 0x000001c2ecbe26e8]
Event: 19.617 Thread 0x000001c2fcabe880 4320       4       java.lang.Class::getPackageName (81 bytes)

GC Heap History (20 events):
Event: 3.840 GC heap before
{Heap before GC invocations=2 (full 0):
 garbage-first heap   total 131072K, used 26536K [0x0000000081e00000, 0x0000000100000000)
  region size 1024K, 22 young (22528K), 2 survivors (2048K)
 Metaspace       used 8345K, committed 8448K, reserved 1056768K
  class space    used 730K, committed 768K, reserved 1048576K
}
Event: 3.846 GC heap after
{Heap after GC invocations=3 (full 0):
 garbage-first heap   total 131072K, used 10101K [0x0000000081e00000, 0x0000000100000000)
  region size 1024K, 3 young (3072K), 3 survivors (3072K)
 Metaspace       used 8345K, committed 8448K, reserved 1056768K
  class space    used 730K, committed 768K, reserved 1048576K
}
Event: 6.623 GC heap before
{Heap before GC invocations=3 (full 0):
 garbage-first heap   total 131072K, used 84853K [0x0000000081e00000, 0x0000000100000000)
  region size 1024K, 76 young (77824K), 3 survivors (3072K)
 Metaspace       used 11894K, committed 12096K, reserved 1064960K
  class space    used 1008K, committed 1088K, reserved 1048576K
}
Event: 6.638 GC heap after
{Heap after GC invocations=4 (full 0):
 garbage-first heap   total 131072K, used 19456K [0x0000000081e00000, 0x0000000100000000)
  region size 1024K, 10 young (10240K), 10 survivors (10240K)
 Metaspace       used 11894K, committed 12096K, reserved 1064960K
  class space    used 1008K, committed 1088K, reserved 1048576K
}
Event: 8.794 GC heap before
{Heap before GC invocations=4 (full 0):
 garbage-first heap   total 131072K, used 82944K [0x0000000081e00000, 0x0000000100000000)
  region size 1024K, 72 young (73728K), 10 survivors (10240K)
 Metaspace       used 16085K, committed 16320K, reserved 1064960K
  class space    used 1584K, committed 1664K, reserved 1048576K
}
Event: 8.812 GC heap after
{Heap after GC invocations=5 (full 0):
 garbage-first heap   total 131072K, used 26112K [0x0000000081e00000, 0x0000000100000000)
  region size 1024K, 7 young (7168K), 7 survivors (7168K)
 Metaspace       used 16085K, committed 16320K, reserved 1064960K
  class space    used 1584K, committed 1664K, reserved 1048576K
}
Event: 11.220 GC heap before
{Heap before GC invocations=5 (full 0):
 garbage-first heap   total 131072K, used 88576K [0x0000000081e00000, 0x0000000100000000)
  region size 1024K, 69 young (70656K), 7 survivors (7168K)
 Metaspace       used 20576K, committed 20800K, reserved 1073152K
  class space    used 2149K, committed 2240K, reserved 1048576K
}
Event: 11.235 GC heap after
{Heap after GC invocations=6 (full 0):
 garbage-first heap   total 131072K, used 32170K [0x0000000081e00000, 0x0000000100000000)
  region size 1024K, 7 young (7168K), 7 survivors (7168K)
 Metaspace       used 20576K, committed 20800K, reserved 1073152K
  class space    used 2149K, committed 2240K, reserved 1048576K
}
Event: 11.479 GC heap before
{Heap before GC invocations=6 (full 0):
 garbage-first heap   total 131072K, used 36266K [0x0000000081e00000, 0x0000000100000000)
  region size 1024K, 12 young (12288K), 7 survivors (7168K)
 Metaspace       used 21070K, committed 21248K, reserved 1073152K
  class space    used 2209K, committed 2304K, reserved 1048576K
}
Event: 11.492 GC heap after
{Heap after GC invocations=7 (full 0):
 garbage-first heap   total 131072K, used 33171K [0x0000000081e00000, 0x0000000100000000)
  region size 1024K, 2 young (2048K), 2 survivors (2048K)
 Metaspace       used 21070K, committed 21248K, reserved 1073152K
  class space    used 2209K, committed 2304K, reserved 1048576K
}
Event: 13.378 GC heap before
{Heap before GC invocations=8 (full 0):
 garbage-first heap   total 112640K, used 94611K [0x0000000081e00000, 0x0000000100000000)
  region size 1024K, 62 young (63488K), 2 survivors (2048K)
 Metaspace       used 25137K, committed 25408K, reserved 1073152K
  class space    used 2694K, committed 2816K, reserved 1048576K
}
Event: 13.394 GC heap after
{Heap after GC invocations=9 (full 0):
 garbage-first heap   total 112640K, used 39348K [0x0000000081e00000, 0x0000000100000000)
  region size 1024K, 8 young (8192K), 8 survivors (8192K)
 Metaspace       used 25137K, committed 25408K, reserved 1073152K
  class space    used 2694K, committed 2816K, reserved 1048576K
}
Event: 14.336 GC heap before
{Heap before GC invocations=9 (full 0):
 garbage-first heap   total 112640K, used 84404K [0x0000000081e00000, 0x0000000100000000)
  region size 1024K, 52 young (53248K), 8 survivors (8192K)
 Metaspace       used 26991K, committed 27264K, reserved 1073152K
  class space    used 2927K, committed 3072K, reserved 1048576K
}
Event: 14.358 GC heap after
{Heap after GC invocations=10 (full 0):
 garbage-first heap   total 112640K, used 44325K [0x0000000081e00000, 0x0000000100000000)
  region size 1024K, 5 young (5120K), 5 survivors (5120K)
 Metaspace       used 26991K, committed 27264K, reserved 1073152K
  class space    used 2927K, committed 3072K, reserved 1048576K
}
Event: 15.589 GC heap before
{Heap before GC invocations=10 (full 0):
 garbage-first heap   total 112640K, used 85285K [0x0000000081e00000, 0x0000000100000000)
  region size 1024K, 45 young (46080K), 5 survivors (5120K)
 Metaspace       used 30245K, committed 30464K, reserved 1081344K
  class space    used 3318K, committed 3392K, reserved 1048576K
}
Event: 15.605 GC heap after
{Heap after GC invocations=11 (full 0):
 garbage-first heap   total 112640K, used 49145K [0x0000000081e00000, 0x0000000100000000)
  region size 1024K, 5 young (5120K), 5 survivors (5120K)
 Metaspace       used 30245K, committed 30464K, reserved 1081344K
  class space    used 3318K, committed 3392K, reserved 1048576K
}
Event: 17.113 GC heap before
{Heap before GC invocations=11 (full 0):
 garbage-first heap   total 112640K, used 87033K [0x0000000081e00000, 0x0000000100000000)
  region size 1024K, 42 young (43008K), 5 survivors (5120K)
 Metaspace       used 32685K, committed 32896K, reserved 1081344K
  class space    used 3671K, committed 3776K, reserved 1048576K
}
Event: 17.128 GC heap after
{Heap after GC invocations=12 (full 0):
 garbage-first heap   total 112640K, used 52617K [0x0000000081e00000, 0x0000000100000000)
  region size 1024K, 4 young (4096K), 4 survivors (4096K)
 Metaspace       used 32685K, committed 32896K, reserved 1081344K
  class space    used 3671K, committed 3776K, reserved 1048576K
}
Event: 17.934 GC heap before
{Heap before GC invocations=12 (full 0):
 garbage-first heap   total 112640K, used 81289K [0x0000000081e00000, 0x0000000100000000)
  region size 1024K, 34 young (34816K), 4 survivors (4096K)
 Metaspace       used 34285K, committed 34560K, reserved 1081344K
  class space    used 3891K, committed 4032K, reserved 1048576K
}
Event: 17.946 GC heap after
{Heap after GC invocations=13 (full 0):
 garbage-first heap   total 112640K, used 55725K [0x0000000081e00000, 0x0000000100000000)
  region size 1024K, 3 young (3072K), 3 survivors (3072K)
 Metaspace       used 34285K, committed 34560K, reserved 1081344K
  class space    used 3891K, committed 4032K, reserved 1048576K
}

Deoptimization events (20 events):
Event: 17.679 Thread 0x000001c2feb37560 DEOPT PACKING pc=0x000001c2e5af7685 sp=0x0000000aec8fa430
Event: 17.679 Thread 0x000001c2feb37560 DEOPT UNPACKING pc=0x000001c2e4d9dece sp=0x0000000aec8f98b8 mode 0
Event: 17.695 Thread 0x000001c2feb37560 Uncommon trap: trap_request=0xffffff45 fr.pc=0x000001c2ec9cdc28 relative=0x0000000000007748
Event: 17.695 Thread 0x000001c2feb37560 Uncommon trap: reason=unstable_if action=reinterpret pc=0x000001c2ec9cdc28 method=org.aspectj.weaver.World.resolve(Lorg/aspectj/weaver/UnresolvedType;Z)Lorg/aspectj/weaver/ResolvedType; @ 253 c2
Event: 17.695 Thread 0x000001c2feb37560 DEOPT PACKING pc=0x000001c2ec9cdc28 sp=0x0000000aec8f7160
Event: 17.695 Thread 0x000001c2feb37560 DEOPT UNPACKING pc=0x000001c2e4d9d72e sp=0x0000000aec8f7000 mode 2
Event: 17.993 Thread 0x000001c2feb37560 Uncommon trap: trap_request=0xffffffde fr.pc=0x000001c2ec8e9b90 relative=0x00000000000004f0
Event: 17.993 Thread 0x000001c2feb37560 Uncommon trap: reason=class_check action=maybe_recompile pc=0x000001c2ec8e9b90 method=java.nio.DirectByteBuffer.<init>(Lsun/nio/ch/DirectBuffer;IIIIILjdk/internal/access/foreign/MemorySegmentProxy;)V @ 14 c2
Event: 17.993 Thread 0x000001c2feb37560 DEOPT PACKING pc=0x000001c2ec8e9b90 sp=0x0000000aec8fd920
Event: 17.993 Thread 0x000001c2feb37560 DEOPT UNPACKING pc=0x000001c2e4d9d72e sp=0x0000000aec8fd910 mode 2
Event: 17.993 Thread 0x000001c2feb37560 Uncommon trap: trap_request=0xffffffde fr.pc=0x000001c2ec8e9b90 relative=0x00000000000004f0
Event: 17.993 Thread 0x000001c2feb37560 Uncommon trap: reason=class_check action=maybe_recompile pc=0x000001c2ec8e9b90 method=java.nio.DirectByteBuffer.<init>(Lsun/nio/ch/DirectBuffer;IIIIILjdk/internal/access/foreign/MemorySegmentProxy;)V @ 14 c2
Event: 17.993 Thread 0x000001c2feb37560 DEOPT PACKING pc=0x000001c2ec8e9b90 sp=0x0000000aec8fd920
Event: 17.993 Thread 0x000001c2feb37560 DEOPT UNPACKING pc=0x000001c2e4d9d72e sp=0x0000000aec8fd910 mode 2
Event: 19.443 Thread 0x000001c2feb37560 Uncommon trap: trap_request=0xffffffde fr.pc=0x000001c2ec8e9b90 relative=0x00000000000004f0
Event: 19.443 Thread 0x000001c2feb37560 Uncommon trap: reason=class_check action=maybe_recompile pc=0x000001c2ec8e9b90 method=java.nio.DirectByteBuffer.<init>(Lsun/nio/ch/DirectBuffer;IIIIILjdk/internal/access/foreign/MemorySegmentProxy;)V @ 14 c2
Event: 19.443 Thread 0x000001c2feb37560 DEOPT PACKING pc=0x000001c2ec8e9b90 sp=0x0000000aec8feae0
Event: 19.443 Thread 0x000001c2feb37560 DEOPT UNPACKING pc=0x000001c2e4d9d72e sp=0x0000000aec8fead0 mode 2
Event: 19.550 Thread 0x000001c2fcf47d00 DEOPT PACKING pc=0x000001c2e573a275 sp=0x0000000aebdf72c0
Event: 19.550 Thread 0x000001c2fcf47d00 DEOPT UNPACKING pc=0x000001c2e4d9dece sp=0x0000000aebdf6748 mode 0

Classes unloaded (0 events):
No events

Classes redefined (0 events):
No events

Internal exceptions (20 events):
Event: 15.803 Thread 0x000001c2fcf487a0 Exception <a 'java/lang/NoSuchMethodError'{0x00000000888b1b60}: 'void java.lang.invoke.DirectMethodHandle$Holder.invokeStatic(java.lang.Object, long)'> (0x00000000888b1b60) 
thrown [t:\workspace\open\src\hotspot\share\interpreter\linkResolver.cpp, line 790]
Event: 15.803 Thread 0x000001c2fcf487a0 Exception <a 'java/lang/NoSuchMethodError'{0x00000000888b7138}: 'java.lang.Object java.lang.invoke.DirectMethodHandle$Holder.newInvokeSpecial(java.lang.Object, long)'> (0x00000000888b7138) 
thrown [t:\workspace\open\src\hotspot\share\interpreter\linkResolver.cpp, line 790]
Event: 15.806 Thread 0x000001c2fcf487a0 Exception <a 'java/lang/NoSuchMethodError'{0x0000000088704560}: 'java.lang.Object java.lang.invoke.DirectMethodHandle$Holder.invokeStaticInit(java.lang.Object, java.lang.Object, long, java.lang.Object)'> (0x0000000088704560) 
thrown [t:\workspace\open\src\hotspot\share\interpreter\linkResolver.cpp, line 790]
Event: 15.806 Thread 0x000001c2fcf487a0 Exception <a 'java/lang/NoSuchMethodError'{0x000000008870a8d8}: 'java.lang.Object java.lang.invoke.DirectMethodHandle$Holder.newInvokeSpecial(java.lang.Object, java.lang.Object, long)'> (0x000000008870a8d8) 
thrown [t:\workspace\open\src\hotspot\share\interpreter\linkResolver.cpp, line 790]
Event: 15.807 Thread 0x000001c2fcf487a0 Exception <a 'java/lang/NoSuchMethodError'{0x000000008870e648}: 'java.lang.Object java.lang.invoke.Invokers$Holder.linkToTargetMethod(java.lang.Object, long, java.lang.Object)'> (0x000000008870e648) 
thrown [t:\workspace\open\src\hotspot\share\interpreter\linkResolver.cpp, line 790]
Event: 15.854 Thread 0x000001c2fcf49ce0 Exception <a 'java/net/ConnectException'{0x000000008876b0f8}: Connection refused: no further information> (0x000000008876b0f8) 
thrown [t:\workspace\open\src\hotspot\share\prims\jni.cpp, line 600]
Event: 15.854 Thread 0x000001c2fcf49ce0 Exception <a 'java/net/SocketException'{0x000000008876b430}: Socket is not connected: shutdown> (0x000000008876b430) 
thrown [t:\workspace\open\src\hotspot\share\prims\jni.cpp, line 600]
Event: 15.912 Thread 0x000001c2fcf49ce0 Exception <a 'java/net/ConnectException'{0x000000008876cec0}: Connection refused: no further information> (0x000000008876cec0) 
thrown [t:\workspace\open\src\hotspot\share\prims\jni.cpp, line 600]
Event: 15.912 Thread 0x000001c2fcf49ce0 Exception <a 'java/net/SocketException'{0x000000008876d1f8}: Socket is not connected: shutdown> (0x000000008876d1f8) 
thrown [t:\workspace\open\src\hotspot\share\prims\jni.cpp, line 600]
Event: 15.966 Thread 0x000001c2fcf49ce0 Exception <a 'java/net/ConnectException'{0x000000008876e190}: Connection refused: no further information> (0x000000008876e190) 
thrown [t:\workspace\open\src\hotspot\share\prims\jni.cpp, line 600]
Event: 15.966 Thread 0x000001c2fcf49ce0 Exception <a 'java/net/SocketException'{0x000000008876e4c8}: Socket is not connected: shutdown> (0x000000008876e4c8) 
thrown [t:\workspace\open\src\hotspot\share\prims\jni.cpp, line 600]
Event: 16.029 Thread 0x000001c2fcf49ce0 Exception <a 'java/net/ConnectException'{0x000000008876f460}: Connection refused: no further information> (0x000000008876f460) 
thrown [t:\workspace\open\src\hotspot\share\prims\jni.cpp, line 600]
Event: 16.029 Thread 0x000001c2fcf49ce0 Exception <a 'java/net/SocketException'{0x000000008876f798}: Socket is not connected: shutdown> (0x000000008876f798) 
thrown [t:\workspace\open\src\hotspot\share\prims\jni.cpp, line 600]
Event: 16.132 Thread 0x000001c2fcf49ce0 Exception <a 'java/net/ConnectException'{0x0000000088770730}: Connection refused: no further information> (0x0000000088770730) 
thrown [t:\workspace\open\src\hotspot\share\prims\jni.cpp, line 600]
Event: 16.132 Thread 0x000001c2fcf49ce0 Exception <a 'java/net/SocketException'{0x0000000088770a68}: Socket is not connected: shutdown> (0x0000000088770a68) 
thrown [t:\workspace\open\src\hotspot\share\prims\jni.cpp, line 600]
Event: 16.351 Thread 0x000001c2fcf47d00 Exception <a 'java/lang/NoSuchMethodError'{0x00000000884de588}: 'double java.lang.invoke.DirectMethodHandle$Holder.invokeVirtual(java.lang.Object, java.lang.Object)'> (0x00000000884de588) 
thrown [t:\workspace\open\src\hotspot\share\interpreter\linkResolver.cpp, line 790]
Event: 16.356 Thread 0x000001c2fcf47d00 Exception <a 'java/lang/NoSuchMethodError'{0x00000000884e54e8}: 'float java.lang.invoke.DirectMethodHandle$Holder.invokeVirtual(java.lang.Object, java.lang.Object)'> (0x00000000884e54e8) 
thrown [t:\workspace\open\src\hotspot\share\interpreter\linkResolver.cpp, line 790]
Event: 16.359 Thread 0x000001c2fcf47d00 Exception <a 'java/lang/NoSuchMethodError'{0x00000000884eece0}: 'long java.lang.invoke.DirectMethodHandle$Holder.invokeVirtual(java.lang.Object, java.lang.Object)'> (0x00000000884eece0) 
thrown [t:\workspace\open\src\hotspot\share\interpreter\linkResolver.cpp, line 790]
Event: 16.569 Thread 0x000001c2fcf47d00 Exception <a 'java/lang/NoSuchMethodError'{0x0000000087fbf690}: 'void java.lang.invoke.DirectMethodHandle$Holder.invokeStatic(java.lang.Object, java.lang.Object, int)'> (0x0000000087fbf690) 
thrown [t:\workspace\open\src\hotspot\share\interpreter\linkResolver.cpp, line 790]
Event: 16.784 Thread 0x000001c2fcf47d00 Exception <a 'java/lang/NoSuchMethodError'{0x0000000087407ae0}: 'int java.lang.invoke.DirectMethodHandle$Holder.invokeSpecialIFC(java.lang.Object, java.lang.Object, java.lang.Object)'> (0x0000000087407ae0) 
thrown [t:\workspace\open\src\hotspot\share\interpreter\linkResolver.cpp, line 790]

Events (20 events):
Event: 17.920 loading class java/nio/charset/UnsupportedCharsetException
Event: 17.920 loading class java/nio/charset/UnsupportedCharsetException done
Event: 17.934 Executing  VM operation: G1TryInitiateConcMark
Event: 17.952 Executing  VM operation: G1TryInitiateConcMark done
Event: 17.993 loading class sun/nio/ch/IOVecWrapper
Event: 17.993 loading class sun/nio/ch/IOVecWrapper done
Event: 17.993 loading class sun/nio/ch/IOVecWrapper$Deallocator
Event: 17.993 loading class sun/nio/ch/IOVecWrapper$Deallocator done
Event: 18.053 Executing  VM operation: G1Concurrent
Event: 18.059 Executing  VM operation: G1Concurrent done
Event: 18.113 Executing  VM operation: G1Concurrent
Event: 18.113 Executing  VM operation: G1Concurrent done
Event: 19.268 Thread 0x000001c2fcabe880 Thread exited: 0x000001c2fcabe880
Event: 19.470 loading class java/util/concurrent/ConcurrentLinkedDeque
Event: 19.471 loading class java/util/concurrent/ConcurrentLinkedDeque done
Event: 19.471 loading class java/util/concurrent/ConcurrentLinkedDeque$Node
Event: 19.471 loading class java/util/concurrent/ConcurrentLinkedDeque$Node done
Event: 19.541 loading class java/util/DualPivotQuicksort
Event: 19.542 loading class java/util/DualPivotQuicksort done
Event: 19.585 Thread 0x000001c2fcabe880 Thread added: 0x000001c2fcabe880


Dynamic libraries:
0x00007ff669d90000 - 0x00007ff669da0000 	C:\Program Files\Java\jdk-16.0.2\bin\java.exe
0x00007ff98acd0000 - 0x00007ff98aec8000 	C:\WINDOWS\SYSTEM32\ntdll.dll
0x00007ff988d30000 - 0x00007ff988ded000 	C:\WINDOWS\System32\KERNEL32.DLL
0x00007ff9885f0000 - 0x00007ff9888be000 	C:\WINDOWS\System32\KERNELBASE.dll
0x00007ff988c30000 - 0x00007ff988d30000 	C:\WINDOWS\System32\ucrtbase.dll
0x00007ff9774c0000 - 0x00007ff9774d8000 	C:\Program Files\Java\jdk-16.0.2\bin\jli.dll
0x00007ff98a0c0000 - 0x00007ff98a16e000 	C:\WINDOWS\System32\ADVAPI32.dll
0x00007ff98a010000 - 0x00007ff98a0ae000 	C:\WINDOWS\System32\msvcrt.dll
0x00007ff989300000 - 0x00007ff98939c000 	C:\WINDOWS\System32\sechost.dll
0x00007ff989c40000 - 0x00007ff989d65000 	C:\WINDOWS\System32\RPCRT4.dll
0x00007ff989080000 - 0x00007ff989220000 	C:\WINDOWS\System32\USER32.dll
0x00007ff9888c0000 - 0x00007ff9888e2000 	C:\WINDOWS\System32\win32u.dll
0x00007ff98a8f0000 - 0x00007ff98a91a000 	C:\WINDOWS\System32\GDI32.dll
0x00007ff988b20000 - 0x00007ff988c2b000 	C:\WINDOWS\System32\gdi32full.dll
0x00007ff9888f0000 - 0x00007ff98898d000 	C:\WINDOWS\System32\msvcp_win.dll
0x00007ff983030000 - 0x00007ff983049000 	C:\Program Files\Java\jdk-16.0.2\bin\VCRUNTIME140.dll
0x00007ff97c3b0000 - 0x00007ff97c64a000 	C:\WINDOWS\WinSxS\amd64_microsoft.windows.common-controls_6595b64144ccf1df_6.0.19041.1110_none_60b5254171f9507e\COMCTL32.dll
0x00007ff97d450000 - 0x00007ff97d45a000 	C:\WINDOWS\SYSTEM32\VERSION.dll
0x00007ff98a170000 - 0x00007ff98a1a0000 	C:\WINDOWS\System32\IMM32.DLL
0x00007ff982f40000 - 0x00007ff982f4c000 	C:\Program Files\Java\jdk-16.0.2\bin\vcruntime140_1.dll
0x00007ff977420000 - 0x00007ff9774b1000 	C:\Program Files\Java\jdk-16.0.2\bin\msvcp140.dll
0x00007ff90dcd0000 - 0x00007ff90e87b000 	C:\Program Files\Java\jdk-16.0.2\bin\server\jvm.dll
0x00007ff98ac80000 - 0x00007ff98ac88000 	C:\WINDOWS\System32\PSAPI.DLL
0x00007ff979430000 - 0x00007ff979439000 	C:\WINDOWS\SYSTEM32\WSOCK32.dll
0x00007ff9893a0000 - 0x00007ff98940b000 	C:\WINDOWS\System32\WS2_32.dll
0x00007ff97a360000 - 0x00007ff97a387000 	C:\WINDOWS\SYSTEM32\WINMM.dll
0x00007ff986c80000 - 0x00007ff986c92000 	C:\WINDOWS\SYSTEM32\kernel.appcore.dll
0x00007ff978660000 - 0x00007ff97866a000 	C:\Program Files\Java\jdk-16.0.2\bin\jimage.dll
0x00007ff97aa90000 - 0x00007ff97ac74000 	C:\WINDOWS\SYSTEM32\DBGHELP.DLL
0x00007ff97aa30000 - 0x00007ff97aa5c000 	C:\WINDOWS\SYSTEM32\dbgcore.DLL
0x00007ff988a90000 - 0x00007ff988b12000 	C:\WINDOWS\System32\bcryptPrimitives.dll
0x00007ff983e00000 - 0x00007ff983e0e000 	C:\Program Files\Java\jdk-16.0.2\bin\instrument.dll
0x00007ff9773f0000 - 0x00007ff977415000 	C:\Program Files\Java\jdk-16.0.2\bin\java.dll
0x00007ff98a1a0000 - 0x00007ff98a8e3000 	C:\WINDOWS\System32\SHELL32.dll
0x00007ff9863e0000 - 0x00007ff986b75000 	C:\WINDOWS\SYSTEM32\windows.storage.dll
0x00007ff9898e0000 - 0x00007ff989c34000 	C:\WINDOWS\System32\combase.dll
0x00007ff987d00000 - 0x00007ff987d30000 	C:\WINDOWS\SYSTEM32\Wldp.dll
0x00007ff98abd0000 - 0x00007ff98ac7d000 	C:\WINDOWS\System32\SHCORE.dll
0x00007ff988ef0000 - 0x00007ff988f45000 	C:\WINDOWS\System32\shlwapi.dll
0x00007ff988330000 - 0x00007ff98834f000 	C:\WINDOWS\SYSTEM32\profapi.dll
0x00007ff977390000 - 0x00007ff9773a8000 	C:\Program Files\Java\jdk-16.0.2\bin\zip.dll
0x00007ff9773d0000 - 0x00007ff9773e9000 	C:\Program Files\Java\jdk-16.0.2\bin\net.dll
0x00007ff97db20000 - 0x00007ff97dc2a000 	C:\WINDOWS\SYSTEM32\WINHTTP.dll
0x00007ff987a80000 - 0x00007ff987aea000 	C:\WINDOWS\system32\mswsock.dll
0x00007ff9773b0000 - 0x00007ff9773c3000 	C:\Program Files\Java\jdk-16.0.2\bin\nio.dll
0x00007ff97c360000 - 0x00007ff97c37a000 	C:\Program Files\JetBrains\IntelliJ IDEA Community Edition 2021.2\bin\breakgen64.dll
0x00007ff970f40000 - 0x00007ff970f50000 	C:\Program Files\Java\jdk-16.0.2\bin\verify.dll
0x00007ff9880d0000 - 0x00007ff9880e8000 	C:\WINDOWS\SYSTEM32\CRYPTSP.dll
0x00007ff987420000 - 0x00007ff987454000 	C:\WINDOWS\system32\rsaenh.dll
0x00007ff9883f0000 - 0x00007ff988417000 	C:\WINDOWS\System32\bcrypt.dll
0x00007ff9882f0000 - 0x00007ff98831e000 	C:\WINDOWS\SYSTEM32\USERENV.dll
0x00007ff987c10000 - 0x00007ff987c1c000 	C:\WINDOWS\SYSTEM32\CRYPTBASE.dll
0x00007ff987790000 - 0x00007ff9877cb000 	C:\WINDOWS\SYSTEM32\IPHLPAPI.DLL
0x00007ff98a0b0000 - 0x00007ff98a0b8000 	C:\WINDOWS\System32\NSI.dll
0x00007ff980190000 - 0x00007ff9801a7000 	C:\WINDOWS\SYSTEM32\dhcpcsvc6.DLL
0x00007ff97f220000 - 0x00007ff97f23d000 	C:\WINDOWS\SYSTEM32\dhcpcsvc.DLL
0x00007ff9877d0000 - 0x00007ff98789a000 	C:\WINDOWS\SYSTEM32\DNSAPI.dll
0x00007ff97b560000 - 0x00007ff97b577000 	C:\WINDOWS\system32\napinsp.dll
0x00007ff97b540000 - 0x00007ff97b55b000 	C:\WINDOWS\system32\pnrpnsp.dll
0x00007ff983280000 - 0x00007ff983295000 	C:\WINDOWS\system32\wshbth.dll
0x00007ff983cb0000 - 0x00007ff983ccd000 	C:\WINDOWS\system32\NLAapi.dll
0x00007ff97b520000 - 0x00007ff97b532000 	C:\WINDOWS\System32\winrnr.dll
0x00007ff980320000 - 0x00007ff98032a000 	C:\Windows\System32\rasadhlp.dll
0x00007ff97d5c0000 - 0x00007ff97d640000 	C:\WINDOWS\System32\fwpuclnt.dll
0x00007ff970f30000 - 0x00007ff970f39000 	C:\Program Files\Java\jdk-16.0.2\bin\management.dll
0x00007ff970f20000 - 0x00007ff970f2b000 	C:\Program Files\Java\jdk-16.0.2\bin\management_ext.dll
0x00007ff970f10000 - 0x00007ff970f1e000 	C:\Program Files\Java\jdk-16.0.2\bin\sunmscapi.dll
0x00007ff988420000 - 0x00007ff988576000 	C:\WINDOWS\System32\CRYPT32.dll
0x00007ff987d70000 - 0x00007ff987d97000 	C:\WINDOWS\SYSTEM32\ncrypt.dll
0x00007ff987d30000 - 0x00007ff987d6b000 	C:\WINDOWS\SYSTEM32\NTASN1.dll
0x00007ff970f00000 - 0x00007ff970f07000 	C:\WINDOWS\system32\wshunix.dll

dbghelp: loaded successfully - version: 4.0.5 - missing functions: none
symbol engine: initialized successfully - sym options: 0x614 - pdb path: .;C:\Program Files\Java\jdk-16.0.2\bin;C:\WINDOWS\SYSTEM32;C:\WINDOWS\WinSxS\amd64_microsoft.windows.common-controls_6595b64144ccf1df_6.0.19041.1110_none_60b5254171f9507e;C:\Program Files\Java\jdk-16.0.2\bin\server;C:\Program Files\JetBrains\IntelliJ IDEA Community Edition 2021.2\bin

VM Arguments:
jvm_args: -ea -javaagent:C:\Users\user\.m2\repository/org/aspectj/aspectjweaver/1.9.4/aspectjweaver-1.9.4.jar -Didea.test.cyclic.buffer.size=1048576 -javaagent:C:\Program Files\JetBrains\IntelliJ IDEA Community Edition 2021.2\lib\idea_rt.jar=56503:C:\Program Files\JetBrains\IntelliJ IDEA Community Edition 2021.2\bin -Dfile.encoding=UTF-8 
java_command: com.intellij.rt.junit.JUnitStarter -ideVersion5 -junit5 @w@C:\Users\user\AppData\Local\Temp\idea_working_dirs_junit.tmp @C:\Users\user\AppData\Local\Temp\idea_junit.tmp
java_class_path (initial): C:\Program Files\JetBrains\IntelliJ IDEA Community Edition 2021.2\lib\idea_rt.jar;C:\Users\user\.m2\repository\org\junit\vintage\junit-vintage-engine\5.9.0\junit-vintage-engine-5.9.0.jar;C:\Program Files\JetBrains\IntelliJ IDEA Community Edition 2021.2\plugins\junit\lib\junit5-rt.jar;C:\Program Files\JetBrains\IntelliJ IDEA Community Edition 2021.2\plugins\junit\lib\junit-rt.jar;C:\Users\user\IdeaProjects\work_test_automation\target\test-classes;C:\Users\user\IdeaProjects\work_test_automation\target\classes;C:\Users\user\.m2\repository\org\seleniumhq\selenium\selenium-java\4.4.0\selenium-java-4.4.0.jar;C:\Users\user\.m2\repository\org\seleniumhq\selenium\selenium-chrome-driver\4.4.0\selenium-chrome-driver-4.4.0.jar;C:\Users\user\.m2\repository\org\seleniumhq\selenium\selenium-chromium-driver\4.4.0\selenium-chromium-driver-4.4.0.jar;C:\Users\user\.m2\repository\org\seleniumhq\selenium\selenium-devtools-v102\4.4.0\selenium-devtools-v102-4.4.0.jar;C:\Users\user\.m2\repository\org\seleniumhq\selenium\selenium-devtools-v103\4.4.0\selenium-devtools-v103-4.4.0.jar;C:\Users\user\.m2\repository\org\seleniumhq\selenium\selenium-devtools-v104\4.4.0\selenium-devtools-v104-4.4.0.jar;C:\Users\user\.m2\repository\org\seleniumhq\selenium\selenium-devtools-v85\4.4.0\selenium-devtools-v85-4.4.0.jar;C:\Users\user\.m2\repository\org\seleniumhq\selenium\selenium-edge-driver\4.4.0\selenium-edge-driver-4.4.0.jar;C:\Users\user\.m2\repository\org\seleniumhq\selenium\selenium-firefox-driver\4.4.0\selenium-firefox-driver-4.4.0.jar;C:\Users\user\.m2\repository\org\seleniumhq\selenium\selenium-ie-driver\4.4.0\selenium-ie-driver-4.4.0.jar;C:\Users\user\.m2\repository\org\seleniumhq\selenium\selenium-opera-driver\4.4.0\selenium-opera-driver-4.4.0.jar;C:\Users\user\.m2\repository\org\seleniumhq\selenium\selenium-remote-driver\4.4.0\selenium-remote-driver-4.4.0.jar;C:\Users\user\.m2\repository\com\beust\jcommander\1.82\jcommander-1.82.jar;C:\Users\user\.m2\repository\io
Launcher Type: SUN_STANDARD

[Global flags]
     intx CICompilerCount                          = 3                                         {product} {ergonomic}
     uint ConcGCThreads                            = 1                                         {product} {ergonomic}
     uint G1ConcRefinementThreads                  = 4                                         {product} {ergonomic}
   size_t G1HeapRegionSize                         = 1048576                                   {product} {ergonomic}
    uintx GCDrainStackTargetSize                   = 64                                        {product} {ergonomic}
   size_t InitialHeapSize                          = 134217728                                 {product} {ergonomic}
   size_t MarkStackSize                            = 4194304                                   {product} {ergonomic}
   size_t MaxHeapSize                              = 2116026368                                {product} {ergonomic}
   size_t MaxNewSize                               = 1268776960                                {product} {ergonomic}
   size_t MinHeapDeltaBytes                        = 1048576                                   {product} {ergonomic}
   size_t MinHeapSize                              = 8388608                                   {product} {ergonomic}
    uintx NonNMethodCodeHeapSize                   = 5832780                                {pd product} {ergonomic}
    uintx NonProfiledCodeHeapSize                  = 122912730                              {pd product} {ergonomic}
    uintx ProfiledCodeHeapSize                     = 122912730                              {pd product} {ergonomic}
    uintx ReservedCodeCacheSize                    = 251658240                              {pd product} {ergonomic}
     bool SegmentedCodeCache                       = true                                      {product} {ergonomic}
   size_t SoftMaxHeapSize                          = 2116026368                             {manageable} {ergonomic}
     bool UseCompressedClassPointers               = true                           {product lp64_product} {ergonomic}
     bool UseCompressedOops                        = true                           {product lp64_product} {ergonomic}
     bool UseG1GC                                  = true                                      {product} {ergonomic}
     bool UseLargePagesIndividualAllocation        = false                                  {pd product} {ergonomic}

Logging:
Log output configuration:
 #0: stdout all=warning uptime,level,tags
 #1: stderr all=off uptime,level,tags

Environment Variables:
JAVA_HOME=C:\Program Files\Java\jdk-16.0.2
PATH=C:\Program Files\Common Files\Oracle\Java\javapath;C:\Python39\Scripts\;C:\Python39\;C:\WINDOWS\system32;C:\WINDOWS;C:\WINDOWS\System32\Wbem;C:\WINDOWS\System32\WindowsPowerShell\v1.0\;C:\WINDOWS\System32\OpenSSH\;C:\Program Files\SafeNet\Authentication\SAC\x64;C:\Program Files\SafeNet\Authentication\SAC\x32;C:\Program Files\nodejs\;C:\ProgramData\chocolatey\bin;C:\Program Files\Git\cmd;C:\seleniumWebdrivers;C:\Program Files\Docker\Docker\resources\bin;C:\ProgramData\DockerDesktop\version-bin;C:\Program Files\Java\jdk-16.0.2\bin;C:\Users\user\IdeaProjects\work_test_automation\apache-maven-3.8.6\bin;C:\Program Files\PuTTY\;C:\Users\user\scoop\shims;C:\Users\user\AppData\Local\Microsoft\WindowsApps;C:\Users\user\AppData\Local\Programs\Microsoft VS Code\bin;C:\Users\user\AppData\Roaming\npm;C:\seleniumWebdrivers;C:\Program Files\JetBrains\IntelliJ IDEA Community Edition 2021.2\bin;;C:\Users\user\AppData\Local\GitHubDesktop\bin;C:\Users\user\AppData\Local\Programs\EmEditor;C:\Program Files\TestProject Agent
USERNAME=user
OS=Windows_NT
PROCESSOR_IDENTIFIER=Intel64 Family 6 Model 60 Stepping 3, GenuineIntel



---------------  S Y S T E M  ---------------

OS:
 Windows 10 , 64 bit Build 19041 (10.0.19041.1889)
OS uptime: 1 days 1:56 hours
Hyper-V role detected

CPU: total 4 (initial active 4) (2 cores per cpu, 2 threads per core) family 6 model 60 stepping 3 microcode 0x27, cx8, cmov, fxsr, ht, mmx, sse, sse2, sse3, ssse3, sse4.1, sse4.2, popcnt, lzcnt, tsc, tscinvbit, avx, avx2, aes, erms, clmul, bmi1, bmi2, fma, vzeroupper, clflush, hv

Memory: 4k page, system-wide physical 8064M (448M free)
TotalPageFile size 23222M (AvailPageFile size 0M)
current process WorkingSet (physical memory assigned to process): 247M, peak: 277M
current process commit charge ("private bytes"): 284M, peak: 310M

vm_info: Java HotSpot(TM) 64-Bit Server VM (16.0.2+7-67) for windows-amd64 JRE (16.0.2+7-67), built on Jun  8 2021 23:24:19 by "mach5one" with MS VC++ 16.7 (VS2019)

END.
